[2019-06-13 14:22:41] UTN FRA LOGGER.INFO: ::1 [] {"uid":"ecfba35"}
[2019-06-13 14:23:14] UTN FRA LOGGER.INFO: ip :::1 [] {"uid":"f1af206"}
[2019-06-13 14:31:21] UTN FRA LOGGER.INFO: info  =Mozilla/5.0 (X11; Linux x86_64) AppleWebKit/537.36 (KHTML, like Gecko) Chrome/73.0.3683.86 Safari/537.36 [] {"uid":"2676799"}
[2019-06-13 14:31:21] UTN FRA LOGGER.INFO: ip =::1 [] {"uid":"2676799"}
[2019-06-13 14:33:01] UTN FRA LOGGER.INFO: info  =PostmanRuntime/7.1.1 [] {"uid":"1c0e970"}
[2019-06-13 14:33:01] UTN FRA LOGGER.INFO: ip =::1 [] {"uid":"1c0e970"}
[2019-06-13 14:33:04] UTN FRA LOGGER.INFO: info  =PostmanRuntime/7.1.1 [] {"uid":"e0a490b"}
[2019-06-13 14:33:04] UTN FRA LOGGER.INFO: ip =::1 [] {"uid":"e0a490b"}
[2019-06-13 14:33:08] UTN FRA LOGGER.INFO: info  =PostmanRuntime/7.1.1 [] {"uid":"5792b8b"}
[2019-06-13 14:33:08] UTN FRA LOGGER.INFO: ip =::1 [] {"uid":"5792b8b"}
[2019-06-13 14:33:14] UTN FRA LOGGER.INFO: info  =PostmanRuntime/7.1.1 [] {"uid":"c3f3041"}
[2019-06-13 14:33:14] UTN FRA LOGGER.INFO: ip =::1 [] {"uid":"c3f3041"}
[2019-06-13 14:41:27] UTN FRA LOGGER.INFO: info  =Mozilla/5.0 (X11; Linux x86_64; rv:60.0) Gecko/20100101 Firefox/60.0 [] {"uid":"d971c69"}
[2019-06-13 14:41:27] UTN FRA LOGGER.INFO: ip =127.0.0.1 [] {"uid":"d971c69"}
[2019-06-13 14:46:20] UTN FRA LOGGER.INFO: info  =Mozilla/5.0 (X11; Linux x86_64; rv:60.0) Gecko/20100101 Firefox/60.0 [] {"uid":"01737b9"}
[2019-06-13 14:46:20] UTN FRA LOGGER.INFO: ip =127.0.0.1 [] {"uid":"01737b9"}
[2019-06-13 14:48:37] UTN FRA LOGGER.INFO: info  =Mozilla/5.0 (X11; Linux x86_64) AppleWebKit/537.36 (KHTML, like Gecko) Chrome/50.0.2661.76 YaBrowser/16.6.0.6383 (beta) Safari/537.36 [] {"uid":"5d9f7e5"}
[2019-06-13 14:48:37] UTN FRA LOGGER.INFO: ip =::1 [] {"uid":"5d9f7e5"}
[2019-06-13 14:48:52] UTN FRA LOGGER.INFO: info  =Mozilla/5.0 (X11; Linux x86_64) AppleWebKit/537.36 (KHTML, like Gecko) Chrome/50.0.2661.76 YaBrowser/16.6.0.6383 (beta) Safari/537.36 [] {"uid":"f6cdba9"}
[2019-06-13 14:48:52] UTN FRA LOGGER.INFO: ip =::1 [] {"uid":"f6cdba9"}
[2019-06-13 14:48:59] UTN FRA LOGGER.INFO: info  =Mozilla/5.0 (X11; Linux x86_64) AppleWebKit/537.36 (KHTML, like Gecko) Chrome/50.0.2661.76 YaBrowser/16.6.0.6383 (beta) Safari/537.36 [] {"uid":"7fb9fe5"}
[2019-06-13 14:48:59] UTN FRA LOGGER.INFO: ip =::1 [] {"uid":"7fb9fe5"}
[2019-06-13 14:50:12] UTN FRA LOGGER.INFO: info  =Mozilla/5.0 (X11; Linux x86_64) AppleWebKit/537.36 (KHTML, like Gecko) Chrome/71.0.3578.98 Safari/537.36 OPR/58.0.3135.107 [] {"uid":"05adba9"}
[2019-06-13 14:50:13] UTN FRA LOGGER.INFO: ip =::1 [] {"uid":"05adba9"}
[2019-06-13 14:51:49] UTN FRA LOGGER.INFO: info  =Mozilla/5.0 (X11; Linux x86_64) AppleWebKit/537.36 (KHTML, like Gecko) Chrome/73.0.3683.86 Safari/537.36 [] {"uid":"4869fa1"}
[2019-06-13 14:51:49] UTN FRA LOGGER.INFO: ip =::1 [] {"uid":"4869fa1"}
[2019-06-13 14:52:04] UTN FRA LOGGER.INFO: info  =PostmanRuntime/7.1.1 [] {"uid":"955f892"}
[2019-06-13 14:52:04] UTN FRA LOGGER.INFO: ip =::1 [] {"uid":"955f892"}
[2019-06-13 14:52:24] UTN FRA LOGGER.INFO: Datos  =PostmanRuntime/7.1.1 [] {"uid":"3d3557f"}
[2019-06-13 14:52:24] UTN FRA LOGGER.INFO: ip =::1 [] {"uid":"3d3557f"}
[2019-06-13 14:52:34] UTN FRA LOGGER.INFO: Datos  =Mozilla/5.0 (X11; Linux x86_64) AppleWebKit/537.36 (KHTML, like Gecko) Chrome/71.0.3578.98 Safari/537.36 OPR/58.0.3135.107 [] {"uid":"521a87e"}
[2019-06-13 14:52:34] UTN FRA LOGGER.INFO: ip =::1 [] {"uid":"521a87e"}
[2019-06-13 14:54:41] UTN FRA LOGGER.INFO: Datos  =Mozilla/5.0 (X11; Linux x86_64) AppleWebKit/537.36 (KHTML, like Gecko) Chrome/73.0.3683.86 Safari/537.36 [] {"uid":"15b9fd3"}
[2019-06-13 14:54:41] UTN FRA LOGGER.INFO: ip =::1 [] {"uid":"15b9fd3"}
[2019-06-13 15:40:36] UTN FRA LOGGER.INFO: Datos  =Mozilla/5.0 (X11; Linux x86_64) AppleWebKit/537.36 (KHTML, like Gecko) Chrome/73.0.3683.86 Safari/537.36 [] {"uid":"bbb9226"}
[2019-06-13 15:40:36] UTN FRA LOGGER.INFO: ip =::1 [] {"uid":"bbb9226"}
[2019-06-13 15:40:42] UTN FRA LOGGER.INFO: Datos  =Mozilla/5.0 (X11; Linux x86_64) AppleWebKit/537.36 (KHTML, like Gecko) Chrome/73.0.3683.86 Safari/537.36 [] {"uid":"d5105f7"}
[2019-06-13 15:40:42] UTN FRA LOGGER.INFO: ip =::1 [] {"uid":"d5105f7"}
[2019-06-13 15:41:29] UTN FRA LOGGER.INFO: Datos  =Mozilla/5.0 (X11; Linux x86_64) AppleWebKit/537.36 (KHTML, like Gecko) Chrome/73.0.3683.86 Safari/537.36 [] {"uid":"e12c6d8"}
[2019-06-13 15:41:29] UTN FRA LOGGER.INFO: ip =::1 [] {"uid":"e12c6d8"}
[2019-06-13 15:42:30] UTN FRA LOGGER.INFO: Datos  =Mozilla/5.0 (X11; Linux x86_64) AppleWebKit/537.36 (KHTML, like Gecko) Chrome/73.0.3683.86 Safari/537.36 [] {"uid":"36ef6fa"}
[2019-06-13 15:42:30] UTN FRA LOGGER.INFO: ip =::1 [] {"uid":"36ef6fa"}
[2019-06-13 15:45:52] UTN FRA LOGGER.INFO: Datos  =Mozilla/5.0 (X11; Linux x86_64) AppleWebKit/537.36 (KHTML, like Gecko) Chrome/73.0.3683.86 Safari/537.36 [] {"uid":"452e00c"}
[2019-06-13 15:45:52] UTN FRA LOGGER.INFO: ip =::1 [] {"uid":"452e00c"}
[2019-06-13 15:46:48] UTN FRA LOGGER.INFO: Datos  =Mozilla/5.0 (X11; Linux x86_64) AppleWebKit/537.36 (KHTML, like Gecko) Chrome/73.0.3683.86 Safari/537.36 [] {"uid":"accaf17"}
[2019-06-13 15:46:48] UTN FRA LOGGER.INFO: ip =::1 [] {"uid":"accaf17"}
[2019-06-13 15:46:49] UTN FRA LOGGER.INFO: Datos  =Mozilla/5.0 (X11; Linux x86_64) AppleWebKit/537.36 (KHTML, like Gecko) Chrome/73.0.3683.86 Safari/537.36 [] {"uid":"2977b9f"}
[2019-06-13 15:46:49] UTN FRA LOGGER.INFO: ip =::1 [] {"uid":"2977b9f"}
[2019-06-13 15:46:50] UTN FRA LOGGER.INFO: Datos  =Mozilla/5.0 (X11; Linux x86_64) AppleWebKit/537.36 (KHTML, like Gecko) Chrome/73.0.3683.86 Safari/537.36 [] {"uid":"5b1fbcd"}
[2019-06-13 15:46:50] UTN FRA LOGGER.INFO: ip =::1 [] {"uid":"5b1fbcd"}
[2019-06-13 15:47:05] UTN FRA LOGGER.INFO: Datos  =Mozilla/5.0 (X11; Linux x86_64) AppleWebKit/537.36 (KHTML, like Gecko) Chrome/73.0.3683.86 Safari/537.36 [] {"uid":"618e906"}
[2019-06-13 15:47:05] UTN FRA LOGGER.INFO: ip =::1 [] {"uid":"618e906"}
[2019-06-13 15:47:10] UTN FRA LOGGER.INFO: Datos  =Mozilla/5.0 (X11; Linux x86_64) AppleWebKit/537.36 (KHTML, like Gecko) Chrome/73.0.3683.86 Safari/537.36 [] {"uid":"e6f850c"}
[2019-06-13 15:47:10] UTN FRA LOGGER.INFO: ip =::1 [] {"uid":"e6f850c"}
[2019-06-13 15:47:16] UTN FRA LOGGER.INFO: Datos  =Mozilla/5.0 (X11; Linux x86_64) AppleWebKit/537.36 (KHTML, like Gecko) Chrome/73.0.3683.86 Safari/537.36 [] {"uid":"6080469"}
[2019-06-13 15:47:16] UTN FRA LOGGER.INFO: ip =::1 [] {"uid":"6080469"}
[2019-06-13 15:47:52] UTN FRA LOGGER.INFO: Datos  =Mozilla/5.0 (X11; Linux x86_64) AppleWebKit/537.36 (KHTML, like Gecko) Chrome/73.0.3683.86 Safari/537.36 [] {"uid":"be829a8"}
[2019-06-13 15:47:52] UTN FRA LOGGER.INFO: ip =::1 [] {"uid":"be829a8"}
[2019-06-13 15:47:55] UTN FRA LOGGER.INFO: Datos  =Mozilla/5.0 (X11; Linux x86_64) AppleWebKit/537.36 (KHTML, like Gecko) Chrome/73.0.3683.86 Safari/537.36 [] {"uid":"8f497ca"}
[2019-06-13 15:47:55] UTN FRA LOGGER.INFO: ip =::1 [] {"uid":"8f497ca"}
[2019-06-13 15:48:12] UTN FRA LOGGER.INFO: Datos  =Mozilla/5.0 (X11; Linux x86_64) AppleWebKit/537.36 (KHTML, like Gecko) Chrome/73.0.3683.86 Safari/537.36 [] {"uid":"9e48c5a"}
[2019-06-13 15:48:12] UTN FRA LOGGER.INFO: ip =::1 [] {"uid":"9e48c5a"}
[2019-06-13 15:48:15] UTN FRA LOGGER.INFO: Datos  =Mozilla/5.0 (X11; Linux x86_64) AppleWebKit/537.36 (KHTML, like Gecko) Chrome/73.0.3683.86 Safari/537.36 [] {"uid":"b916695"}
[2019-06-13 15:48:15] UTN FRA LOGGER.INFO: ip =::1 [] {"uid":"b916695"}
[2019-06-13 15:50:55] UTN FRA LOGGER.INFO: Datos  =Mozilla/5.0 (X11; Linux x86_64) AppleWebKit/537.36 (KHTML, like Gecko) Chrome/73.0.3683.86 Safari/537.36 [] {"uid":"1dd5fc6"}
[2019-06-13 15:50:55] UTN FRA LOGGER.INFO: ip =::1 [] {"uid":"1dd5fc6"}
[2019-06-13 15:51:28] UTN FRA LOGGER.INFO: Datos  =Mozilla/5.0 (X11; Linux x86_64) AppleWebKit/537.36 (KHTML, like Gecko) Chrome/73.0.3683.86 Safari/537.36 [] {"uid":"458c08c"}
[2019-06-13 15:51:28] UTN FRA LOGGER.INFO: ip =::1 [] {"uid":"458c08c"}
[2019-06-13 15:51:33] UTN FRA LOGGER.INFO: Datos  =Mozilla/5.0 (X11; Linux x86_64) AppleWebKit/537.36 (KHTML, like Gecko) Chrome/73.0.3683.86 Safari/537.36 [] {"uid":"c57b200"}
[2019-06-13 15:51:33] UTN FRA LOGGER.INFO: ip =::1 [] {"uid":"c57b200"}
[2019-06-13 15:53:23] UTN FRA LOGGER.INFO: Datos  =Mozilla/5.0 (X11; Linux x86_64) AppleWebKit/537.36 (KHTML, like Gecko) Chrome/73.0.3683.86 Safari/537.36 [] {"uid":"903207f"}
[2019-06-13 15:53:23] UTN FRA LOGGER.INFO: ip =::1 [] {"uid":"903207f"}
[2019-06-13 15:53:26] UTN FRA LOGGER.INFO: Datos  =Mozilla/5.0 (X11; Linux x86_64) AppleWebKit/537.36 (KHTML, like Gecko) Chrome/73.0.3683.86 Safari/537.36 [] {"uid":"3a71660"}
[2019-06-13 15:53:26] UTN FRA LOGGER.INFO: ip =::1 [] {"uid":"3a71660"}
[2019-06-13 15:54:00] UTN FRA LOGGER.INFO: Datos  =Mozilla/5.0 (X11; Linux x86_64) AppleWebKit/537.36 (KHTML, like Gecko) Chrome/73.0.3683.86 Safari/537.36 [] {"uid":"b363313"}
[2019-06-13 15:54:00] UTN FRA LOGGER.INFO: ip =::1 [] {"uid":"b363313"}
[2019-06-13 15:54:01] UTN FRA LOGGER.INFO: Datos  =Mozilla/5.0 (X11; Linux x86_64) AppleWebKit/537.36 (KHTML, like Gecko) Chrome/73.0.3683.86 Safari/537.36 [] {"uid":"a1ab03e"}
[2019-06-13 15:54:01] UTN FRA LOGGER.INFO: ip =::1 [] {"uid":"a1ab03e"}
[2019-06-13 15:54:01] UTN FRA LOGGER.INFO: Datos  =Mozilla/5.0 (X11; Linux x86_64) AppleWebKit/537.36 (KHTML, like Gecko) Chrome/73.0.3683.86 Safari/537.36 [] {"uid":"74bb1fc"}
[2019-06-13 15:54:01] UTN FRA LOGGER.INFO: ip =::1 [] {"uid":"74bb1fc"}
[2019-06-13 15:54:01] UTN FRA LOGGER.INFO: Datos  =Mozilla/5.0 (X11; Linux x86_64) AppleWebKit/537.36 (KHTML, like Gecko) Chrome/73.0.3683.86 Safari/537.36 [] {"uid":"e07b9d7"}
[2019-06-13 15:54:01] UTN FRA LOGGER.INFO: ip =::1 [] {"uid":"e07b9d7"}
[2019-06-13 15:54:01] UTN FRA LOGGER.INFO: Datos  =Mozilla/5.0 (X11; Linux x86_64) AppleWebKit/537.36 (KHTML, like Gecko) Chrome/73.0.3683.86 Safari/537.36 [] {"uid":"b3e7a0b"}
[2019-06-13 15:54:01] UTN FRA LOGGER.INFO: ip =::1 [] {"uid":"b3e7a0b"}
[2019-06-13 15:54:02] UTN FRA LOGGER.INFO: Datos  =Mozilla/5.0 (X11; Linux x86_64) AppleWebKit/537.36 (KHTML, like Gecko) Chrome/73.0.3683.86 Safari/537.36 [] {"uid":"e6fa77e"}
[2019-06-13 15:54:02] UTN FRA LOGGER.INFO: ip =::1 [] {"uid":"e6fa77e"}
[2019-06-13 15:54:02] UTN FRA LOGGER.INFO: Datos  =Mozilla/5.0 (X11; Linux x86_64) AppleWebKit/537.36 (KHTML, like Gecko) Chrome/73.0.3683.86 Safari/537.36 [] {"uid":"262fbd8"}
[2019-06-13 15:54:02] UTN FRA LOGGER.INFO: ip =::1 [] {"uid":"262fbd8"}
[2019-06-13 15:54:29] UTN FRA LOGGER.INFO: Datos  =Mozilla/5.0 (X11; Linux x86_64) AppleWebKit/537.36 (KHTML, like Gecko) Chrome/73.0.3683.86 Safari/537.36 [] {"uid":"69026c5"}
[2019-06-13 15:54:29] UTN FRA LOGGER.INFO: ip =::1 [] {"uid":"69026c5"}
[2019-06-13 15:54:53] UTN FRA LOGGER.INFO: Datos  =Mozilla/5.0 (X11; Linux x86_64) AppleWebKit/537.36 (KHTML, like Gecko) Chrome/73.0.3683.86 Safari/537.36 [] {"uid":"7f80bac"}
[2019-06-13 15:54:53] UTN FRA LOGGER.INFO: ip =::1 [] {"uid":"7f80bac"}
[2019-06-13 16:14:20] UTN FRA LOGGER.INFO: Datos  =PostmanRuntime/7.1.1 [] {"uid":"f37f107"}
[2019-06-13 16:14:20] UTN FRA LOGGER.INFO: ip =::1 [] {"uid":"f37f107"}
[2019-06-13 16:14:25] UTN FRA LOGGER.INFO: Datos  =PostmanRuntime/7.1.1 [] {"uid":"f86c548"}
[2019-06-13 16:14:25] UTN FRA LOGGER.INFO: ip =::1 [] {"uid":"f86c548"}
[2019-06-13 16:16:52] UTN FRA LOGGER.INFO: Datos  =PostmanRuntime/7.1.1 [] {"uid":"cfce916"}
[2019-06-13 16:16:52] UTN FRA LOGGER.INFO: ip =::1 [] {"uid":"cfce916"}
[2019-06-13 16:16:56] UTN FRA LOGGER.INFO: Datos  =PostmanRuntime/7.1.1 [] {"uid":"24b074c"}
[2019-06-13 16:16:56] UTN FRA LOGGER.INFO: ip =::1 [] {"uid":"24b074c"}
[2019-06-13 16:17:07] UTN FRA LOGGER.INFO: Datos  =PostmanRuntime/7.1.1 [] {"uid":"fecc8fc"}
[2019-06-13 16:17:07] UTN FRA LOGGER.INFO: ip =::1 [] {"uid":"fecc8fc"}
[2019-06-13 16:19:09] UTN FRA LOGGER.INFO: Datos  =Mozilla/5.0 (X11; Linux x86_64) AppleWebKit/537.36 (KHTML, like Gecko) Chrome/73.0.3683.86 Safari/537.36 [] {"uid":"e2193d4"}
[2019-06-13 16:19:09] UTN FRA LOGGER.INFO: ip =::1 [] {"uid":"e2193d4"}
[2019-06-13 16:19:58] UTN FRA LOGGER.INFO: Datos  =Mozilla/5.0 (X11; Linux x86_64) AppleWebKit/537.36 (KHTML, like Gecko) Chrome/73.0.3683.86 Safari/537.36 [] {"uid":"d83d781"}
[2019-06-13 16:19:58] UTN FRA LOGGER.INFO: ip =::1 [] {"uid":"d83d781"}
[2019-06-13 16:20:00] UTN FRA LOGGER.INFO: Datos  =Mozilla/5.0 (X11; Linux x86_64) AppleWebKit/537.36 (KHTML, like Gecko) Chrome/73.0.3683.86 Safari/537.36 [] {"uid":"89e32cc"}
[2019-06-13 16:20:00] UTN FRA LOGGER.INFO: ip =::1 [] {"uid":"89e32cc"}
[2019-06-13 16:20:32] UTN FRA LOGGER.INFO: Datos  =Mozilla/5.0 (X11; Linux x86_64) AppleWebKit/537.36 (KHTML, like Gecko) Chrome/73.0.3683.86 Safari/537.36 [] {"uid":"434586f"}
[2019-06-13 16:20:32] UTN FRA LOGGER.INFO: ip =::1 [] {"uid":"434586f"}
[2019-06-13 16:20:40] UTN FRA LOGGER.INFO: Datos  =PostmanRuntime/7.1.1 [] {"uid":"87cac8e"}
[2019-06-13 16:20:40] UTN FRA LOGGER.INFO: ip =::1 [] {"uid":"87cac8e"}
[2019-10-30 00:00:33] UTN FRA LOGGER.INFO: Datos  =Mozilla/5.0 (Windows NT 6.1; Win64; x64) AppleWebKit/537.36 (KHTML, like Gecko) Chrome/76.0.3809.132 Safari/537.36 [] {"uid":"6e533db"}
[2019-10-30 00:00:33] UTN FRA LOGGER.INFO: ip =127.0.0.1 [] {"uid":"6e533db"}
[2019-10-30 00:00:39] UTN FRA LOGGER.INFO: Datos  =Mozilla/5.0 (Windows NT 6.1; Win64; x64) AppleWebKit/537.36 (KHTML, like Gecko) Chrome/76.0.3809.132 Safari/537.36 [] {"uid":"7e676c6"}
[2019-10-30 00:00:39] UTN FRA LOGGER.INFO: ip =127.0.0.1 [] {"uid":"7e676c6"}
[2019-10-30 00:00:43] UTN FRA LOGGER.INFO: Datos  =Mozilla/5.0 (Windows NT 6.1; Win64; x64) AppleWebKit/537.36 (KHTML, like Gecko) Chrome/76.0.3809.132 Safari/537.36 [] {"uid":"745db06"}
[2019-10-30 00:00:43] UTN FRA LOGGER.INFO: ip =127.0.0.1 [] {"uid":"745db06"}
[2019-10-30 00:13:50] UTN FRA LOGGER.INFO: Datos  =Mozilla/5.0 (Windows NT 6.1; Win64; x64) AppleWebKit/537.36 (KHTML, like Gecko) Chrome/76.0.3809.132 Safari/537.36 [] {"uid":"9e96d7e"}
[2019-10-30 00:13:50] UTN FRA LOGGER.INFO: ip =127.0.0.1 [] {"uid":"9e96d7e"}
[2019-10-30 00:14:00] UTN FRA LOGGER.INFO: Datos  =Mozilla/5.0 (Windows NT 6.1; Win64; x64) AppleWebKit/537.36 (KHTML, like Gecko) Chrome/76.0.3809.132 Safari/537.36 [] {"uid":"1e9a56d"}
[2019-10-30 00:14:00] UTN FRA LOGGER.INFO: ip =127.0.0.1 [] {"uid":"1e9a56d"}
[2019-10-30 00:14:51] UTN FRA LOGGER.INFO: Datos  =Mozilla/5.0 (Windows NT 6.1; Win64; x64) AppleWebKit/537.36 (KHTML, like Gecko) Chrome/76.0.3809.132 Safari/537.36 [] {"uid":"45516c8"}
[2019-10-30 00:14:51] UTN FRA LOGGER.INFO: ip =127.0.0.1 [] {"uid":"45516c8"}
[2019-10-30 00:14:54] UTN FRA LOGGER.INFO: Datos  =Mozilla/5.0 (Windows NT 6.1; Win64; x64) AppleWebKit/537.36 (KHTML, like Gecko) Chrome/76.0.3809.132 Safari/537.36 [] {"uid":"d471ed7"}
[2019-10-30 00:14:54] UTN FRA LOGGER.INFO: ip =127.0.0.1 [] {"uid":"d471ed7"}
[2019-10-30 00:15:11] UTN FRA LOGGER.INFO: Datos  =Mozilla/5.0 (Windows NT 6.1; Win64; x64) AppleWebKit/537.36 (KHTML, like Gecko) Chrome/76.0.3809.132 Safari/537.36 [] {"uid":"4589cf9"}
[2019-10-30 00:15:11] UTN FRA LOGGER.INFO: ip =127.0.0.1 [] {"uid":"4589cf9"}
[2019-10-30 00:15:13] UTN FRA LOGGER.INFO: Datos  =Mozilla/5.0 (Windows NT 6.1; Win64; x64) AppleWebKit/537.36 (KHTML, like Gecko) Chrome/76.0.3809.132 Safari/537.36 [] {"uid":"ec9d565"}
[2019-10-30 00:15:13] UTN FRA LOGGER.INFO: ip =127.0.0.1 [] {"uid":"ec9d565"}
[2019-10-30 00:16:01] UTN FRA LOGGER.INFO: Datos  =Mozilla/5.0 (Windows NT 6.1; Win64; x64) AppleWebKit/537.36 (KHTML, like Gecko) Chrome/76.0.3809.132 Safari/537.36 [] {"uid":"6b8d817"}
[2019-10-30 00:16:01] UTN FRA LOGGER.INFO: ip =127.0.0.1 [] {"uid":"6b8d817"}
[2019-10-30 00:16:06] UTN FRA LOGGER.INFO: Datos  =Mozilla/5.0 (Windows NT 6.1; Win64; x64) AppleWebKit/537.36 (KHTML, like Gecko) Chrome/76.0.3809.132 Safari/537.36 [] {"uid":"9fcc05a"}
[2019-10-30 00:16:06] UTN FRA LOGGER.INFO: ip =127.0.0.1 [] {"uid":"9fcc05a"}
[2019-10-30 00:16:10] UTN FRA LOGGER.INFO: Datos  =Mozilla/5.0 (Windows NT 6.1; Win64; x64) AppleWebKit/537.36 (KHTML, like Gecko) Chrome/76.0.3809.132 Safari/537.36 [] {"uid":"dff83a6"}
[2019-10-30 00:16:10] UTN FRA LOGGER.INFO: ip =127.0.0.1 [] {"uid":"dff83a6"}
[2019-10-30 00:16:14] UTN FRA LOGGER.INFO: Datos  =Mozilla/5.0 (Windows NT 6.1; Win64; x64) AppleWebKit/537.36 (KHTML, like Gecko) Chrome/76.0.3809.132 Safari/537.36 [] {"uid":"52cdc7a"}
[2019-10-30 00:16:14] UTN FRA LOGGER.INFO: ip =127.0.0.1 [] {"uid":"52cdc7a"}
[2019-10-30 00:16:17] UTN FRA LOGGER.INFO: Datos  =Mozilla/5.0 (Windows NT 6.1; Win64; x64) AppleWebKit/537.36 (KHTML, like Gecko) Chrome/76.0.3809.132 Safari/537.36 [] {"uid":"cfdd9e2"}
[2019-10-30 00:16:17] UTN FRA LOGGER.INFO: ip =127.0.0.1 [] {"uid":"cfdd9e2"}
[2019-10-30 00:16:31] UTN FRA LOGGER.INFO: Datos  =Mozilla/5.0 (Windows NT 6.1; Win64; x64) AppleWebKit/537.36 (KHTML, like Gecko) Chrome/76.0.3809.132 Safari/537.36 [] {"uid":"e393a2e"}
[2019-10-30 00:16:31] UTN FRA LOGGER.INFO: ip =127.0.0.1 [] {"uid":"e393a2e"}
[2019-10-30 00:17:12] UTN FRA LOGGER.INFO: Datos  =Mozilla/5.0 (Windows NT 6.1; Win64; x64) AppleWebKit/537.36 (KHTML, like Gecko) Chrome/76.0.3809.132 Safari/537.36 [] {"uid":"e73af8b"}
[2019-10-30 00:17:12] UTN FRA LOGGER.INFO: ip =127.0.0.1 [] {"uid":"e73af8b"}
[2019-10-30 00:17:18] UTN FRA LOGGER.INFO: Datos  =Mozilla/5.0 (Windows NT 6.1; Win64; x64) AppleWebKit/537.36 (KHTML, like Gecko) Chrome/76.0.3809.132 Safari/537.36 [] {"uid":"52f0e01"}
[2019-10-30 00:17:18] UTN FRA LOGGER.INFO: ip =127.0.0.1 [] {"uid":"52f0e01"}
[2019-10-30 00:17:33] UTN FRA LOGGER.INFO: Datos  =Mozilla/5.0 (Windows NT 6.1; Win64; x64) AppleWebKit/537.36 (KHTML, like Gecko) Chrome/76.0.3809.132 Safari/537.36 [] {"uid":"855fd0e"}
[2019-10-30 00:17:33] UTN FRA LOGGER.INFO: ip =127.0.0.1 [] {"uid":"855fd0e"}
[2019-10-30 00:19:43] UTN FRA LOGGER.INFO: Datos  =Mozilla/5.0 (Windows NT 6.1; Win64; x64) AppleWebKit/537.36 (KHTML, like Gecko) Chrome/76.0.3809.132 Safari/537.36 [] {"uid":"8ff2e4f"}
[2019-10-30 00:19:43] UTN FRA LOGGER.INFO: ip =127.0.0.1 [] {"uid":"8ff2e4f"}
[2019-10-30 00:20:28] UTN FRA LOGGER.INFO: Datos  =Mozilla/5.0 (Windows NT 6.1; Win64; x64) AppleWebKit/537.36 (KHTML, like Gecko) Chrome/76.0.3809.132 Safari/537.36 [] {"uid":"33c5a60"}
[2019-10-30 00:20:28] UTN FRA LOGGER.INFO: ip =127.0.0.1 [] {"uid":"33c5a60"}
[2019-10-30 00:20:29] UTN FRA LOGGER.INFO: Datos  =Mozilla/5.0 (Windows NT 6.1; Win64; x64) AppleWebKit/537.36 (KHTML, like Gecko) Chrome/76.0.3809.132 Safari/537.36 [] {"uid":"921a366"}
[2019-10-30 00:20:29] UTN FRA LOGGER.INFO: ip =127.0.0.1 [] {"uid":"921a366"}
[2019-10-30 00:21:10] UTN FRA LOGGER.INFO: Datos  =Mozilla/5.0 (Windows NT 6.1; Win64; x64) AppleWebKit/537.36 (KHTML, like Gecko) Chrome/76.0.3809.132 Safari/537.36 [] {"uid":"af8788c"}
[2019-10-30 00:21:10] UTN FRA LOGGER.INFO: ip =127.0.0.1 [] {"uid":"af8788c"}
[2019-10-30 00:22:21] UTN FRA LOGGER.INFO: Datos  =Mozilla/5.0 (Windows NT 6.1; Win64; x64) AppleWebKit/537.36 (KHTML, like Gecko) Chrome/76.0.3809.132 Safari/537.36 [] {"uid":"4d68777"}
[2019-10-30 00:22:21] UTN FRA LOGGER.INFO: ip =127.0.0.1 [] {"uid":"4d68777"}
[2019-10-30 00:25:13] UTN FRA LOGGER.INFO: Datos  =Mozilla/5.0 (Windows NT 6.1; Win64; x64) AppleWebKit/537.36 (KHTML, like Gecko) Chrome/76.0.3809.132 Safari/537.36 [] {"uid":"782ef0a"}
[2019-10-30 00:25:13] UTN FRA LOGGER.INFO: ip =127.0.0.1 [] {"uid":"782ef0a"}
[2019-10-30 00:25:35] UTN FRA LOGGER.INFO: Datos  =Mozilla/5.0 (Windows NT 6.1; Win64; x64) AppleWebKit/537.36 (KHTML, like Gecko) Chrome/76.0.3809.132 Safari/537.36 [] {"uid":"63a3d32"}
[2019-10-30 00:25:35] UTN FRA LOGGER.INFO: ip =127.0.0.1 [] {"uid":"63a3d32"}
[2019-10-30 00:30:57] UTN FRA LOGGER.INFO: Datos  =Mozilla/5.0 (Windows NT 6.1; Win64; x64) AppleWebKit/537.36 (KHTML, like Gecko) Chrome/76.0.3809.132 Safari/537.36 [] {"uid":"27e7ceb"}
[2019-10-30 00:30:57] UTN FRA LOGGER.INFO: ip =127.0.0.1 [] {"uid":"27e7ceb"}
[2019-10-30 00:37:34] UTN FRA LOGGER.INFO: Datos  =Mozilla/5.0 (Windows NT 6.1; Win64; x64) AppleWebKit/537.36 (KHTML, like Gecko) Chrome/76.0.3809.132 Safari/537.36 [] {"uid":"58b19ee"}
[2019-10-30 00:37:34] UTN FRA LOGGER.INFO: ip =127.0.0.1 [] {"uid":"58b19ee"}
[2019-10-30 00:38:05] UTN FRA LOGGER.INFO: Datos  =Mozilla/5.0 (Windows NT 6.1; Win64; x64) AppleWebKit/537.36 (KHTML, like Gecko) Chrome/76.0.3809.132 Safari/537.36 [] {"uid":"3e630d9"}
[2019-10-30 00:38:05] UTN FRA LOGGER.INFO: ip =127.0.0.1 [] {"uid":"3e630d9"}
[2019-10-30 00:38:28] UTN FRA LOGGER.INFO: Datos  =Mozilla/5.0 (Windows NT 6.1; Win64; x64) AppleWebKit/537.36 (KHTML, like Gecko) Chrome/76.0.3809.132 Safari/537.36 [] {"uid":"52b95a9"}
[2019-10-30 00:38:28] UTN FRA LOGGER.INFO: ip =127.0.0.1 [] {"uid":"52b95a9"}
[2019-10-30 00:38:59] UTN FRA LOGGER.INFO: Datos  =Mozilla/5.0 (Windows NT 6.1; Win64; x64) AppleWebKit/537.36 (KHTML, like Gecko) Chrome/76.0.3809.132 Safari/537.36 [] {"uid":"e30fa08"}
[2019-10-30 00:38:59] UTN FRA LOGGER.INFO: ip =127.0.0.1 [] {"uid":"e30fa08"}
[2019-10-30 00:39:08] UTN FRA LOGGER.INFO: Datos  =Mozilla/5.0 (Windows NT 6.1; Win64; x64) AppleWebKit/537.36 (KHTML, like Gecko) Chrome/76.0.3809.132 Safari/537.36 [] {"uid":"c7e072c"}
[2019-10-30 00:39:08] UTN FRA LOGGER.INFO: ip =127.0.0.1 [] {"uid":"c7e072c"}
[2019-10-30 00:39:23] UTN FRA LOGGER.INFO: Datos  =Mozilla/5.0 (Windows NT 6.1; Win64; x64) AppleWebKit/537.36 (KHTML, like Gecko) Chrome/76.0.3809.132 Safari/537.36 [] {"uid":"f7ec559"}
[2019-10-30 00:39:23] UTN FRA LOGGER.INFO: ip =127.0.0.1 [] {"uid":"f7ec559"}
[2019-10-30 00:39:34] UTN FRA LOGGER.INFO: Datos  =Mozilla/5.0 (Windows NT 6.1; Win64; x64) AppleWebKit/537.36 (KHTML, like Gecko) Chrome/76.0.3809.132 Safari/537.36 [] {"uid":"cb883a5"}
[2019-10-30 00:39:34] UTN FRA LOGGER.INFO: ip =127.0.0.1 [] {"uid":"cb883a5"}
[2019-10-30 01:39:08] UTN FRA LOGGER.INFO: Datos  =Mozilla/5.0 (Windows NT 6.1; Win64; x64) AppleWebKit/537.36 (KHTML, like Gecko) Chrome/76.0.3809.132 Safari/537.36 [] {"uid":"02ad037"}
[2019-10-30 01:39:08] UTN FRA LOGGER.INFO: ip =127.0.0.1 [] {"uid":"02ad037"}
[2019-10-30 01:39:15] UTN FRA LOGGER.INFO: Datos  =Mozilla/5.0 (Windows NT 6.1; Win64; x64) AppleWebKit/537.36 (KHTML, like Gecko) Chrome/76.0.3809.132 Safari/537.36 [] {"uid":"c68348b"}
[2019-10-30 01:39:15] UTN FRA LOGGER.INFO: ip =127.0.0.1 [] {"uid":"c68348b"}
[2019-10-30 01:39:45] UTN FRA LOGGER.INFO: Datos  =Mozilla/5.0 (Windows NT 6.1; Win64; x64) AppleWebKit/537.36 (KHTML, like Gecko) Chrome/76.0.3809.132 Safari/537.36 [] {"uid":"8cd1502"}
[2019-10-30 01:39:45] UTN FRA LOGGER.INFO: ip =127.0.0.1 [] {"uid":"8cd1502"}
[2019-10-30 01:45:09] UTN FRA LOGGER.INFO: Datos  =Mozilla/5.0 (Windows NT 6.1; Win64; x64) AppleWebKit/537.36 (KHTML, like Gecko) Chrome/76.0.3809.132 Safari/537.36 [] {"uid":"c0c0228"}
[2019-10-30 01:45:09] UTN FRA LOGGER.INFO: ip =127.0.0.1 [] {"uid":"c0c0228"}
[2019-10-30 01:46:40] UTN FRA LOGGER.INFO: Datos  =Mozilla/5.0 (Windows NT 6.1; Win64; x64) AppleWebKit/537.36 (KHTML, like Gecko) Chrome/76.0.3809.132 Safari/537.36 [] {"uid":"549b464"}
[2019-10-30 01:46:40] UTN FRA LOGGER.INFO: ip =127.0.0.1 [] {"uid":"549b464"}
[2019-10-30 01:47:30] UTN FRA LOGGER.INFO: Datos  =Mozilla/5.0 (Windows NT 6.1; Win64; x64) AppleWebKit/537.36 (KHTML, like Gecko) Chrome/76.0.3809.132 Safari/537.36 [] {"uid":"a1e5422"}
[2019-10-30 01:47:30] UTN FRA LOGGER.INFO: ip =127.0.0.1 [] {"uid":"a1e5422"}
[2019-10-30 01:47:31] UTN FRA LOGGER.INFO: Datos  =Mozilla/5.0 (Windows NT 6.1; Win64; x64) AppleWebKit/537.36 (KHTML, like Gecko) Chrome/76.0.3809.132 Safari/537.36 [] {"uid":"f8ef637"}
[2019-10-30 01:47:31] UTN FRA LOGGER.INFO: ip =127.0.0.1 [] {"uid":"f8ef637"}
[2019-10-30 01:47:53] UTN FRA LOGGER.INFO: Datos  =Mozilla/5.0 (Windows NT 6.1; Win64; x64) AppleWebKit/537.36 (KHTML, like Gecko) Chrome/76.0.3809.132 Safari/537.36 [] {"uid":"aad3567"}
[2019-10-30 01:47:53] UTN FRA LOGGER.INFO: ip =127.0.0.1 [] {"uid":"aad3567"}
[2019-10-30 01:48:51] UTN FRA LOGGER.INFO: Datos  =Mozilla/5.0 (Windows NT 6.1; Win64; x64) AppleWebKit/537.36 (KHTML, like Gecko) Chrome/76.0.3809.132 Safari/537.36 [] {"uid":"1e65122"}
[2019-10-30 01:48:51] UTN FRA LOGGER.INFO: ip =127.0.0.1 [] {"uid":"1e65122"}
[2019-10-30 01:50:54] UTN FRA LOGGER.INFO: Datos  =Mozilla/5.0 (Windows NT 6.1; Win64; x64) AppleWebKit/537.36 (KHTML, like Gecko) Chrome/76.0.3809.132 Safari/537.36 [] {"uid":"c7e011e"}
[2019-10-30 01:50:54] UTN FRA LOGGER.INFO: ip =127.0.0.1 [] {"uid":"c7e011e"}
[2019-10-30 01:55:13] UTN FRA LOGGER.INFO: Datos  =Mozilla/5.0 (Windows NT 6.1; Win64; x64) AppleWebKit/537.36 (KHTML, like Gecko) Chrome/76.0.3809.132 Safari/537.36 [] {"uid":"1c224f1"}
[2019-10-30 01:55:13] UTN FRA LOGGER.INFO: ip =127.0.0.1 [] {"uid":"1c224f1"}
[2019-10-30 01:56:20] UTN FRA LOGGER.INFO: Datos  =Mozilla/5.0 (Windows NT 6.1; Win64; x64) AppleWebKit/537.36 (KHTML, like Gecko) Chrome/76.0.3809.132 Safari/537.36 [] {"uid":"371dc6d"}
[2019-10-30 01:56:20] UTN FRA LOGGER.INFO: ip =127.0.0.1 [] {"uid":"371dc6d"}
[2019-10-30 01:57:13] UTN FRA LOGGER.INFO: Datos  =Mozilla/5.0 (Windows NT 6.1; Win64; x64) AppleWebKit/537.36 (KHTML, like Gecko) Chrome/76.0.3809.132 Safari/537.36 [] {"uid":"a1fa064"}
[2019-10-30 01:57:13] UTN FRA LOGGER.INFO: ip =127.0.0.1 [] {"uid":"a1fa064"}
[2019-10-30 01:57:55] UTN FRA LOGGER.INFO: Datos  =Mozilla/5.0 (Windows NT 6.1; Win64; x64) AppleWebKit/537.36 (KHTML, like Gecko) Chrome/76.0.3809.132 Safari/537.36 [] {"uid":"085de8c"}
[2019-10-30 01:57:55] UTN FRA LOGGER.INFO: ip =127.0.0.1 [] {"uid":"085de8c"}
[2019-10-30 02:00:07] UTN FRA LOGGER.INFO: Datos  =Mozilla/5.0 (Windows NT 6.1; Win64; x64) AppleWebKit/537.36 (KHTML, like Gecko) Chrome/76.0.3809.132 Safari/537.36 [] {"uid":"08e3757"}
[2019-10-30 02:00:07] UTN FRA LOGGER.INFO: ip =127.0.0.1 [] {"uid":"08e3757"}
[2019-10-30 02:00:42] UTN FRA LOGGER.INFO: Datos  =Mozilla/5.0 (Windows NT 6.1; Win64; x64) AppleWebKit/537.36 (KHTML, like Gecko) Chrome/76.0.3809.132 Safari/537.36 [] {"uid":"3d35105"}
[2019-10-30 02:00:42] UTN FRA LOGGER.INFO: ip =127.0.0.1 [] {"uid":"3d35105"}
[2019-10-30 02:02:08] UTN FRA LOGGER.INFO: Datos  =Mozilla/5.0 (Windows NT 6.1; Win64; x64) AppleWebKit/537.36 (KHTML, like Gecko) Chrome/76.0.3809.132 Safari/537.36 [] {"uid":"b5a0c40"}
[2019-10-30 02:02:08] UTN FRA LOGGER.INFO: ip =127.0.0.1 [] {"uid":"b5a0c40"}
[2019-11-05 23:33:27] UTN FRA LOGGER.INFO: Datos  =Mozilla/5.0 (Windows NT 6.1; Win64; x64) AppleWebKit/537.36 (KHTML, like Gecko) Chrome/76.0.3809.132 Safari/537.36 [] {"uid":"2348674"}
[2019-11-05 23:33:27] UTN FRA LOGGER.INFO: ip = [] {"uid":"2348674"}
[2019-11-05 23:34:15] UTN FRA LOGGER.INFO: Datos  =Mozilla/5.0 (Windows NT 6.1; Win64; x64) AppleWebKit/537.36 (KHTML, like Gecko) Chrome/76.0.3809.132 Safari/537.36 [] {"uid":"d8e0344"}
[2019-11-05 23:34:15] UTN FRA LOGGER.INFO: ip = [] {"uid":"d8e0344"}
[2019-11-05 23:34:49] UTN FRA LOGGER.INFO: Datos  =Mozilla/5.0 (Windows NT 6.1; Win64; x64) AppleWebKit/537.36 (KHTML, like Gecko) Chrome/76.0.3809.132 Safari/537.36 [] {"uid":"64ca62b"}
[2019-11-05 23:34:49] UTN FRA LOGGER.INFO: ip = [] {"uid":"64ca62b"}
[2019-11-05 23:34:52] UTN FRA LOGGER.INFO: Datos  =Mozilla/5.0 (Windows NT 6.1; Win64; x64) AppleWebKit/537.36 (KHTML, like Gecko) Chrome/76.0.3809.132 Safari/537.36 [] {"uid":"a0611ca"}
[2019-11-05 23:34:52] UTN FRA LOGGER.INFO: ip = [] {"uid":"a0611ca"}
[2019-11-05 23:35:36] UTN FRA LOGGER.INFO: Datos  =Mozilla/5.0 (Windows NT 6.1; Win64; x64) AppleWebKit/537.36 (KHTML, like Gecko) Chrome/76.0.3809.132 Safari/537.36 [] {"uid":"e14b458"}
[2019-11-05 23:35:36] UTN FRA LOGGER.INFO: ip = [] {"uid":"e14b458"}
[2019-11-05 23:35:54] UTN FRA LOGGER.INFO: Datos  =Mozilla/5.0 (Windows NT 6.1; Win64; x64) AppleWebKit/537.36 (KHTML, like Gecko) Chrome/76.0.3809.132 Safari/537.36 [] {"uid":"3da3aa3"}
[2019-11-05 23:35:54] UTN FRA LOGGER.INFO: ip = [] {"uid":"3da3aa3"}
[2019-11-05 23:37:33] UTN FRA LOGGER.INFO: Datos  =Mozilla/5.0 (Windows NT 6.1; Win64; x64) AppleWebKit/537.36 (KHTML, like Gecko) Chrome/76.0.3809.132 Safari/537.36 [] {"uid":"f3232fd"}
[2019-11-05 23:37:33] UTN FRA LOGGER.INFO: ip = [] {"uid":"f3232fd"}
[2019-11-05 23:37:34] UTN FRA LOGGER.INFO: Datos  =Mozilla/5.0 (Windows NT 6.1; Win64; x64) AppleWebKit/537.36 (KHTML, like Gecko) Chrome/76.0.3809.132 Safari/537.36 [] {"uid":"d28ad57"}
[2019-11-05 23:37:34] UTN FRA LOGGER.INFO: ip = [] {"uid":"d28ad57"}
[2019-11-05 23:38:14] UTN FRA LOGGER.INFO: Datos  =Mozilla/5.0 (Windows NT 6.1; Win64; x64) AppleWebKit/537.36 (KHTML, like Gecko) Chrome/76.0.3809.132 Safari/537.36 [] {"uid":"42f4c89"}
[2019-11-05 23:38:14] UTN FRA LOGGER.INFO: ip = [] {"uid":"42f4c89"}
[2019-11-05 23:39:18] UTN FRA LOGGER.INFO: Datos  =Mozilla/5.0 (Windows NT 6.1; Win64; x64) AppleWebKit/537.36 (KHTML, like Gecko) Chrome/76.0.3809.132 Safari/537.36 [] {"uid":"453d8a9"}
[2019-11-05 23:39:18] UTN FRA LOGGER.INFO: ip = [] {"uid":"453d8a9"}
[2019-11-05 23:39:25] UTN FRA LOGGER.INFO: Datos  =Mozilla/5.0 (Windows NT 6.1; Win64; x64) AppleWebKit/537.36 (KHTML, like Gecko) Chrome/76.0.3809.132 Safari/537.36 [] {"uid":"aacad83"}
[2019-11-05 23:39:25] UTN FRA LOGGER.INFO: ip = [] {"uid":"aacad83"}
[2019-11-05 23:39:32] UTN FRA LOGGER.INFO: Datos  =Mozilla/5.0 (Windows NT 6.1; Win64; x64) AppleWebKit/537.36 (KHTML, like Gecko) Chrome/76.0.3809.132 Safari/537.36 [] {"uid":"42bb9e3"}
[2019-11-05 23:39:32] UTN FRA LOGGER.INFO: ip = [] {"uid":"42bb9e3"}
[2019-11-05 23:39:37] UTN FRA LOGGER.INFO: Datos  =Mozilla/5.0 (Windows NT 6.1; Win64; x64) AppleWebKit/537.36 (KHTML, like Gecko) Chrome/76.0.3809.132 Safari/537.36 [] {"uid":"8d72386"}
[2019-11-05 23:39:37] UTN FRA LOGGER.INFO: ip = [] {"uid":"8d72386"}
[2019-11-05 23:41:55] UTN FRA LOGGER.INFO: Datos  =Mozilla/5.0 (Windows NT 6.1; Win64; x64) AppleWebKit/537.36 (KHTML, like Gecko) Chrome/76.0.3809.132 Safari/537.36 [] {"uid":"85ab99f"}
[2019-11-05 23:41:55] UTN FRA LOGGER.INFO: ip = [] {"uid":"85ab99f"}
[2019-11-05 23:42:07] UTN FRA LOGGER.INFO: Datos  =Mozilla/5.0 (Windows NT 6.1; Win64; x64) AppleWebKit/537.36 (KHTML, like Gecko) Chrome/76.0.3809.132 Safari/537.36 [] {"uid":"f22bcdb"}
[2019-11-05 23:42:07] UTN FRA LOGGER.INFO: ip = [] {"uid":"f22bcdb"}
[2019-11-05 23:42:13] UTN FRA LOGGER.INFO: Datos  =Mozilla/5.0 (Windows NT 6.1; Win64; x64) AppleWebKit/537.36 (KHTML, like Gecko) Chrome/76.0.3809.132 Safari/537.36 [] {"uid":"f115606"}
[2019-11-05 23:42:13] UTN FRA LOGGER.INFO: ip = [] {"uid":"f115606"}
[2019-11-05 23:43:15] UTN FRA LOGGER.INFO: Datos  =Mozilla/5.0 (Windows NT 6.1; Win64; x64) AppleWebKit/537.36 (KHTML, like Gecko) Chrome/76.0.3809.132 Safari/537.36 [] {"uid":"b496713"}
[2019-11-05 23:43:15] UTN FRA LOGGER.INFO: ip = [] {"uid":"b496713"}
[2019-11-05 23:43:44] UTN FRA LOGGER.INFO: Datos  =Mozilla/5.0 (Windows NT 6.1; Win64; x64) AppleWebKit/537.36 (KHTML, like Gecko) Chrome/76.0.3809.132 Safari/537.36 [] {"uid":"2906205"}
[2019-11-05 23:43:44] UTN FRA LOGGER.INFO: ip = [] {"uid":"2906205"}
[2019-11-05 23:44:03] UTN FRA LOGGER.INFO: Datos  =Mozilla/5.0 (Windows NT 6.1; Win64; x64) AppleWebKit/537.36 (KHTML, like Gecko) Chrome/76.0.3809.132 Safari/537.36 [] {"uid":"f759d3e"}
[2019-11-05 23:44:03] UTN FRA LOGGER.INFO: ip = [] {"uid":"f759d3e"}
[2019-11-05 23:44:09] UTN FRA LOGGER.INFO: Datos  =Mozilla/5.0 (Windows NT 6.1; Win64; x64) AppleWebKit/537.36 (KHTML, like Gecko) Chrome/76.0.3809.132 Safari/537.36 [] {"uid":"6cd5879"}
[2019-11-05 23:44:09] UTN FRA LOGGER.INFO: ip = [] {"uid":"6cd5879"}
[2019-11-05 23:44:12] UTN FRA LOGGER.INFO: Datos  =Mozilla/5.0 (Windows NT 6.1; Win64; x64) AppleWebKit/537.36 (KHTML, like Gecko) Chrome/76.0.3809.132 Safari/537.36 [] {"uid":"5beccc7"}
[2019-11-05 23:44:12] UTN FRA LOGGER.INFO: ip = [] {"uid":"5beccc7"}
[2019-11-05 23:44:26] UTN FRA LOGGER.INFO: Datos  =Mozilla/5.0 (Windows NT 6.1; Win64; x64) AppleWebKit/537.36 (KHTML, like Gecko) Chrome/76.0.3809.132 Safari/537.36 [] {"uid":"dc336d5"}
[2019-11-05 23:44:26] UTN FRA LOGGER.INFO: ip = [] {"uid":"dc336d5"}
[2019-11-05 23:44:43] UTN FRA LOGGER.INFO: Datos  =Mozilla/5.0 (Windows NT 6.1; Win64; x64) AppleWebKit/537.36 (KHTML, like Gecko) Chrome/76.0.3809.132 Safari/537.36 [] {"uid":"16a142d"}
[2019-11-05 23:44:43] UTN FRA LOGGER.INFO: ip = [] {"uid":"16a142d"}
[2019-11-05 23:44:43] UTN FRA LOGGER.INFO: Datos  =Mozilla/5.0 (Windows NT 6.1; Win64; x64) AppleWebKit/537.36 (KHTML, like Gecko) Chrome/76.0.3809.132 Safari/537.36 [] {"uid":"e2c5989"}
[2019-11-05 23:44:43] UTN FRA LOGGER.INFO: ip = [] {"uid":"e2c5989"}
[2019-11-05 23:44:44] UTN FRA LOGGER.INFO: Datos  =Mozilla/5.0 (Windows NT 6.1; Win64; x64) AppleWebKit/537.36 (KHTML, like Gecko) Chrome/76.0.3809.132 Safari/537.36 [] {"uid":"7a16b86"}
[2019-11-05 23:44:44] UTN FRA LOGGER.INFO: ip = [] {"uid":"7a16b86"}
[2019-11-05 23:44:44] UTN FRA LOGGER.INFO: Datos  =Mozilla/5.0 (Windows NT 6.1; Win64; x64) AppleWebKit/537.36 (KHTML, like Gecko) Chrome/76.0.3809.132 Safari/537.36 [] {"uid":"1cc34cc"}
[2019-11-05 23:44:44] UTN FRA LOGGER.INFO: ip = [] {"uid":"1cc34cc"}
[2019-11-05 23:44:44] UTN FRA LOGGER.INFO: Datos  =Mozilla/5.0 (Windows NT 6.1; Win64; x64) AppleWebKit/537.36 (KHTML, like Gecko) Chrome/76.0.3809.132 Safari/537.36 [] {"uid":"e94f057"}
[2019-11-05 23:44:44] UTN FRA LOGGER.INFO: ip = [] {"uid":"e94f057"}
[2019-11-05 23:45:17] UTN FRA LOGGER.INFO: Datos  =Mozilla/5.0 (Windows NT 6.1; Win64; x64) AppleWebKit/537.36 (KHTML, like Gecko) Chrome/76.0.3809.132 Safari/537.36 [] {"uid":"9ca83d6"}
[2019-11-05 23:45:17] UTN FRA LOGGER.INFO: ip = [] {"uid":"9ca83d6"}
[2019-11-05 23:45:27] UTN FRA LOGGER.INFO: Datos  =Mozilla/5.0 (Windows NT 6.1; Win64; x64) AppleWebKit/537.36 (KHTML, like Gecko) Chrome/76.0.3809.132 Safari/537.36 [] {"uid":"d308597"}
[2019-11-05 23:45:27] UTN FRA LOGGER.INFO: ip = [] {"uid":"d308597"}
[2019-11-05 23:51:21] UTN FRA LOGGER.INFO: Datos  =Mozilla/5.0 (Windows NT 6.1; Win64; x64) AppleWebKit/537.36 (KHTML, like Gecko) Chrome/76.0.3809.132 Safari/537.36 [] {"uid":"206b8d1"}
[2019-11-05 23:51:21] UTN FRA LOGGER.INFO: ip = [] {"uid":"206b8d1"}
[2019-11-05 23:51:39] UTN FRA LOGGER.INFO: Datos  =Mozilla/5.0 (Windows NT 6.1; Win64; x64) AppleWebKit/537.36 (KHTML, like Gecko) Chrome/76.0.3809.132 Safari/537.36 [] {"uid":"74b0f06"}
[2019-11-05 23:51:39] UTN FRA LOGGER.INFO: ip = [] {"uid":"74b0f06"}
[2019-11-05 23:52:02] UTN FRA LOGGER.INFO: Datos  =Mozilla/5.0 (Windows NT 6.1; Win64; x64) AppleWebKit/537.36 (KHTML, like Gecko) Chrome/76.0.3809.132 Safari/537.36 [] {"uid":"ebb90b0"}
[2019-11-05 23:52:02] UTN FRA LOGGER.INFO: ip = [] {"uid":"ebb90b0"}
[2019-11-05 23:53:32] UTN FRA LOGGER.INFO: Datos  =Mozilla/5.0 (Windows NT 6.1; Win64; x64) AppleWebKit/537.36 (KHTML, like Gecko) Chrome/76.0.3809.132 Safari/537.36 [] {"uid":"5c1e545"}
[2019-11-05 23:53:32] UTN FRA LOGGER.INFO: ip = [] {"uid":"5c1e545"}
[2019-11-05 23:55:21] UTN FRA LOGGER.INFO: Datos  =Mozilla/5.0 (Windows NT 6.1; Win64; x64) AppleWebKit/537.36 (KHTML, like Gecko) Chrome/76.0.3809.132 Safari/537.36 [] {"uid":"9a09d59"}
[2019-11-05 23:55:21] UTN FRA LOGGER.INFO: ip = [] {"uid":"9a09d59"}
[2019-11-05 23:55:30] UTN FRA LOGGER.INFO: Datos  =Mozilla/5.0 (Windows NT 6.1; Win64; x64) AppleWebKit/537.36 (KHTML, like Gecko) Chrome/76.0.3809.132 Safari/537.36 [] {"uid":"b75ae0c"}
[2019-11-05 23:55:30] UTN FRA LOGGER.INFO: ip = [] {"uid":"b75ae0c"}
[2019-11-05 23:55:50] UTN FRA LOGGER.INFO: Datos  =Mozilla/5.0 (Windows NT 6.1; Win64; x64) AppleWebKit/537.36 (KHTML, like Gecko) Chrome/76.0.3809.132 Safari/537.36 [] {"uid":"811e722"}
[2019-11-05 23:55:50] UTN FRA LOGGER.INFO: ip = [] {"uid":"811e722"}
[2019-11-05 23:55:57] UTN FRA LOGGER.INFO: Datos  =Mozilla/5.0 (Windows NT 6.1; Win64; x64) AppleWebKit/537.36 (KHTML, like Gecko) Chrome/76.0.3809.132 Safari/537.36 [] {"uid":"775a1a3"}
[2019-11-05 23:55:57] UTN FRA LOGGER.INFO: ip = [] {"uid":"775a1a3"}
[2019-11-05 23:56:00] UTN FRA LOGGER.INFO: Datos  =Mozilla/5.0 (Windows NT 6.1; Win64; x64) AppleWebKit/537.36 (KHTML, like Gecko) Chrome/76.0.3809.132 Safari/537.36 [] {"uid":"ed87a07"}
[2019-11-05 23:56:00] UTN FRA LOGGER.INFO: ip = [] {"uid":"ed87a07"}
[2019-11-05 23:56:02] UTN FRA LOGGER.INFO: Datos  =Mozilla/5.0 (Windows NT 6.1; Win64; x64) AppleWebKit/537.36 (KHTML, like Gecko) Chrome/76.0.3809.132 Safari/537.36 [] {"uid":"3b6da0d"}
[2019-11-05 23:56:02] UTN FRA LOGGER.INFO: ip = [] {"uid":"3b6da0d"}
[2019-11-05 23:56:05] UTN FRA LOGGER.INFO: Datos  =Mozilla/5.0 (Windows NT 6.1; Win64; x64) AppleWebKit/537.36 (KHTML, like Gecko) Chrome/76.0.3809.132 Safari/537.36 [] {"uid":"57460ac"}
[2019-11-05 23:56:05] UTN FRA LOGGER.INFO: ip = [] {"uid":"57460ac"}
[2019-11-05 23:56:07] UTN FRA LOGGER.INFO: Datos  =Mozilla/5.0 (Windows NT 6.1; Win64; x64) AppleWebKit/537.36 (KHTML, like Gecko) Chrome/76.0.3809.132 Safari/537.36 [] {"uid":"34a5a60"}
[2019-11-05 23:56:07] UTN FRA LOGGER.INFO: ip = [] {"uid":"34a5a60"}
[2019-11-05 23:56:10] UTN FRA LOGGER.INFO: Datos  =Mozilla/5.0 (Windows NT 6.1; Win64; x64) AppleWebKit/537.36 (KHTML, like Gecko) Chrome/76.0.3809.132 Safari/537.36 [] {"uid":"4a83a9d"}
[2019-11-05 23:56:10] UTN FRA LOGGER.INFO: ip = [] {"uid":"4a83a9d"}
[2019-11-05 23:57:13] UTN FRA LOGGER.INFO: Datos  =Mozilla/5.0 (Windows NT 6.1; Win64; x64) AppleWebKit/537.36 (KHTML, like Gecko) Chrome/76.0.3809.132 Safari/537.36 [] {"uid":"6cc5dc7"}
[2019-11-05 23:57:13] UTN FRA LOGGER.INFO: ip =::1 [] {"uid":"6cc5dc7"}
[2019-11-05 23:57:23] UTN FRA LOGGER.INFO: Datos  =Mozilla/5.0 (Windows NT 6.1; Win64; x64) AppleWebKit/537.36 (KHTML, like Gecko) Chrome/76.0.3809.132 Safari/537.36 [] {"uid":"2933338"}
[2019-11-05 23:57:23] UTN FRA LOGGER.INFO: ip =::1 [] {"uid":"2933338"}
[2019-11-05 23:57:26] UTN FRA LOGGER.INFO: Datos  =Mozilla/5.0 (Windows NT 6.1; Win64; x64) AppleWebKit/537.36 (KHTML, like Gecko) Chrome/76.0.3809.132 Safari/537.36 [] {"uid":"4f7f8c2"}
[2019-11-05 23:57:26] UTN FRA LOGGER.INFO: ip =::1 [] {"uid":"4f7f8c2"}
[2019-11-05 23:57:30] UTN FRA LOGGER.INFO: Datos  =Mozilla/5.0 (Windows NT 6.1; Win64; x64) AppleWebKit/537.36 (KHTML, like Gecko) Chrome/76.0.3809.132 Safari/537.36 [] {"uid":"f6c63ad"}
[2019-11-05 23:57:30] UTN FRA LOGGER.INFO: ip =::1 [] {"uid":"f6c63ad"}
[2019-11-05 23:58:12] UTN FRA LOGGER.INFO: Datos  =Mozilla/5.0 (Windows NT 6.1; Win64; x64) AppleWebKit/537.36 (KHTML, like Gecko) Chrome/76.0.3809.132 Safari/537.36 [] {"uid":"96de916"}
[2019-11-05 23:58:12] UTN FRA LOGGER.INFO: ip =::1 [] {"uid":"96de916"}
[2019-11-05 23:58:14] UTN FRA LOGGER.INFO: Datos  =Mozilla/5.0 (Windows NT 6.1; Win64; x64) AppleWebKit/537.36 (KHTML, like Gecko) Chrome/76.0.3809.132 Safari/537.36 [] {"uid":"fbb4312"}
[2019-11-05 23:58:14] UTN FRA LOGGER.INFO: ip =::1 [] {"uid":"fbb4312"}
[2019-11-05 23:58:14] UTN FRA LOGGER.INFO: Datos  =Mozilla/5.0 (Windows NT 6.1; Win64; x64) AppleWebKit/537.36 (KHTML, like Gecko) Chrome/76.0.3809.132 Safari/537.36 [] {"uid":"ddcf997"}
[2019-11-05 23:58:14] UTN FRA LOGGER.INFO: ip =::1 [] {"uid":"ddcf997"}
[2019-11-05 23:58:14] UTN FRA LOGGER.INFO: Datos  =Mozilla/5.0 (Windows NT 6.1; Win64; x64) AppleWebKit/537.36 (KHTML, like Gecko) Chrome/76.0.3809.132 Safari/537.36 [] {"uid":"7adca35"}
[2019-11-05 23:58:14] UTN FRA LOGGER.INFO: ip =::1 [] {"uid":"7adca35"}
[2019-11-05 23:58:14] UTN FRA LOGGER.INFO: Datos  =Mozilla/5.0 (Windows NT 6.1; Win64; x64) AppleWebKit/537.36 (KHTML, like Gecko) Chrome/76.0.3809.132 Safari/537.36 [] {"uid":"e1b7c74"}
[2019-11-05 23:58:14] UTN FRA LOGGER.INFO: ip =::1 [] {"uid":"e1b7c74"}
[2019-11-05 23:58:29] UTN FRA LOGGER.INFO: Datos  =Mozilla/5.0 (Windows NT 6.1; Win64; x64) AppleWebKit/537.36 (KHTML, like Gecko) Chrome/76.0.3809.132 Safari/537.36 [] {"uid":"f17090d"}
[2019-11-05 23:58:29] UTN FRA LOGGER.INFO: ip =::1 [] {"uid":"f17090d"}
[2019-11-05 23:58:45] UTN FRA LOGGER.INFO: Datos  =Mozilla/5.0 (Windows NT 6.1; Win64; x64) AppleWebKit/537.36 (KHTML, like Gecko) Chrome/76.0.3809.132 Safari/537.36 [] {"uid":"5325af7"}
[2019-11-05 23:58:45] UTN FRA LOGGER.INFO: ip =::1 [] {"uid":"5325af7"}
[2019-11-05 23:59:14] UTN FRA LOGGER.INFO: Datos  =Mozilla/5.0 (Windows NT 6.1; Win64; x64) AppleWebKit/537.36 (KHTML, like Gecko) Chrome/76.0.3809.132 Safari/537.36 [] {"uid":"6bffa69"}
[2019-11-05 23:59:14] UTN FRA LOGGER.INFO: ip =::1 [] {"uid":"6bffa69"}
[2019-11-06 00:01:31] UTN FRA LOGGER.INFO: Datos  =Mozilla/5.0 (Windows NT 6.1; Win64; x64) AppleWebKit/537.36 (KHTML, like Gecko) Chrome/76.0.3809.132 Safari/537.36 [] {"uid":"ca5e72c"}
[2019-11-06 00:01:31] UTN FRA LOGGER.INFO: ip =::1 [] {"uid":"ca5e72c"}
[2019-11-06 00:01:50] UTN FRA LOGGER.INFO: Datos  =Mozilla/5.0 (Windows NT 6.1; Win64; x64) AppleWebKit/537.36 (KHTML, like Gecko) Chrome/76.0.3809.132 Safari/537.36 [] {"uid":"e878af8"}
[2019-11-06 00:01:50] UTN FRA LOGGER.INFO: ip =::1 [] {"uid":"e878af8"}
[2019-11-06 00:02:04] UTN FRA LOGGER.INFO: Datos  =Mozilla/5.0 (Windows NT 6.1; Win64; x64) AppleWebKit/537.36 (KHTML, like Gecko) Chrome/76.0.3809.132 Safari/537.36 [] {"uid":"4512b24"}
[2019-11-06 00:02:04] UTN FRA LOGGER.INFO: ip =::1 [] {"uid":"4512b24"}
[2019-11-06 00:02:31] UTN FRA LOGGER.INFO: Datos  =Mozilla/5.0 (Windows NT 6.1; Win64; x64) AppleWebKit/537.36 (KHTML, like Gecko) Chrome/76.0.3809.132 Safari/537.36 [] {"uid":"59988f2"}
[2019-11-06 00:02:31] UTN FRA LOGGER.INFO: ip =::1 [] {"uid":"59988f2"}
[2019-11-06 00:02:55] UTN FRA LOGGER.INFO: Datos  =Mozilla/5.0 (Windows NT 6.1; Win64; x64) AppleWebKit/537.36 (KHTML, like Gecko) Chrome/76.0.3809.132 Safari/537.36 [] {"uid":"e24911b"}
[2019-11-06 00:02:55] UTN FRA LOGGER.INFO: ip =::1 [] {"uid":"e24911b"}
[2019-11-06 00:03:44] UTN FRA LOGGER.INFO: Datos  =Mozilla/5.0 (Windows NT 6.1; Win64; x64) AppleWebKit/537.36 (KHTML, like Gecko) Chrome/76.0.3809.132 Safari/537.36 [] {"uid":"4fed4fb"}
[2019-11-06 00:03:44] UTN FRA LOGGER.INFO: ip =::1 [] {"uid":"4fed4fb"}
[2019-11-06 00:04:13] UTN FRA LOGGER.INFO: Datos  =Mozilla/5.0 (Windows NT 6.1; Win64; x64) AppleWebKit/537.36 (KHTML, like Gecko) Chrome/76.0.3809.132 Safari/537.36 [] {"uid":"987273c"}
[2019-11-06 00:04:13] UTN FRA LOGGER.INFO: ip =::1 [] {"uid":"987273c"}
[2019-11-06 00:06:49] UTN FRA LOGGER.INFO: Datos  =Mozilla/5.0 (Windows NT 6.1; Win64; x64) AppleWebKit/537.36 (KHTML, like Gecko) Chrome/76.0.3809.132 Safari/537.36 [] {"uid":"c99def7"}
[2019-11-06 00:06:49] UTN FRA LOGGER.INFO: ip =::1 [] {"uid":"c99def7"}
[2019-11-06 00:07:32] UTN FRA LOGGER.INFO: Datos  =Mozilla/5.0 (Windows NT 6.1; Win64; x64) AppleWebKit/537.36 (KHTML, like Gecko) Chrome/76.0.3809.132 Safari/537.36 [] {"uid":"7470468"}
[2019-11-06 00:07:32] UTN FRA LOGGER.INFO: ip =::1 [] {"uid":"7470468"}
[2019-11-06 00:09:07] UTN FRA LOGGER.INFO: Datos  =Mozilla/5.0 (Windows NT 6.1; Win64; x64) AppleWebKit/537.36 (KHTML, like Gecko) Chrome/76.0.3809.132 Safari/537.36 [] {"uid":"f344261"}
[2019-11-06 00:09:07] UTN FRA LOGGER.INFO: ip =::1 [] {"uid":"f344261"}
[2019-11-06 00:10:54] UTN FRA LOGGER.INFO: Datos  =Mozilla/5.0 (Windows NT 6.1; Win64; x64) AppleWebKit/537.36 (KHTML, like Gecko) Chrome/76.0.3809.132 Safari/537.36 [] {"uid":"532486f"}
[2019-11-06 00:10:54] UTN FRA LOGGER.INFO: ip =::1 [] {"uid":"532486f"}
[2019-11-06 00:11:41] UTN FRA LOGGER.INFO: Datos  =Mozilla/5.0 (Windows NT 6.1; Win64; x64) AppleWebKit/537.36 (KHTML, like Gecko) Chrome/76.0.3809.132 Safari/537.36 [] {"uid":"6838c0d"}
[2019-11-06 00:11:41] UTN FRA LOGGER.INFO: ip =::1 [] {"uid":"6838c0d"}
[2019-11-06 00:11:49] UTN FRA LOGGER.INFO: Datos  =Mozilla/5.0 (Windows NT 6.1; Win64; x64) AppleWebKit/537.36 (KHTML, like Gecko) Chrome/76.0.3809.132 Safari/537.36 [] {"uid":"2c07b1d"}
[2019-11-06 00:11:49] UTN FRA LOGGER.INFO: ip =::1 [] {"uid":"2c07b1d"}
[2019-11-06 00:12:42] UTN FRA LOGGER.INFO: Datos  =Mozilla/5.0 (Windows NT 6.1; Win64; x64) AppleWebKit/537.36 (KHTML, like Gecko) Chrome/76.0.3809.132 Safari/537.36 [] {"uid":"d3ed5b3"}
[2019-11-06 00:12:42] UTN FRA LOGGER.INFO: ip =::1 [] {"uid":"d3ed5b3"}
[2019-11-06 00:15:11] UTN FRA LOGGER.INFO: Datos  =Mozilla/5.0 (Windows NT 6.1; Win64; x64) AppleWebKit/537.36 (KHTML, like Gecko) Chrome/76.0.3809.132 Safari/537.36 [] {"uid":"f5d781d"}
[2019-11-06 00:15:11] UTN FRA LOGGER.INFO: ip =::1 [] {"uid":"f5d781d"}
[2019-11-06 00:15:18] UTN FRA LOGGER.INFO: Datos  =Mozilla/5.0 (Windows NT 6.1; Win64; x64) AppleWebKit/537.36 (KHTML, like Gecko) Chrome/76.0.3809.132 Safari/537.36 [] {"uid":"063b655"}
[2019-11-06 00:15:18] UTN FRA LOGGER.INFO: ip =::1 [] {"uid":"063b655"}
[2019-11-06 00:18:59] UTN FRA LOGGER.INFO: Datos  =Mozilla/5.0 (Windows NT 6.1; Win64; x64) AppleWebKit/537.36 (KHTML, like Gecko) Chrome/76.0.3809.132 Safari/537.36 [] {"uid":"9486d2b"}
[2019-11-06 00:18:59] UTN FRA LOGGER.INFO: ip =::1 [] {"uid":"9486d2b"}
[2019-11-06 00:19:05] UTN FRA LOGGER.INFO: Datos  =Mozilla/5.0 (Windows NT 6.1; Win64; x64) AppleWebKit/537.36 (KHTML, like Gecko) Chrome/76.0.3809.132 Safari/537.36 [] {"uid":"65b79c1"}
[2019-11-06 00:19:05] UTN FRA LOGGER.INFO: ip =::1 [] {"uid":"65b79c1"}
[2019-11-06 00:20:20] UTN FRA LOGGER.INFO: Datos  =Mozilla/5.0 (Windows NT 6.1; Win64; x64) AppleWebKit/537.36 (KHTML, like Gecko) Chrome/76.0.3809.132 Safari/537.36 [] {"uid":"67d3a24"}
[2019-11-06 00:20:20] UTN FRA LOGGER.INFO: ip =::1 [] {"uid":"67d3a24"}
[2019-11-06 00:21:04] UTN FRA LOGGER.INFO: Datos  =Mozilla/5.0 (Windows NT 6.1; Win64; x64) AppleWebKit/537.36 (KHTML, like Gecko) Chrome/76.0.3809.132 Safari/537.36 [] {"uid":"e725bb0"}
[2019-11-06 00:21:04] UTN FRA LOGGER.INFO: ip =::1 [] {"uid":"e725bb0"}
[2019-11-06 00:21:36] UTN FRA LOGGER.INFO: Datos  =Mozilla/5.0 (Windows NT 6.1; Win64; x64) AppleWebKit/537.36 (KHTML, like Gecko) Chrome/76.0.3809.132 Safari/537.36 [] {"uid":"6b9dc6b"}
[2019-11-06 00:21:36] UTN FRA LOGGER.INFO: ip =::1 [] {"uid":"6b9dc6b"}
[2019-11-06 00:22:22] UTN FRA LOGGER.INFO: Datos  =Mozilla/5.0 (Windows NT 6.1; Win64; x64) AppleWebKit/537.36 (KHTML, like Gecko) Chrome/76.0.3809.132 Safari/537.36 [] {"uid":"0813a07"}
[2019-11-06 00:22:22] UTN FRA LOGGER.INFO: ip =::1 [] {"uid":"0813a07"}
[2019-11-06 00:37:05] UTN FRA LOGGER.INFO: Datos  =Mozilla/5.0 (Windows NT 6.1; Win64; x64) AppleWebKit/537.36 (KHTML, like Gecko) Chrome/76.0.3809.132 Safari/537.36 [] {"uid":"27a653f"}
[2019-11-06 00:37:05] UTN FRA LOGGER.INFO: ip =::1 [] {"uid":"27a653f"}
[2019-11-06 00:37:23] UTN FRA LOGGER.INFO: Datos  =Mozilla/5.0 (Windows NT 6.1; Win64; x64) AppleWebKit/537.36 (KHTML, like Gecko) Chrome/76.0.3809.132 Safari/537.36 [] {"uid":"cc16bc7"}
[2019-11-06 00:37:23] UTN FRA LOGGER.INFO: ip =::1 [] {"uid":"cc16bc7"}
[2019-11-06 00:38:24] UTN FRA LOGGER.INFO: Datos  =Mozilla/5.0 (Windows NT 6.1; Win64; x64) AppleWebKit/537.36 (KHTML, like Gecko) Chrome/76.0.3809.132 Safari/537.36 [] {"uid":"2295aae"}
[2019-11-06 00:38:24] UTN FRA LOGGER.INFO: ip =::1 [] {"uid":"2295aae"}
[2019-11-06 00:39:12] UTN FRA LOGGER.INFO: Datos  =Mozilla/5.0 (Windows NT 6.1; Win64; x64) AppleWebKit/537.36 (KHTML, like Gecko) Chrome/76.0.3809.132 Safari/537.36 [] {"uid":"aa029f1"}
[2019-11-06 00:39:12] UTN FRA LOGGER.INFO: ip =::1 [] {"uid":"aa029f1"}
[2019-11-06 00:39:48] UTN FRA LOGGER.INFO: Datos  =Mozilla/5.0 (Windows NT 6.1; Win64; x64) AppleWebKit/537.36 (KHTML, like Gecko) Chrome/76.0.3809.132 Safari/537.36 [] {"uid":"0d49a9e"}
[2019-11-06 00:39:48] UTN FRA LOGGER.INFO: ip =::1 [] {"uid":"0d49a9e"}
[2019-11-06 00:40:49] UTN FRA LOGGER.INFO: Datos  =Mozilla/5.0 (Windows NT 6.1; Win64; x64) AppleWebKit/537.36 (KHTML, like Gecko) Chrome/76.0.3809.132 Safari/537.36 [] {"uid":"c9594d1"}
[2019-11-06 00:40:49] UTN FRA LOGGER.INFO: ip =::1 [] {"uid":"c9594d1"}
[2019-11-06 00:41:06] UTN FRA LOGGER.INFO: Datos  =Mozilla/5.0 (Windows NT 6.1; Win64; x64) AppleWebKit/537.36 (KHTML, like Gecko) Chrome/76.0.3809.132 Safari/537.36 [] {"uid":"155c833"}
[2019-11-06 00:41:06] UTN FRA LOGGER.INFO: ip =::1 [] {"uid":"155c833"}
[2019-11-06 00:42:34] UTN FRA LOGGER.INFO: Datos  =Mozilla/5.0 (Windows NT 6.1; Win64; x64) AppleWebKit/537.36 (KHTML, like Gecko) Chrome/76.0.3809.132 Safari/537.36 [] {"uid":"355aef0"}
[2019-11-06 00:42:34] UTN FRA LOGGER.INFO: ip =::1 [] {"uid":"355aef0"}
[2019-11-06 00:44:25] UTN FRA LOGGER.INFO: Datos  =Mozilla/5.0 (Windows NT 6.1; Win64; x64) AppleWebKit/537.36 (KHTML, like Gecko) Chrome/76.0.3809.132 Safari/537.36 [] {"uid":"57ed492"}
[2019-11-06 00:44:25] UTN FRA LOGGER.INFO: ip =::1 [] {"uid":"57ed492"}
[2019-11-06 00:44:47] UTN FRA LOGGER.INFO: Datos  =Mozilla/5.0 (Windows NT 6.1; Win64; x64) AppleWebKit/537.36 (KHTML, like Gecko) Chrome/76.0.3809.132 Safari/537.36 [] {"uid":"3f623e8"}
[2019-11-06 00:44:47] UTN FRA LOGGER.INFO: ip =::1 [] {"uid":"3f623e8"}
[2019-11-06 00:44:53] UTN FRA LOGGER.INFO: Datos  =Mozilla/5.0 (Windows NT 6.1; Win64; x64) AppleWebKit/537.36 (KHTML, like Gecko) Chrome/76.0.3809.132 Safari/537.36 [] {"uid":"9bb3fce"}
[2019-11-06 00:44:53] UTN FRA LOGGER.INFO: ip =::1 [] {"uid":"9bb3fce"}
[2019-11-06 00:44:58] UTN FRA LOGGER.INFO: Datos  =Mozilla/5.0 (Windows NT 6.1; Win64; x64) AppleWebKit/537.36 (KHTML, like Gecko) Chrome/76.0.3809.132 Safari/537.36 [] {"uid":"248f1aa"}
[2019-11-06 00:44:58] UTN FRA LOGGER.INFO: ip =::1 [] {"uid":"248f1aa"}
[2019-11-06 00:45:13] UTN FRA LOGGER.INFO: Datos  =Mozilla/5.0 (Windows NT 6.1; Win64; x64) AppleWebKit/537.36 (KHTML, like Gecko) Chrome/76.0.3809.132 Safari/537.36 [] {"uid":"884f5ec"}
[2019-11-06 00:45:13] UTN FRA LOGGER.INFO: ip =::1 [] {"uid":"884f5ec"}
[2019-11-06 00:45:26] UTN FRA LOGGER.INFO: Datos  =Mozilla/5.0 (Windows NT 6.1; Win64; x64) AppleWebKit/537.36 (KHTML, like Gecko) Chrome/76.0.3809.132 Safari/537.36 [] {"uid":"774107a"}
[2019-11-06 00:45:26] UTN FRA LOGGER.INFO: ip =::1 [] {"uid":"774107a"}
[2019-11-06 01:03:03] UTN FRA LOGGER.INFO: Datos  =Mozilla/5.0 (Windows NT 6.1; Win64; x64) AppleWebKit/537.36 (KHTML, like Gecko) Chrome/76.0.3809.132 Safari/537.36 [] {"uid":"9d68c0b"}
[2019-11-06 01:03:03] UTN FRA LOGGER.INFO: ip =::1 [] {"uid":"9d68c0b"}
[2019-11-06 01:03:15] UTN FRA LOGGER.INFO: Datos  =Mozilla/5.0 (Windows NT 6.1; Win64; x64) AppleWebKit/537.36 (KHTML, like Gecko) Chrome/76.0.3809.132 Safari/537.36 [] {"uid":"a9c35e4"}
[2019-11-06 01:03:15] UTN FRA LOGGER.INFO: ip =::1 [] {"uid":"a9c35e4"}
[2019-11-06 01:03:28] UTN FRA LOGGER.INFO: Datos  =Mozilla/5.0 (Windows NT 6.1; Win64; x64) AppleWebKit/537.36 (KHTML, like Gecko) Chrome/76.0.3809.132 Safari/537.36 [] {"uid":"6bd9011"}
[2019-11-06 01:03:28] UTN FRA LOGGER.INFO: ip =::1 [] {"uid":"6bd9011"}
[2019-11-06 01:04:13] UTN FRA LOGGER.INFO: Datos  =Mozilla/5.0 (Windows NT 6.1; Win64; x64) AppleWebKit/537.36 (KHTML, like Gecko) Chrome/76.0.3809.132 Safari/537.36 [] {"uid":"28666e0"}
[2019-11-06 01:04:13] UTN FRA LOGGER.INFO: ip =::1 [] {"uid":"28666e0"}
[2019-11-06 01:04:30] UTN FRA LOGGER.INFO: Datos  =Mozilla/5.0 (Windows NT 6.1; Win64; x64) AppleWebKit/537.36 (KHTML, like Gecko) Chrome/76.0.3809.132 Safari/537.36 [] {"uid":"86a90e2"}
[2019-11-06 01:04:30] UTN FRA LOGGER.INFO: ip =::1 [] {"uid":"86a90e2"}
[2019-11-06 01:04:34] UTN FRA LOGGER.INFO: Datos  =Mozilla/5.0 (Windows NT 6.1; Win64; x64) AppleWebKit/537.36 (KHTML, like Gecko) Chrome/76.0.3809.132 Safari/537.36 [] {"uid":"2a809fe"}
[2019-11-06 01:04:34] UTN FRA LOGGER.INFO: ip =::1 [] {"uid":"2a809fe"}
[2019-11-06 01:44:53] UTN FRA LOGGER.INFO: Datos  =Mozilla/5.0 (Windows NT 6.1; Win64; x64) AppleWebKit/537.36 (KHTML, like Gecko) Chrome/76.0.3809.132 Safari/537.36 [] {"uid":"65da536"}
[2019-11-06 01:44:53] UTN FRA LOGGER.INFO: ip =::1 [] {"uid":"65da536"}
[2019-11-06 01:46:35] UTN FRA LOGGER.INFO: Datos  =Mozilla/5.0 (Windows NT 6.1; Win64; x64) AppleWebKit/537.36 (KHTML, like Gecko) Chrome/76.0.3809.132 Safari/537.36 [] {"uid":"234c8cb"}
[2019-11-06 01:46:35] UTN FRA LOGGER.INFO: ip =::1 [] {"uid":"234c8cb"}
[2019-11-06 01:50:43] UTN FRA LOGGER.INFO: Datos  =Mozilla/5.0 (Windows NT 6.1; Win64; x64) AppleWebKit/537.36 (KHTML, like Gecko) Chrome/76.0.3809.132 Safari/537.36 [] {"uid":"0e9021f"}
[2019-11-06 01:50:43] UTN FRA LOGGER.INFO: ip =::1 [] {"uid":"0e9021f"}
[2019-11-06 01:51:30] UTN FRA LOGGER.INFO: Datos  =Mozilla/5.0 (Windows NT 6.1; Win64; x64) AppleWebKit/537.36 (KHTML, like Gecko) Chrome/76.0.3809.132 Safari/537.36 [] {"uid":"44c5f8b"}
[2019-11-06 01:51:30] UTN FRA LOGGER.INFO: ip =::1 [] {"uid":"44c5f8b"}
[2019-11-06 01:52:25] UTN FRA LOGGER.INFO: Datos  =Mozilla/5.0 (Windows NT 6.1; Win64; x64) AppleWebKit/537.36 (KHTML, like Gecko) Chrome/76.0.3809.132 Safari/537.36 [] {"uid":"1141244"}
[2019-11-06 01:52:25] UTN FRA LOGGER.INFO: ip =::1 [] {"uid":"1141244"}
[2019-11-06 01:52:48] UTN FRA LOGGER.INFO: Datos  =Mozilla/5.0 (Windows NT 6.1; Win64; x64) AppleWebKit/537.36 (KHTML, like Gecko) Chrome/76.0.3809.132 Safari/537.36 [] {"uid":"44d8268"}
[2019-11-06 01:52:48] UTN FRA LOGGER.INFO: ip =::1 [] {"uid":"44d8268"}
[2019-11-06 01:53:08] UTN FRA LOGGER.INFO: Datos  =Mozilla/5.0 (Windows NT 6.1; Win64; x64) AppleWebKit/537.36 (KHTML, like Gecko) Chrome/76.0.3809.132 Safari/537.36 [] {"uid":"b17e87c"}
[2019-11-06 01:53:08] UTN FRA LOGGER.INFO: ip =::1 [] {"uid":"b17e87c"}
[2019-11-06 01:56:02] UTN FRA LOGGER.INFO: Datos  =Mozilla/5.0 (Windows NT 6.1; Win64; x64) AppleWebKit/537.36 (KHTML, like Gecko) Chrome/76.0.3809.132 Safari/537.36 [] {"uid":"b8cbacb"}
[2019-11-06 01:56:02] UTN FRA LOGGER.INFO: ip =::1 [] {"uid":"b8cbacb"}
[2019-11-06 01:56:32] UTN FRA LOGGER.INFO: Datos  =Mozilla/5.0 (Windows NT 6.1; Win64; x64) AppleWebKit/537.36 (KHTML, like Gecko) Chrome/76.0.3809.132 Safari/537.36 [] {"uid":"27f167e"}
[2019-11-06 01:56:32] UTN FRA LOGGER.INFO: ip =::1 [] {"uid":"27f167e"}
[2019-11-06 01:57:58] UTN FRA LOGGER.INFO: Datos  =Mozilla/5.0 (Windows NT 6.1; Win64; x64) AppleWebKit/537.36 (KHTML, like Gecko) Chrome/76.0.3809.132 Safari/537.36 [] {"uid":"21f3cdf"}
[2019-11-06 01:57:58] UTN FRA LOGGER.INFO: ip =::1 [] {"uid":"21f3cdf"}
[2019-11-06 01:58:48] UTN FRA LOGGER.INFO: Datos  =Mozilla/5.0 (Windows NT 6.1; Win64; x64) AppleWebKit/537.36 (KHTML, like Gecko) Chrome/76.0.3809.132 Safari/537.36 [] {"uid":"8e5d4df"}
[2019-11-06 01:58:48] UTN FRA LOGGER.INFO: ip =::1 [] {"uid":"8e5d4df"}
[2019-11-06 02:00:41] UTN FRA LOGGER.INFO: Datos  =Mozilla/5.0 (Windows NT 6.1; Win64; x64) AppleWebKit/537.36 (KHTML, like Gecko) Chrome/76.0.3809.132 Safari/537.36 [] {"uid":"cb61d55"}
[2019-11-06 02:00:41] UTN FRA LOGGER.INFO: ip =::1 [] {"uid":"cb61d55"}
[2019-11-06 02:03:08] UTN FRA LOGGER.INFO: Datos  =Mozilla/5.0 (Windows NT 6.1; Win64; x64) AppleWebKit/537.36 (KHTML, like Gecko) Chrome/76.0.3809.132 Safari/537.36 [] {"uid":"ec8d5b8"}
[2019-11-06 02:03:08] UTN FRA LOGGER.INFO: ip =::1 [] {"uid":"ec8d5b8"}
[2019-11-06 02:03:27] UTN FRA LOGGER.INFO: Datos  =Mozilla/5.0 (Windows NT 6.1; Win64; x64) AppleWebKit/537.36 (KHTML, like Gecko) Chrome/76.0.3809.132 Safari/537.36 [] {"uid":"45d942f"}
[2019-11-06 02:03:27] UTN FRA LOGGER.INFO: ip =::1 [] {"uid":"45d942f"}
[2019-11-06 02:04:42] UTN FRA LOGGER.INFO: Datos  =Mozilla/5.0 (Windows NT 6.1; Win64; x64) AppleWebKit/537.36 (KHTML, like Gecko) Chrome/76.0.3809.132 Safari/537.36 [] {"uid":"b6ed003"}
[2019-11-06 02:04:42] UTN FRA LOGGER.INFO: ip =::1 [] {"uid":"b6ed003"}
[2019-11-06 02:05:25] UTN FRA LOGGER.INFO: Datos  =Mozilla/5.0 (Windows NT 6.1; Win64; x64) AppleWebKit/537.36 (KHTML, like Gecko) Chrome/76.0.3809.132 Safari/537.36 [] {"uid":"f632503"}
[2019-11-06 02:05:25] UTN FRA LOGGER.INFO: ip =::1 [] {"uid":"f632503"}
[2019-11-06 02:05:47] UTN FRA LOGGER.INFO: Datos  =Mozilla/5.0 (Windows NT 6.1; Win64; x64) AppleWebKit/537.36 (KHTML, like Gecko) Chrome/76.0.3809.132 Safari/537.36 [] {"uid":"d039177"}
[2019-11-06 02:05:47] UTN FRA LOGGER.INFO: ip =::1 [] {"uid":"d039177"}
[2019-11-06 02:06:57] UTN FRA LOGGER.INFO: Datos  =Mozilla/5.0 (Windows NT 6.1; Win64; x64) AppleWebKit/537.36 (KHTML, like Gecko) Chrome/76.0.3809.132 Safari/537.36 [] {"uid":"0272135"}
[2019-11-06 02:06:57] UTN FRA LOGGER.INFO: ip =::1 [] {"uid":"0272135"}
[2019-11-06 02:09:25] UTN FRA LOGGER.INFO: Datos  =Mozilla/5.0 (Windows NT 6.1; Win64; x64) AppleWebKit/537.36 (KHTML, like Gecko) Chrome/76.0.3809.132 Safari/537.36 [] {"uid":"be6956f"}
[2019-11-06 02:09:25] UTN FRA LOGGER.INFO: ip =::1 [] {"uid":"be6956f"}
[2019-11-06 02:10:19] UTN FRA LOGGER.INFO: Datos  =Mozilla/5.0 (Windows NT 6.1; Win64; x64) AppleWebKit/537.36 (KHTML, like Gecko) Chrome/76.0.3809.132 Safari/537.36 [] {"uid":"eea1111"}
[2019-11-06 02:10:19] UTN FRA LOGGER.INFO: ip =::1 [] {"uid":"eea1111"}
[2019-11-06 02:11:15] UTN FRA LOGGER.INFO: Datos  =Mozilla/5.0 (Windows NT 6.1; Win64; x64) AppleWebKit/537.36 (KHTML, like Gecko) Chrome/76.0.3809.132 Safari/537.36 [] {"uid":"d97c7f8"}
[2019-11-06 02:11:15] UTN FRA LOGGER.INFO: ip =::1 [] {"uid":"d97c7f8"}
[2019-11-06 02:13:56] UTN FRA LOGGER.INFO: Datos  =Mozilla/5.0 (Windows NT 6.1; Win64; x64) AppleWebKit/537.36 (KHTML, like Gecko) Chrome/76.0.3809.132 Safari/537.36 [] {"uid":"11148f9"}
[2019-11-06 02:13:56] UTN FRA LOGGER.INFO: ip =::1 [] {"uid":"11148f9"}
[2019-11-06 02:14:25] UTN FRA LOGGER.INFO: Datos  =Mozilla/5.0 (Windows NT 6.1; Win64; x64) AppleWebKit/537.36 (KHTML, like Gecko) Chrome/76.0.3809.132 Safari/537.36 [] {"uid":"43cb6b4"}
[2019-11-06 02:14:25] UTN FRA LOGGER.INFO: ip =::1 [] {"uid":"43cb6b4"}
[2019-11-06 02:36:10] UTN FRA LOGGER.INFO: Datos  =PostmanRuntime/7.19.0 [] {"uid":"aed26d6"}
[2019-11-06 02:36:10] UTN FRA LOGGER.INFO: ip = [] {"uid":"aed26d6"}
[2019-11-06 02:38:36] UTN FRA LOGGER.INFO: Datos  =PostmanRuntime/7.19.0 [] {"uid":"473a678"}
[2019-11-06 02:38:36] UTN FRA LOGGER.INFO: ip = [] {"uid":"473a678"}
[2019-11-06 02:39:49] UTN FRA LOGGER.INFO: Datos  =PostmanRuntime/7.19.0 [] {"uid":"3d72863"}
[2019-11-06 02:39:49] UTN FRA LOGGER.INFO: ip = [] {"uid":"3d72863"}
[2019-11-06 02:40:21] UTN FRA LOGGER.INFO: Datos  =PostmanRuntime/7.19.0 [] {"uid":"7240066"}
[2019-11-06 02:40:21] UTN FRA LOGGER.INFO: ip = [] {"uid":"7240066"}
[2019-11-06 02:41:47] UTN FRA LOGGER.INFO: Datos  =PostmanRuntime/7.19.0 [] {"uid":"bfe7378"}
[2019-11-06 02:41:47] UTN FRA LOGGER.INFO: ip = [] {"uid":"bfe7378"}
[2019-11-06 02:42:04] UTN FRA LOGGER.INFO: Datos  =PostmanRuntime/7.19.0 [] {"uid":"8cbe800"}
[2019-11-06 02:42:04] UTN FRA LOGGER.INFO: ip = [] {"uid":"8cbe800"}
[2019-11-06 02:42:33] UTN FRA LOGGER.INFO: Datos  =PostmanRuntime/7.19.0 [] {"uid":"a63fb85"}
[2019-11-06 02:42:33] UTN FRA LOGGER.INFO: ip = [] {"uid":"a63fb85"}
[2019-11-06 02:43:42] UTN FRA LOGGER.INFO: Datos  =PostmanRuntime/7.19.0 [] {"uid":"20fe617"}
[2019-11-06 02:43:42] UTN FRA LOGGER.INFO: ip = [] {"uid":"20fe617"}
[2019-11-06 02:44:54] UTN FRA LOGGER.INFO: Datos  =PostmanRuntime/7.19.0 [] {"uid":"2c2f195"}
[2019-11-06 02:44:54] UTN FRA LOGGER.INFO: ip = [] {"uid":"2c2f195"}
[2019-11-06 02:45:06] UTN FRA LOGGER.INFO: Datos  =PostmanRuntime/7.19.0 [] {"uid":"773934f"}
[2019-11-06 02:45:06] UTN FRA LOGGER.INFO: ip = [] {"uid":"773934f"}
[2019-11-06 02:45:12] UTN FRA LOGGER.INFO: Datos  =PostmanRuntime/7.19.0 [] {"uid":"8daa452"}
[2019-11-06 02:45:12] UTN FRA LOGGER.INFO: ip = [] {"uid":"8daa452"}
[2019-11-06 02:45:45] UTN FRA LOGGER.INFO: Datos  =PostmanRuntime/7.19.0 [] {"uid":"4329169"}
[2019-11-06 02:45:45] UTN FRA LOGGER.INFO: ip = [] {"uid":"4329169"}
[2019-11-06 02:46:00] UTN FRA LOGGER.INFO: Datos  =PostmanRuntime/7.19.0 [] {"uid":"80d24af"}
[2019-11-06 02:46:00] UTN FRA LOGGER.INFO: ip = [] {"uid":"80d24af"}
[2019-11-06 02:48:27] UTN FRA LOGGER.INFO: Datos  =PostmanRuntime/7.19.0 [] {"uid":"ad92260"}
[2019-11-06 02:48:27] UTN FRA LOGGER.INFO: ip = [] {"uid":"ad92260"}
[2019-11-06 02:48:31] UTN FRA LOGGER.INFO: Datos  =PostmanRuntime/7.19.0 [] {"uid":"9ec2804"}
[2019-11-06 02:48:31] UTN FRA LOGGER.INFO: ip = [] {"uid":"9ec2804"}
[2019-11-06 02:49:02] UTN FRA LOGGER.INFO: Datos  =PostmanRuntime/7.19.0 [] {"uid":"dc34311"}
[2019-11-06 02:49:02] UTN FRA LOGGER.INFO: ip = [] {"uid":"dc34311"}
[2019-11-06 02:49:03] UTN FRA LOGGER.INFO: Datos  =PostmanRuntime/7.19.0 [] {"uid":"89ab773"}
[2019-11-06 02:49:03] UTN FRA LOGGER.INFO: ip = [] {"uid":"89ab773"}
[2019-11-06 02:49:35] UTN FRA LOGGER.INFO: Datos  =PostmanRuntime/7.19.0 [] {"uid":"73825b1"}
[2019-11-06 02:49:35] UTN FRA LOGGER.INFO: ip =::1 [] {"uid":"73825b1"}
[2019-11-06 02:49:39] UTN FRA LOGGER.INFO: Datos  =PostmanRuntime/7.19.0 [] {"uid":"33f2e46"}
[2019-11-06 02:49:39] UTN FRA LOGGER.INFO: ip =::1 [] {"uid":"33f2e46"}
[2019-11-06 02:49:47] UTN FRA LOGGER.INFO: Datos  =PostmanRuntime/7.19.0 [] {"uid":"18985e9"}
[2019-11-06 02:49:47] UTN FRA LOGGER.INFO: ip =::1 [] {"uid":"18985e9"}
[2019-11-06 02:50:00] UTN FRA LOGGER.INFO: Datos  =PostmanRuntime/7.19.0 [] {"uid":"16623d1"}
[2019-11-06 02:50:00] UTN FRA LOGGER.INFO: ip =::1 [] {"uid":"16623d1"}
[2019-11-06 02:50:14] UTN FRA LOGGER.INFO: Datos  =PostmanRuntime/7.19.0 [] {"uid":"1a54c5d"}
[2019-11-06 02:50:14] UTN FRA LOGGER.INFO: ip =::1 [] {"uid":"1a54c5d"}
[2019-11-06 02:50:29] UTN FRA LOGGER.INFO: Datos  =PostmanRuntime/7.19.0 [] {"uid":"5b7ec3b"}
[2019-11-06 02:50:29] UTN FRA LOGGER.INFO: ip =::1 [] {"uid":"5b7ec3b"}
[2019-11-06 02:50:36] UTN FRA LOGGER.INFO: Datos  =PostmanRuntime/7.19.0 [] {"uid":"49fdfa8"}
[2019-11-06 02:50:36] UTN FRA LOGGER.INFO: ip =::1 [] {"uid":"49fdfa8"}
[2019-11-06 02:51:10] UTN FRA LOGGER.INFO: Datos  =PostmanRuntime/7.19.0 [] {"uid":"7b9a648"}
[2019-11-06 02:51:10] UTN FRA LOGGER.INFO: ip =::1 [] {"uid":"7b9a648"}
[2019-11-06 02:51:13] UTN FRA LOGGER.INFO: Datos  =PostmanRuntime/7.19.0 [] {"uid":"8fdc00f"}
[2019-11-06 02:51:13] UTN FRA LOGGER.INFO: ip =::1 [] {"uid":"8fdc00f"}
[2019-11-06 02:51:30] UTN FRA LOGGER.INFO: Datos  =PostmanRuntime/7.19.0 [] {"uid":"ee7f176"}
[2019-11-06 02:51:30] UTN FRA LOGGER.INFO: ip =::1 [] {"uid":"ee7f176"}
[2019-11-06 02:51:34] UTN FRA LOGGER.INFO: Datos  =PostmanRuntime/7.19.0 [] {"uid":"bcf85e9"}
[2019-11-06 02:51:34] UTN FRA LOGGER.INFO: ip =::1 [] {"uid":"bcf85e9"}
[2019-11-06 02:54:42] UTN FRA LOGGER.INFO: Datos  =PostmanRuntime/7.19.0 [] {"uid":"a082d78"}
[2019-11-06 02:54:42] UTN FRA LOGGER.INFO: ip = [] {"uid":"a082d78"}
[2019-11-06 02:57:48] UTN FRA LOGGER.INFO: Datos  =PostmanRuntime/7.19.0 [] {"uid":"6ee0a2a"}
[2019-11-06 02:57:48] UTN FRA LOGGER.INFO: ip = [] {"uid":"6ee0a2a"}
[2019-11-06 02:58:11] UTN FRA LOGGER.INFO: Datos  =PostmanRuntime/7.19.0 [] {"uid":"6e710c8"}
[2019-11-06 02:58:11] UTN FRA LOGGER.INFO: ip = [] {"uid":"6e710c8"}
[2019-11-06 02:59:30] UTN FRA LOGGER.INFO: Datos  =PostmanRuntime/7.19.0 [] {"uid":"1d43573"}
[2019-11-06 02:59:30] UTN FRA LOGGER.INFO: ip = [] {"uid":"1d43573"}
[2019-11-06 02:59:50] UTN FRA LOGGER.INFO: Datos  =PostmanRuntime/7.19.0 [] {"uid":"a7a8847"}
[2019-11-06 02:59:50] UTN FRA LOGGER.INFO: ip = [] {"uid":"a7a8847"}
[2019-11-06 03:00:03] UTN FRA LOGGER.INFO: Datos  =PostmanRuntime/7.19.0 [] {"uid":"afd1fec"}
[2019-11-06 03:00:03] UTN FRA LOGGER.INFO: ip = [] {"uid":"afd1fec"}
[2019-11-06 03:52:05] UTN FRA LOGGER.INFO: Datos  =PostmanRuntime/7.19.0 [] {"uid":"12316e1"}
[2019-11-06 03:52:05] UTN FRA LOGGER.INFO: ip = [] {"uid":"12316e1"}
[2019-11-06 03:53:31] UTN FRA LOGGER.INFO: Datos  =PostmanRuntime/7.19.0 [] {"uid":"4a25240"}
[2019-11-06 03:53:31] UTN FRA LOGGER.INFO: ip = [] {"uid":"4a25240"}
[2019-11-06 03:54:01] UTN FRA LOGGER.INFO: Datos  =PostmanRuntime/7.19.0 [] {"uid":"1e32356"}
[2019-11-06 03:54:01] UTN FRA LOGGER.INFO: ip = [] {"uid":"1e32356"}
[2019-11-06 03:55:12] UTN FRA LOGGER.INFO: Datos  =PostmanRuntime/7.19.0 [] {"uid":"770c684"}
[2019-11-06 03:55:12] UTN FRA LOGGER.INFO: ip = [] {"uid":"770c684"}
[2019-11-06 03:55:32] UTN FRA LOGGER.INFO: Datos  =PostmanRuntime/7.19.0 [] {"uid":"8ff2999"}
[2019-11-06 03:55:32] UTN FRA LOGGER.INFO: ip = [] {"uid":"8ff2999"}
[2019-11-06 03:55:38] UTN FRA LOGGER.INFO: Datos  =PostmanRuntime/7.19.0 [] {"uid":"e3510c4"}
[2019-11-06 03:55:38] UTN FRA LOGGER.INFO: ip = [] {"uid":"e3510c4"}
[2019-11-06 03:58:44] UTN FRA LOGGER.INFO: Datos  =PostmanRuntime/7.19.0 [] {"uid":"4fedeaf"}
[2019-11-06 03:58:44] UTN FRA LOGGER.INFO: ip = [] {"uid":"4fedeaf"}
[2019-11-06 04:05:02] UTN FRA LOGGER.INFO: Datos  =PostmanRuntime/7.19.0 [] {"uid":"2762d7a"}
[2019-11-06 04:05:02] UTN FRA LOGGER.INFO: ip = [] {"uid":"2762d7a"}
[2019-11-08 16:20:05] UTN FRA LOGGER.INFO: Datos  =PostmanRuntime/7.19.0 [] {"uid":"22815c8"}
[2019-11-08 16:20:05] UTN FRA LOGGER.INFO: ip = [] {"uid":"22815c8"}
[2019-11-08 16:20:55] UTN FRA LOGGER.INFO: Datos  =PostmanRuntime/7.19.0 [] {"uid":"8961710"}
[2019-11-08 16:20:55] UTN FRA LOGGER.INFO: ip = [] {"uid":"8961710"}
[2019-11-08 16:24:46] UTN FRA LOGGER.INFO: Datos  =PostmanRuntime/7.19.0 [] {"uid":"9995ca4"}
[2019-11-08 16:24:46] UTN FRA LOGGER.INFO: ip = [] {"uid":"9995ca4"}
[2019-11-08 16:25:23] UTN FRA LOGGER.INFO: Datos  =PostmanRuntime/7.19.0 [] {"uid":"b0dbe73"}
[2019-11-08 16:25:23] UTN FRA LOGGER.INFO: ip = [] {"uid":"b0dbe73"}
[2019-11-08 16:28:20] UTN FRA LOGGER.INFO: Datos  =PostmanRuntime/7.19.0 [] {"uid":"6d423fe"}
[2019-11-08 16:28:20] UTN FRA LOGGER.INFO: ip = [] {"uid":"6d423fe"}
[2019-11-08 16:29:21] UTN FRA LOGGER.INFO: Datos  =PostmanRuntime/7.19.0 [] {"uid":"2d64474"}
[2019-11-08 16:29:21] UTN FRA LOGGER.INFO: ip = [] {"uid":"2d64474"}
[2019-11-08 16:31:02] UTN FRA LOGGER.INFO: Datos  =PostmanRuntime/7.19.0 [] {"uid":"19b49dd"}
[2019-11-08 16:31:02] UTN FRA LOGGER.INFO: ip = [] {"uid":"19b49dd"}
[2019-11-08 16:33:31] UTN FRA LOGGER.INFO: Datos  =PostmanRuntime/7.19.0 [] {"uid":"ccc4cf7"}
[2019-11-08 16:33:31] UTN FRA LOGGER.INFO: ip = [] {"uid":"ccc4cf7"}
[2019-11-08 16:39:30] UTN FRA LOGGER.INFO: Datos  =PostmanRuntime/7.19.0 [] {"uid":"f988cea"}
[2019-11-08 16:39:30] UTN FRA LOGGER.INFO: ip = [] {"uid":"f988cea"}
[2019-11-08 16:39:44] UTN FRA LOGGER.INFO: Datos  =PostmanRuntime/7.19.0 [] {"uid":"1f68538"}
[2019-11-08 16:39:44] UTN FRA LOGGER.INFO: ip = [] {"uid":"1f68538"}
[2019-11-08 16:42:07] UTN FRA LOGGER.INFO: Datos  =PostmanRuntime/7.19.0 [] {"uid":"d0705ef"}
[2019-11-08 16:42:07] UTN FRA LOGGER.INFO: ip = [] {"uid":"d0705ef"}
[2019-11-08 16:46:48] UTN FRA LOGGER.INFO: Datos  =PostmanRuntime/7.19.0 [] {"uid":"40034a8"}
[2019-11-08 16:46:48] UTN FRA LOGGER.INFO: ip = [] {"uid":"40034a8"}
[2019-11-08 17:36:02] UTN FRA LOGGER.INFO: Datos  =PostmanRuntime/7.19.0 [] {"uid":"792fdee"}
[2019-11-08 17:36:02] UTN FRA LOGGER.INFO: ip = [] {"uid":"792fdee"}
[2019-11-08 17:36:53] UTN FRA LOGGER.INFO: Datos  =PostmanRuntime/7.19.0 [] {"uid":"7ced940"}
[2019-11-08 17:36:53] UTN FRA LOGGER.INFO: ip = [] {"uid":"7ced940"}
[2019-11-08 17:36:55] UTN FRA LOGGER.INFO: Datos  =PostmanRuntime/7.19.0 [] {"uid":"e6e3ae4"}
[2019-11-08 17:36:55] UTN FRA LOGGER.INFO: ip = [] {"uid":"e6e3ae4"}
[2019-11-08 17:37:14] UTN FRA LOGGER.INFO: Datos  =PostmanRuntime/7.19.0 [] {"uid":"3f243b6"}
[2019-11-08 17:37:14] UTN FRA LOGGER.INFO: ip = [] {"uid":"3f243b6"}
[2019-11-08 17:37:39] UTN FRA LOGGER.INFO: Datos  =PostmanRuntime/7.19.0 [] {"uid":"54132a7"}
[2019-11-08 17:37:39] UTN FRA LOGGER.INFO: ip = [] {"uid":"54132a7"}
[2019-11-08 17:38:29] UTN FRA LOGGER.INFO: Datos  =PostmanRuntime/7.19.0 [] {"uid":"34cbbda"}
[2019-11-08 17:38:29] UTN FRA LOGGER.INFO: ip = [] {"uid":"34cbbda"}
[2019-11-08 17:38:46] UTN FRA LOGGER.INFO: Datos  =PostmanRuntime/7.19.0 [] {"uid":"60b1ed6"}
[2019-11-08 17:38:46] UTN FRA LOGGER.INFO: ip = [] {"uid":"60b1ed6"}
[2019-11-08 17:39:50] UTN FRA LOGGER.INFO: Datos  =PostmanRuntime/7.19.0 [] {"uid":"3836967"}
[2019-11-08 17:39:50] UTN FRA LOGGER.INFO: ip = [] {"uid":"3836967"}
[2019-11-08 17:42:24] UTN FRA LOGGER.INFO: Datos  =PostmanRuntime/7.19.0 [] {"uid":"c47f483"}
[2019-11-08 17:42:24] UTN FRA LOGGER.INFO: ip = [] {"uid":"c47f483"}
[2019-11-08 17:45:32] UTN FRA LOGGER.INFO: Datos  =PostmanRuntime/7.19.0 [] {"uid":"3fd1cf2"}
[2019-11-08 17:45:32] UTN FRA LOGGER.INFO: ip = [] {"uid":"3fd1cf2"}
[2019-11-08 17:45:58] UTN FRA LOGGER.INFO: Datos  =PostmanRuntime/7.19.0 [] {"uid":"0d61e63"}
[2019-11-08 17:45:58] UTN FRA LOGGER.INFO: ip = [] {"uid":"0d61e63"}
[2019-11-08 17:46:23] UTN FRA LOGGER.INFO: Datos  =PostmanRuntime/7.19.0 [] {"uid":"7cefda8"}
[2019-11-08 17:46:23] UTN FRA LOGGER.INFO: ip = [] {"uid":"7cefda8"}
[2019-11-08 17:47:12] UTN FRA LOGGER.INFO: Datos  =PostmanRuntime/7.19.0 [] {"uid":"e6cdab9"}
[2019-11-08 17:47:12] UTN FRA LOGGER.INFO: ip = [] {"uid":"e6cdab9"}
[2019-11-08 17:53:49] UTN FRA LOGGER.INFO: Datos  =PostmanRuntime/7.19.0 [] {"uid":"a153242"}
[2019-11-08 17:53:49] UTN FRA LOGGER.INFO: ip = [] {"uid":"a153242"}
[2019-11-08 17:54:48] UTN FRA LOGGER.INFO: Datos  =PostmanRuntime/7.19.0 [] {"uid":"8ccc719"}
[2019-11-08 17:54:48] UTN FRA LOGGER.INFO: ip = [] {"uid":"8ccc719"}
[2019-11-08 17:55:58] UTN FRA LOGGER.INFO: Datos  =PostmanRuntime/7.19.0 [] {"uid":"50b8bb5"}
[2019-11-08 17:55:58] UTN FRA LOGGER.INFO: ip = [] {"uid":"50b8bb5"}
[2019-11-08 17:56:35] UTN FRA LOGGER.INFO: Datos  =PostmanRuntime/7.19.0 [] {"uid":"83d6869"}
[2019-11-08 17:56:35] UTN FRA LOGGER.INFO: ip = [] {"uid":"83d6869"}
[2019-11-08 17:57:03] UTN FRA LOGGER.INFO: Datos  =PostmanRuntime/7.19.0 [] {"uid":"41bf14f"}
[2019-11-08 17:57:03] UTN FRA LOGGER.INFO: ip = [] {"uid":"41bf14f"}
[2019-11-09 18:43:30] UTN FRA LOGGER.INFO: Datos  =PostmanRuntime/7.19.0 [] {"uid":"acc16af"}
[2019-11-09 18:43:30] UTN FRA LOGGER.INFO: ip = [] {"uid":"acc16af"}
[2019-11-09 18:44:14] UTN FRA LOGGER.INFO: Datos  =PostmanRuntime/7.19.0 [] {"uid":"3f5d599"}
[2019-11-09 18:44:14] UTN FRA LOGGER.INFO: ip = [] {"uid":"3f5d599"}
[2019-11-09 18:44:21] UTN FRA LOGGER.INFO: Datos  =PostmanRuntime/7.19.0 [] {"uid":"fce78f9"}
[2019-11-09 18:44:21] UTN FRA LOGGER.INFO: ip = [] {"uid":"fce78f9"}
[2019-11-09 18:44:25] UTN FRA LOGGER.INFO: Datos  =PostmanRuntime/7.19.0 [] {"uid":"c8ad626"}
[2019-11-09 18:44:25] UTN FRA LOGGER.INFO: ip = [] {"uid":"c8ad626"}
[2019-11-09 18:44:29] UTN FRA LOGGER.INFO: Datos  =PostmanRuntime/7.19.0 [] {"uid":"8863bc9"}
[2019-11-09 18:44:29] UTN FRA LOGGER.INFO: ip = [] {"uid":"8863bc9"}
[2019-11-09 18:44:33] UTN FRA LOGGER.INFO: Datos  =PostmanRuntime/7.19.0 [] {"uid":"c38391f"}
[2019-11-09 18:44:33] UTN FRA LOGGER.INFO: ip = [] {"uid":"c38391f"}
[2019-11-09 18:45:34] UTN FRA LOGGER.INFO: Datos  =PostmanRuntime/7.19.0 [] {"uid":"d52351d"}
[2019-11-09 18:45:34] UTN FRA LOGGER.INFO: ip = [] {"uid":"d52351d"}
[2019-11-09 18:45:58] UTN FRA LOGGER.INFO: Datos  =PostmanRuntime/7.19.0 [] {"uid":"7099878"}
[2019-11-09 18:45:58] UTN FRA LOGGER.INFO: ip = [] {"uid":"7099878"}
[2019-11-09 18:46:13] UTN FRA LOGGER.INFO: Datos  =PostmanRuntime/7.19.0 [] {"uid":"cd70ed8"}
[2019-11-09 18:46:13] UTN FRA LOGGER.INFO: ip = [] {"uid":"cd70ed8"}
[2019-11-09 18:47:06] UTN FRA LOGGER.INFO: Datos  =PostmanRuntime/7.19.0 [] {"uid":"2a59fdd"}
[2019-11-09 18:47:06] UTN FRA LOGGER.INFO: ip = [] {"uid":"2a59fdd"}
[2019-11-09 18:47:45] UTN FRA LOGGER.INFO: Datos  =PostmanRuntime/7.19.0 [] {"uid":"6b32236"}
[2019-11-09 18:47:45] UTN FRA LOGGER.INFO: ip = [] {"uid":"6b32236"}
[2019-11-09 18:47:49] UTN FRA LOGGER.INFO: Datos  =PostmanRuntime/7.19.0 [] {"uid":"81ffa3f"}
[2019-11-09 18:47:49] UTN FRA LOGGER.INFO: ip = [] {"uid":"81ffa3f"}
[2019-11-09 18:48:55] UTN FRA LOGGER.INFO: Datos  =PostmanRuntime/7.19.0 [] {"uid":"b15c133"}
[2019-11-09 18:48:55] UTN FRA LOGGER.INFO: ip = [] {"uid":"b15c133"}
[2019-11-09 18:49:01] UTN FRA LOGGER.INFO: Datos  =PostmanRuntime/7.19.0 [] {"uid":"5239958"}
[2019-11-09 18:49:01] UTN FRA LOGGER.INFO: ip = [] {"uid":"5239958"}
[2019-11-09 18:53:20] UTN FRA LOGGER.INFO: Datos  =PostmanRuntime/7.19.0 [] {"uid":"f270a83"}
[2019-11-09 18:53:20] UTN FRA LOGGER.INFO: ip = [] {"uid":"f270a83"}
[2019-11-09 18:55:10] UTN FRA LOGGER.INFO: Datos  =PostmanRuntime/7.19.0 [] {"uid":"a5ce9ca"}
[2019-11-09 18:55:10] UTN FRA LOGGER.INFO: ip = [] {"uid":"a5ce9ca"}
[2019-11-09 18:57:11] UTN FRA LOGGER.INFO: Datos  =PostmanRuntime/7.19.0 [] {"uid":"8555238"}
[2019-11-09 18:57:11] UTN FRA LOGGER.INFO: ip = [] {"uid":"8555238"}
[2019-11-09 18:57:45] UTN FRA LOGGER.INFO: Datos  =PostmanRuntime/7.19.0 [] {"uid":"d746014"}
[2019-11-09 18:57:45] UTN FRA LOGGER.INFO: ip = [] {"uid":"d746014"}
[2019-11-09 18:58:01] UTN FRA LOGGER.INFO: Datos  =PostmanRuntime/7.19.0 [] {"uid":"ef95112"}
[2019-11-09 18:58:01] UTN FRA LOGGER.INFO: ip = [] {"uid":"ef95112"}
[2019-11-09 18:58:48] UTN FRA LOGGER.INFO: Datos  =PostmanRuntime/7.19.0 [] {"uid":"980e627"}
[2019-11-09 18:58:48] UTN FRA LOGGER.INFO: ip = [] {"uid":"980e627"}
[2019-11-09 18:59:49] UTN FRA LOGGER.INFO: Datos  =PostmanRuntime/7.19.0 [] {"uid":"e673a92"}
[2019-11-09 18:59:49] UTN FRA LOGGER.INFO: ip = [] {"uid":"e673a92"}
[2019-11-09 19:00:16] UTN FRA LOGGER.INFO: Datos  =PostmanRuntime/7.19.0 [] {"uid":"17c42e7"}
[2019-11-09 19:00:16] UTN FRA LOGGER.INFO: ip = [] {"uid":"17c42e7"}
[2019-11-09 19:10:21] UTN FRA LOGGER.INFO: Datos  =PostmanRuntime/7.19.0 [] {"uid":"b4cd9b6"}
[2019-11-09 19:10:21] UTN FRA LOGGER.INFO: ip = [] {"uid":"b4cd9b6"}
[2019-11-09 19:10:26] UTN FRA LOGGER.INFO: Datos  =PostmanRuntime/7.19.0 [] {"uid":"960105c"}
[2019-11-09 19:10:26] UTN FRA LOGGER.INFO: ip = [] {"uid":"960105c"}
[2019-11-09 19:12:06] UTN FRA LOGGER.INFO: Datos  =PostmanRuntime/7.19.0 [] {"uid":"8faf935"}
[2019-11-09 19:12:06] UTN FRA LOGGER.INFO: ip = [] {"uid":"8faf935"}
[2019-11-09 19:12:10] UTN FRA LOGGER.INFO: Datos  =PostmanRuntime/7.19.0 [] {"uid":"f9bf335"}
[2019-11-09 19:12:10] UTN FRA LOGGER.INFO: ip = [] {"uid":"f9bf335"}
[2019-11-09 19:19:05] UTN FRA LOGGER.INFO: Datos  =PostmanRuntime/7.19.0 [] {"uid":"0f1ef14"}
[2019-11-09 19:19:05] UTN FRA LOGGER.INFO: ip = [] {"uid":"0f1ef14"}
[2019-11-09 19:19:07] UTN FRA LOGGER.INFO: Datos  =PostmanRuntime/7.19.0 [] {"uid":"eb35021"}
[2019-11-09 19:19:07] UTN FRA LOGGER.INFO: ip = [] {"uid":"eb35021"}
[2019-11-09 19:19:27] UTN FRA LOGGER.INFO: Datos  =PostmanRuntime/7.19.0 [] {"uid":"3216451"}
[2019-11-09 19:19:27] UTN FRA LOGGER.INFO: ip = [] {"uid":"3216451"}
