{"caso":"POST","hora":"09:05:26","ruta":"http:\/\/localhost\/Programacion-3\/PracticaParcial\/RPP\/pizzaAPI\/pizzas"}
{"caso":"POST","hora":"09:09:44","ruta":"http:\/\/localhost\/Programacion-3\/PracticaParcial\/RPP\/pizzaAPI\/pizzas"}
{"caso":"GET","hora":"09:12:13","ruta":"http:\/\/localhost\/Programacion-3\/PracticaParcial\/RPP\/pizzaAPI\/pizzas?tipo=piedra&sabor=jamon"}
{"caso":"GET","hora":"09:12:30","ruta":"http:\/\/localhost\/Programacion-3\/PracticaParcial\/RPP\/pizzaAPI\/pizzas?tipo=piedra&sabor=muzza"}
{"caso":"GET","hora":"09:14:01","ruta":"http:\/\/localhost\/Programacion-3\/PracticaParcial\/RPP\/pizzaAPI\/pizzas?tipo=piedra&sabor=muzza"}
{"caso":"GET","hora":"09:15:22","ruta":"http:\/\/localhost\/Programacion-3\/PracticaParcial\/RPP\/pizzaAPI\/pizzas?tipo=piedra&sabor=muzza"}
{"caso":"GET","hora":"09:15:34","ruta":"http:\/\/localhost\/Programacion-3\/PracticaParcial\/RPP\/pizzaAPI\/pizzas?tipo=piedra&sabor=muzza"}
{"caso":"GET","hora":"09:16:46","ruta":"http:\/\/localhost\/Programacion-3\/PracticaParcial\/RPP\/pizzaAPI\/pizzas?tipo=piedra&sabor=muzza"}
{"caso":"GET","hora":"09:18:58","ruta":"http:\/\/localhost\/Programacion-3\/PracticaParcial\/RPP\/pizzaAPI\/pizzas?tipo=piedra&sabor=muzza"}
{"caso":"POST","hora":"09:30:51","ruta":"http:\/\/localhost\/Programacion-3\/PracticaParcial\/RPP\/pizzaAPI\/ventas"}
{"caso":"POST","hora":"09:32:04","ruta":"http:\/\/localhost\/Programacion-3\/PracticaParcial\/RPP\/pizzaAPI\/ventas"}
{"caso":"POST","hora":"09:44:17","ruta":"http:\/\/localhost\/Programacion-3\/PracticaParcial\/RPP\/pizzaAPI\/modificarPizza"}
{"caso":"POST","hora":"09:45:52","ruta":"http:\/\/localhost\/Programacion-3\/PracticaParcial\/RPP\/pizzaAPI\/modificarPizza"}
{"caso":"POST","hora":"09:46:55","ruta":"http:\/\/localhost\/Programacion-3\/PracticaParcial\/RPP\/pizzaAPI\/modificarPizza"}
{"caso":"POST","hora":"09:48:16","ruta":"http:\/\/localhost\/Programacion-3\/PracticaParcial\/RPP\/pizzaAPI\/modificarPizza"}
{"caso":"GET","hora":"09:59:41","ruta":"http:\/\/localhost\/Programacion-3\/PracticaParcial\/RPP\/pizzaAPI\/consultarVentas?tipo=piedra"}
{"caso":"GET","hora":"10:00:11","ruta":"http:\/\/localhost\/Programacion-3\/PracticaParcial\/RPP\/pizzaAPI\/consultarVentas?tipo=piedra&sabor=fugazza"}
{"caso":"GET","hora":"10:00:28","ruta":"http:\/\/localhost\/Programacion-3\/PracticaParcial\/RPP\/pizzaAPI\/consultarVentas?tipo=piedra&sabor=muzza"}
{"caso":"GET","hora":"10:00:33","ruta":"http:\/\/localhost\/Programacion-3\/PracticaParcial\/RPP\/pizzaAPI\/consultarVentas?sabor=muzza"}
{"caso":"GET","hora":"10:00:40","ruta":"http:\/\/localhost\/Programacion-3\/PracticaParcial\/RPP\/pizzaAPI\/consultarVentas?tipo=molde"}
{"caso":"POST","hora":"10:01:48","ruta":"http:\/\/localhost\/Programacion-3\/PracticaParcial\/RPP\/pizzaAPI\/pizzas"}
{"caso":"DELETE","hora":"10:08:09","ruta":"http:\/\/localhost\/Programacion-3\/PracticaParcial\/RPP\/pizzaAPI\/borrarPizza?id=2"}
{"caso":"DELETE","hora":"10:09:32","ruta":"http:\/\/localhost\/Programacion-3\/PracticaParcial\/RPP\/pizzaAPI\/borrarPizza?id=1"}
{"caso":"GET","hora":"10:14:45","ruta":"http:\/\/localhost\/Programacion-3\/PracticaParcial\/RPP\/pizzaAPI\/logs?fecha=10:00:00"}
