
[2019-06-13 14:22:41] UTN FRA LOGGER.INFO: metodo=GET, URI=http%3A%2F%2Flocalhost%2FFull-API-REST-Skeleton%2Fpublic, RUTA=cd, autoridad=localhost [] {"uid":"cbdaafa"}
[2019-06-13 14:22:41] UTN FRA LOGGER.INFO: Slim-Skeleton '/' route [] {"uid":"cbdaafa"}
[2019-06-13 14:23:14] UTN FRA LOGGER.INFO: metodo=GET, URI=http%3A%2F%2Flocalhost%2FFull-API-REST-Skeleton%2Fpublic, RUTA=cd, autoridad=localhost [] {"uid":"51c39c8"}
[2019-06-13 14:23:14] UTN FRA LOGGER.INFO: Slim-Skeleton '/' route [] {"uid":"51c39c8"}
[2019-06-13 14:31:21] UTN FRA LOGGER.INFO: metodo=GET, URI=http%3A%2F%2Flocalhost%2FFull-API-REST-Skeleton%2Fpublic, RUTA=cd, autoridad=localhost [] {"uid":"8c0519b"}
[2019-06-13 14:31:21] UTN FRA LOGGER.INFO: Slim-Skeleton '/' route [] {"uid":"8c0519b"}
[2019-06-13 14:33:01] UTN FRA LOGGER.INFO: metodo=POST, URI=http%3A%2F%2Flocalhost%2FFull-API-REST-Skeleton%2Fpublic, RUTA=cd, autoridad=localhost [] {"uid":"0b2cd96"}
[2019-06-13 14:33:04] UTN FRA LOGGER.INFO: metodo=POST, URI=http%3A%2F%2Flocalhost%2FFull-API-REST-Skeleton%2Fpublic, RUTA=cd%2F, autoridad=localhost [] {"uid":"c6b9506"}
[2019-06-13 14:33:08] UTN FRA LOGGER.INFO: metodo=POST, URI=http%3A%2F%2Flocalhost%2FFull-API-REST-Skeleton%2Fpublic, RUTA=cd, autoridad=localhost [] {"uid":"be6a201"}
[2019-06-13 14:33:14] UTN FRA LOGGER.INFO: metodo=GET, URI=http%3A%2F%2Flocalhost%2FFull-API-REST-Skeleton%2Fpublic, RUTA=cd, autoridad=localhost [] {"uid":"c72b911"}
[2019-06-13 14:33:14] UTN FRA LOGGER.INFO: Slim-Skeleton '/' route [] {"uid":"c72b911"}
[2019-06-13 14:41:27] UTN FRA LOGGER.INFO: metodo=GET, URI=http%3A%2F%2Flocalhost%2FFull-API-REST-Skeleton%2Fpublic, RUTA=cd, autoridad=localhost [] {"uid":"a176d8c"}
[2019-06-13 14:41:27] UTN FRA LOGGER.INFO: Slim-Skeleton '/' route [] {"uid":"a176d8c"}
[2019-06-13 14:46:20] UTN FRA LOGGER.INFO: metodo=GET, URI=http%3A%2F%2Flocalhost%2FFull-API-REST-Skeleton%2Fpublic, RUTA=cd, autoridad=localhost [] {"uid":"ee35737"}
[2019-06-13 14:46:20] UTN FRA LOGGER.INFO: Slim-Skeleton '/' route [] {"uid":"ee35737"}
[2019-06-13 14:48:37] UTN FRA LOGGER.INFO: metodo=GET, URI=http%3A%2F%2Flocalhost%2FFull-API-REST-Skeleton%2Fpublic, RUTA=cd, autoridad=localhost [] {"uid":"abec998"}
[2019-06-13 14:48:37] UTN FRA LOGGER.INFO: Slim-Skeleton '/' route [] {"uid":"abec998"}
[2019-06-13 14:48:52] UTN FRA LOGGER.INFO: metodo=GET, URI=http%3A%2F%2Flocalhost%2FFull-API-REST-Skeleton%2Fpublic, RUTA=cd, autoridad=localhost [] {"uid":"8673393"}
[2019-06-13 14:48:52] UTN FRA LOGGER.INFO: Slim-Skeleton '/' route [] {"uid":"8673393"}
[2019-06-13 14:48:59] UTN FRA LOGGER.INFO: metodo=GET, URI=http%3A%2F%2Flocalhost%2FFull-API-REST-Skeleton%2Fpublic, RUTA=%2F, autoridad=localhost [] {"uid":"4ea4dca"}
[2019-06-13 14:48:59] UTN FRA LOGGER.INFO: Slim-Skeleton '/' route [] {"uid":"4ea4dca"}
[2019-06-13 14:50:13] UTN FRA LOGGER.INFO: metodo=GET, URI=http%3A%2F%2Flocalhost%2FFull-API-REST-Skeleton%2Fpublic, RUTA=cd, autoridad=localhost [] {"uid":"7226ecc"}
[2019-06-13 14:50:13] UTN FRA LOGGER.INFO: Slim-Skeleton '/' route [] {"uid":"7226ecc"}
[2019-06-13 14:51:49] UTN FRA LOGGER.INFO: metodo=GET, URI=http%3A%2F%2Flocalhost%2FFull-API-REST-Skeleton%2Fpublic, RUTA=cd, autoridad=localhost [] {"uid":"436b3d9"}
[2019-06-13 14:51:49] UTN FRA LOGGER.INFO: Slim-Skeleton '/' route [] {"uid":"436b3d9"}
[2019-06-13 14:52:04] UTN FRA LOGGER.INFO: metodo=GET, URI=http%3A%2F%2Flocalhost%2FFull-API-REST-Skeleton%2Fpublic, RUTA=cdsadsad, autoridad=localhost [] {"uid":"1d5953a"}
[2019-06-13 14:52:04] UTN FRA LOGGER.INFO: Slim-Skeleton '/' route [] {"uid":"1d5953a"}
[2019-06-13 14:52:24] UTN FRA LOGGER.INFO: metodo=GET, URI=http%3A%2F%2Flocalhost%2FFull-API-REST-Skeleton%2Fpublic, RUTA=cdsadsad, autoridad=localhost [] {"uid":"e59d193"}
[2019-06-13 14:52:24] UTN FRA LOGGER.INFO: Slim-Skeleton '/' route [] {"uid":"e59d193"}
[2019-06-13 14:52:34] UTN FRA LOGGER.INFO: metodo=GET, URI=http%3A%2F%2Flocalhost%2FFull-API-REST-Skeleton%2Fpublic, RUTA=cddasasd, autoridad=localhost [] {"uid":"04a9747"}
[2019-06-13 14:52:34] UTN FRA LOGGER.INFO: Slim-Skeleton '/' route [] {"uid":"04a9747"}
[2019-06-13 14:54:41] UTN FRA LOGGER.INFO: metodo=GET, URI=http%3A%2F%2Flocalhost%2FFull-API-REST-Skeleton%2Fpublic, RUTA=cd, autoridad=localhost [] {"uid":"f107aba"}
[2019-06-13 14:54:41] UTN FRA LOGGER.INFO: Slim-Skeleton '/' route [] {"uid":"f107aba"}
[2019-06-13 15:40:36] UTN FRA LOGGER.INFO: metodo=GET, URI=http%3A%2F%2Flocalhost%2FFull-API-REST-Skeleton%2Fpublic, RUTA=cd, autoridad=localhost [] {"uid":"ef8c25a"}
[2019-06-13 15:40:36] UTN FRA LOGGER.INFO: Slim-Skeleton '/' route [] {"uid":"ef8c25a"}
[2019-06-13 15:40:42] UTN FRA LOGGER.INFO: metodo=GET, URI=http%3A%2F%2Flocalhost%2FFull-API-REST-Skeleton%2Fpublic, RUTA=JWT%2F, autoridad=localhost [] {"uid":"357fab5"}
[2019-06-13 15:41:29] UTN FRA LOGGER.INFO: metodo=GET, URI=http%3A%2F%2Flocalhost%2FFull-API-REST-Skeleton%2Fpublic, RUTA=JWT%2F, autoridad=localhost [] {"uid":"3f334b7"}
[2019-06-13 15:42:30] UTN FRA LOGGER.INFO: metodo=GET, URI=http%3A%2F%2Flocalhost%2FFull-API-REST-Skeleton%2Fpublic, RUTA=JWT%2F, autoridad=localhost [] {"uid":"f77f1dc"}
[2019-06-13 15:45:52] UTN FRA LOGGER.INFO: metodo=GET, URI=http%3A%2F%2Flocalhost%2FFull-API-REST-Skeleton%2Fpublic, RUTA=JWT%2F, autoridad=localhost [] {"uid":"ebede7d"}
[2019-06-13 15:46:48] UTN FRA LOGGER.INFO: metodo=GET, URI=http%3A%2F%2Flocalhost%2FFull-API-REST-Skeleton%2Fpublic, RUTA=JWT%2F, autoridad=localhost [] {"uid":"0ecbf97"}
[2019-06-13 15:46:49] UTN FRA LOGGER.INFO: metodo=GET, URI=http%3A%2F%2Flocalhost%2FFull-API-REST-Skeleton%2Fpublic, RUTA=JWT%2F, autoridad=localhost [] {"uid":"282c134"}
[2019-06-13 15:46:50] UTN FRA LOGGER.INFO: metodo=GET, URI=http%3A%2F%2Flocalhost%2FFull-API-REST-Skeleton%2Fpublic, RUTA=JWT%2F, autoridad=localhost [] {"uid":"3c95600"}
[2019-06-13 15:47:05] UTN FRA LOGGER.INFO: metodo=GET, URI=http%3A%2F%2Flocalhost%2FFull-API-REST-Skeleton%2Fpublic, RUTA=JWT%2F, autoridad=localhost [] {"uid":"c621b16"}
[2019-06-13 15:47:10] UTN FRA LOGGER.INFO: metodo=GET, URI=http%3A%2F%2Flocalhost%2FFull-API-REST-Skeleton%2Fpublic, RUTA=cd, autoridad=localhost [] {"uid":"bf6f035"}
[2019-06-13 15:47:10] UTN FRA LOGGER.INFO: Slim-Skeleton '/' route [] {"uid":"bf6f035"}
[2019-06-13 15:47:16] UTN FRA LOGGER.INFO: metodo=GET, URI=http%3A%2F%2Flocalhost%2FFull-API-REST-Skeleton%2Fpublic, RUTA=JWT%2F, autoridad=localhost [] {"uid":"cfac656"}
[2019-06-13 15:47:52] UTN FRA LOGGER.INFO: metodo=GET, URI=http%3A%2F%2Flocalhost%2FFull-API-REST-Skeleton%2Fpublic, RUTA=JWT%2F, autoridad=localhost [] {"uid":"e14969e"}
[2019-06-13 15:47:55] UTN FRA LOGGER.INFO: metodo=GET, URI=http%3A%2F%2Flocalhost%2FFull-API-REST-Skeleton%2Fpublic, RUTA=JWT, autoridad=localhost [] {"uid":"6b74752"}
[2019-06-13 15:47:55] UTN FRA LOGGER.INFO: Slim-Skeleton '/' route [] {"uid":"6b74752"}
[2019-06-13 15:48:12] UTN FRA LOGGER.INFO: metodo=GET, URI=http%3A%2F%2Flocalhost%2FFull-API-REST-Skeleton%2Fpublic, RUTA=JWT%2FcrearToken, autoridad=localhost [] {"uid":"4d4a878"}
[2019-06-13 15:48:15] UTN FRA LOGGER.INFO: metodo=GET, URI=http%3A%2F%2Flocalhost%2FFull-API-REST-Skeleton%2Fpublic, RUTA=JWT%2FcrearToken%2F, autoridad=localhost [] {"uid":"85c7bd2"}
[2019-06-13 15:50:55] UTN FRA LOGGER.INFO: metodo=GET, URI=http%3A%2F%2Flocalhost%2FFull-API-REST-Skeleton%2Fpublic, RUTA=JWT%2F, autoridad=localhost [] {"uid":"809f0d9"}
[2019-06-13 15:51:28] UTN FRA LOGGER.INFO: metodo=GET, URI=http%3A%2F%2Flocalhost%2FFull-API-REST-Skeleton%2Fpublic, RUTA=JWT%2FdevolverPayLoad, autoridad=localhost [] {"uid":"c4c1acb"}
[2019-06-13 15:51:33] UTN FRA LOGGER.INFO: metodo=GET, URI=http%3A%2F%2Flocalhost%2FFull-API-REST-Skeleton%2Fpublic, RUTA=JWT%2FdevolverPayLoad%2F, autoridad=localhost [] {"uid":"b2bb375"}
[2019-06-13 15:53:23] UTN FRA LOGGER.INFO: metodo=GET, URI=http%3A%2F%2Flocalhost%2FFull-API-REST-Skeleton%2Fpublic, RUTA=JWT%2FdevolverPayLoad%2F, autoridad=localhost [] {"uid":"4be0464"}
[2019-06-13 15:53:26] UTN FRA LOGGER.INFO: metodo=GET, URI=http%3A%2F%2Flocalhost%2FFull-API-REST-Skeleton%2Fpublic, RUTA=JWT%2FdevolverPayLoad%2F, autoridad=localhost [] {"uid":"d345f1e"}
[2019-06-13 15:54:00] UTN FRA LOGGER.INFO: metodo=GET, URI=http%3A%2F%2Flocalhost%2FFull-API-REST-Skeleton%2Fpublic, RUTA=JWT%2FdevolverPayLoad%2F, autoridad=localhost [] {"uid":"914db4e"}
[2019-06-13 15:54:01] UTN FRA LOGGER.INFO: metodo=GET, URI=http%3A%2F%2Flocalhost%2FFull-API-REST-Skeleton%2Fpublic, RUTA=JWT%2FdevolverPayLoad%2F, autoridad=localhost [] {"uid":"d8926fc"}
[2019-06-13 15:54:01] UTN FRA LOGGER.INFO: metodo=GET, URI=http%3A%2F%2Flocalhost%2FFull-API-REST-Skeleton%2Fpublic, RUTA=JWT%2FdevolverPayLoad%2F, autoridad=localhost [] {"uid":"e6913b2"}
[2019-06-13 15:54:01] UTN FRA LOGGER.INFO: metodo=GET, URI=http%3A%2F%2Flocalhost%2FFull-API-REST-Skeleton%2Fpublic, RUTA=JWT%2FdevolverPayLoad%2F, autoridad=localhost [] {"uid":"eb07b32"}
[2019-06-13 15:54:01] UTN FRA LOGGER.INFO: metodo=GET, URI=http%3A%2F%2Flocalhost%2FFull-API-REST-Skeleton%2Fpublic, RUTA=JWT%2FdevolverPayLoad%2F, autoridad=localhost [] {"uid":"5283686"}
[2019-06-13 15:54:02] UTN FRA LOGGER.INFO: metodo=GET, URI=http%3A%2F%2Flocalhost%2FFull-API-REST-Skeleton%2Fpublic, RUTA=JWT%2FdevolverPayLoad%2F, autoridad=localhost [] {"uid":"14a954e"}
[2019-06-13 15:54:02] UTN FRA LOGGER.INFO: metodo=GET, URI=http%3A%2F%2Flocalhost%2FFull-API-REST-Skeleton%2Fpublic, RUTA=JWT%2FdevolverPayLoad%2F, autoridad=localhost [] {"uid":"904e4eb"}
[2019-06-13 15:54:29] UTN FRA LOGGER.INFO: metodo=GET, URI=http%3A%2F%2Flocalhost%2FFull-API-REST-Skeleton%2Fpublic, RUTA=JWT%2FdevolverPayLoad%2F, autoridad=localhost [] {"uid":"6aa5ecf"}
[2019-06-13 15:54:53] UTN FRA LOGGER.INFO: metodo=GET, URI=http%3A%2F%2Flocalhost%2FFull-API-REST-Skeleton%2Fpublic, RUTA=JWT%2FdevolverPayLoad%2F, autoridad=localhost [] {"uid":"8a18527"}
[2019-06-13 16:14:20] UTN FRA LOGGER.INFO: metodo=GET, URI=http%3A%2F%2Flocalhost%2FFull-API-REST-Skeleton%2Fpublic, RUTA=JWT%2F, autoridad=localhost [] {"uid":"55a4605"}
[2019-06-13 16:14:25] UTN FRA LOGGER.INFO: metodo=POST, URI=http%3A%2F%2Flocalhost%2FFull-API-REST-Skeleton%2Fpublic, RUTA=JWT%2F, autoridad=localhost [] {"uid":"f981075"}
[2019-06-13 16:16:52] UTN FRA LOGGER.INFO: metodo=POST, URI=http%3A%2F%2Flocalhost%2FFull-API-REST-Skeleton%2Fpublic, RUTA=JWT%2F, autoridad=localhost [] {"uid":"46748bf"}
[2019-06-13 16:16:56] UTN FRA LOGGER.INFO: metodo=POST, URI=http%3A%2F%2Flocalhost%2FFull-API-REST-Skeleton%2Fpublic, RUTA=JWT%2F, autoridad=localhost [] {"uid":"0caf1e0"}
[2019-06-13 16:17:07] UTN FRA LOGGER.INFO: metodo=GET, URI=http%3A%2F%2Flocalhost%2FFull-API-REST-Skeleton%2Fpublic, RUTA=JWT%2F, autoridad=localhost [] {"uid":"6dd0ab4"}
[2019-06-13 16:19:09] UTN FRA LOGGER.INFO: metodo=GET, URI=http%3A%2F%2Flocalhost%2FFull-API-REST-Skeleton%2Fpublic, RUTA=JWT%2F, autoridad=localhost [] {"uid":"37dd024"}
[2019-06-13 16:19:58] UTN FRA LOGGER.INFO: metodo=GET, URI=http%3A%2F%2Flocalhost%2FFull-API-REST-Skeleton%2Fpublic, RUTA=JWT%2F, autoridad=localhost [] {"uid":"b69d6ce"}
[2019-06-13 16:20:00] UTN FRA LOGGER.INFO: metodo=GET, URI=http%3A%2F%2Flocalhost%2FFull-API-REST-Skeleton%2Fpublic, RUTA=JWT%2F, autoridad=localhost [] {"uid":"681fbe6"}
[2019-06-13 16:20:32] UTN FRA LOGGER.INFO: metodo=GET, URI=http%3A%2F%2Flocalhost%2FFull-API-REST-Skeleton%2Fpublic, RUTA=JWT%2F, autoridad=localhost [] {"uid":"1ef71a1"}
[2019-06-13 16:20:40] UTN FRA LOGGER.INFO: metodo=GET, URI=http%3A%2F%2Flocalhost%2FFull-API-REST-Skeleton%2Fpublic, RUTA=JWT%2F, autoridad=localhost [] {"uid":"9dfad57"}
[2019-11-19 13:25:24] UTN FRA LOGGER.INFO: metodo=POST, URI=http%3A%2F%2Flocalhost%2FSPP%2Fpublic, RUTA=colegioORM%2FcrearUsuario, autoridad=localhost [] {"uid":"c4003e8"}
[2019-11-19 13:26:03] UTN FRA LOGGER.INFO: metodo=POST, URI=http%3A%2F%2Flocalhost%2FSPP%2Fpublic, RUTA=colegioORM%2FcrearUsuario, autoridad=localhost [] {"uid":"e3f2f99"}
[2019-11-19 13:26:54] UTN FRA LOGGER.INFO: metodo=POST, URI=http%3A%2F%2Flocalhost%2FSPP%2Fpublic, RUTA=colegioORM%2FcrearUsuario, autoridad=localhost [] {"uid":"16ad860"}
[2019-11-19 13:29:02] UTN FRA LOGGER.INFO: metodo=POST, URI=http%3A%2F%2Flocalhost%2FSPP%2Fpublic, RUTA=colegioORM%2FcrearUsuario, autoridad=localhost [] {"uid":"ee4a8e6"}
[2019-11-19 13:29:23] UTN FRA LOGGER.INFO: metodo=POST, URI=http%3A%2F%2Flocalhost%2FSPP%2Fpublic, RUTA=colegioORM%2FcrearUsuario, autoridad=localhost [] {"uid":"7ba6d98"}
[2019-11-19 13:50:19] UTN FRA LOGGER.INFO: metodo=POST, URI=http%3A%2F%2Flocalhost%2FSPP%2Fpublic, RUTA=colegioORM%2FloginUsuario, autoridad=localhost [] {"uid":"b37ee47"}
[2019-11-19 13:51:15] UTN FRA LOGGER.INFO: metodo=POST, URI=http%3A%2F%2Flocalhost%2FSPP%2Fpublic, RUTA=colegioORM%2FloginUsuario, autoridad=localhost [] {"uid":"c8e2b03"}
[2019-11-19 13:54:14] UTN FRA LOGGER.INFO: metodo=POST, URI=http%3A%2F%2Flocalhost%2FSPP%2Fpublic, RUTA=colegioORM%2FloginUsuario, autoridad=localhost [] {"uid":"88a42eb"}
[2019-11-19 13:54:22] UTN FRA LOGGER.INFO: metodo=POST, URI=http%3A%2F%2Flocalhost%2FSPP%2Fpublic, RUTA=colegioORM%2FloginUsuario, autoridad=localhost [] {"uid":"b694bc0"}
[2019-11-19 13:54:32] UTN FRA LOGGER.INFO: metodo=POST, URI=http%3A%2F%2Flocalhost%2FSPP%2Fpublic, RUTA=colegioORM%2FloginUsuario, autoridad=localhost [] {"uid":"e8db126"}
[2019-11-19 13:54:37] UTN FRA LOGGER.INFO: metodo=POST, URI=http%3A%2F%2Flocalhost%2FSPP%2Fpublic, RUTA=colegioORM%2FloginUsuario, autoridad=localhost [] {"uid":"d18fd6b"}
[2019-11-19 14:16:35] UTN FRA LOGGER.INFO: metodo=POST, URI=http%3A%2F%2Flocalhost%2FSPP%2Fpublic, RUTA=colegioORM%2FloginUsuario, autoridad=localhost [] {"uid":"3ebb002"}
[2019-11-19 14:18:32] UTN FRA LOGGER.INFO: metodo=POST, URI=http%3A%2F%2Flocalhost%2FSPP%2Fpublic, RUTA=colegioORM%2FloginUsuario, autoridad=localhost [] {"uid":"13f70d3"}
[2019-11-19 14:21:35] UTN FRA LOGGER.INFO: metodo=POST, URI=http%3A%2F%2Flocalhost%2FSPP%2Fpublic, RUTA=colegioORM%2FcrearMateria, autoridad=localhost [] {"uid":"a0ec3ce"}
[2019-11-19 14:23:10] UTN FRA LOGGER.INFO: metodo=POST, URI=http%3A%2F%2Flocalhost%2FSPP%2Fpublic, RUTA=colegioORM%2FloginUsuario, autoridad=localhost [] {"uid":"5e15b25"}
[2019-11-19 14:24:56] UTN FRA LOGGER.INFO: metodo=POST, URI=http%3A%2F%2Flocalhost%2FSPP%2Fpublic, RUTA=colegioORM%2FloginUsuario, autoridad=localhost [] {"uid":"1d662ff"}
[2019-11-19 16:01:02] UTN FRA LOGGER.INFO: metodo=POST, URI=http%3A%2F%2Flocalhost%2FSPP%2Fpublic, RUTA=colegioORM%2FcrearUsuario, autoridad=localhost [] {"uid":"1c6cb6f"}
[2019-11-19 16:01:07] UTN FRA LOGGER.INFO: metodo=POST, URI=http%3A%2F%2Flocalhost%2FSPP%2Fpublic, RUTA=colegioORM%2FloginUsuario, autoridad=localhost [] {"uid":"717d45f"}
[2019-11-19 16:02:08] UTN FRA LOGGER.INFO: metodo=POST, URI=http%3A%2F%2Flocalhost%2FSPP%2Fpublic, RUTA=colegioORM%2FloginUsuario, autoridad=localhost [] {"uid":"a2058a5"}
[2019-11-19 16:02:25] UTN FRA LOGGER.INFO: metodo=POST, URI=http%3A%2F%2Flocalhost%2FSPP%2Fpublic, RUTA=colegioORM%2FcrearMateria, autoridad=localhost [] {"uid":"ae01856"}
[2019-11-19 16:06:07] UTN FRA LOGGER.INFO: metodo=POST, URI=http%3A%2F%2Flocalhost%2FSPP%2Fpublic, RUTA=colegioORM%2FcrearUsuario, autoridad=localhost [] {"uid":"080b818"}
[2019-11-19 16:06:19] UTN FRA LOGGER.INFO: metodo=POST, URI=http%3A%2F%2Flocalhost%2FSPP%2Fpublic, RUTA=colegioORM%2FcrearUsuario, autoridad=localhost [] {"uid":"6d19da7"}
[2019-11-19 16:12:33] UTN FRA LOGGER.INFO: metodo=POST, URI=http%3A%2F%2Flocalhost%2FSPP%2Fpublic, RUTA=colegioORM%2FloginUsuario, autoridad=localhost [] {"uid":"b5db3db"}
[2019-11-19 16:13:21] UTN FRA LOGGER.INFO: metodo=POST, URI=http%3A%2F%2Flocalhost%2FSPP%2Fpublic, RUTA=colegioORM%2FloginUsuario, autoridad=localhost [] {"uid":"6efdd48"}
[2019-11-19 16:19:32] UTN FRA LOGGER.INFO: metodo=POST, URI=http%3A%2F%2Flocalhost%2FSPP%2Fpublic, RUTA=colegioORM%2FcrearUsuario, autoridad=localhost [] {"uid":"07ac894"}
[2019-11-19 16:19:48] UTN FRA LOGGER.INFO: metodo=POST, URI=http%3A%2F%2Flocalhost%2FSPP%2Fpublic, RUTA=colegioORM%2FloginUsuario, autoridad=localhost [] {"uid":"b5c676e"}
[2019-11-19 16:20:10] UTN FRA LOGGER.INFO: metodo=POST, URI=http%3A%2F%2Flocalhost%2FSPP%2Fpublic, RUTA=colegioORM%2FcrearMateria, autoridad=localhost [] {"uid":"c3ed1c9"}
[2019-11-19 16:25:20] UTN FRA LOGGER.INFO: metodo=POST, URI=http%3A%2F%2Flocalhost%2FSPP%2Fpublic, RUTA=colegioORM%2FcrearMateria, autoridad=localhost [] {"uid":"750d2d3"}
[2019-11-19 16:26:54] UTN FRA LOGGER.INFO: metodo=POST, URI=http%3A%2F%2Flocalhost%2FSPP%2Fpublic, RUTA=colegioORM%2FloginUsuario, autoridad=localhost [] {"uid":"f103034"}
[2019-11-19 16:27:08] UTN FRA LOGGER.INFO: metodo=POST, URI=http%3A%2F%2Flocalhost%2FSPP%2Fpublic, RUTA=colegioORM%2FcrearMateria, autoridad=localhost [] {"uid":"3cb0e4a"}
[2019-11-19 16:30:48] UTN FRA LOGGER.INFO: metodo=POST, URI=http%3A%2F%2Flocalhost%2FSPP%2Fpublic, RUTA=colegioORM%2FcrearMateria, autoridad=localhost [] {"uid":"aaeb9ad"}
[2019-11-19 16:31:35] UTN FRA LOGGER.INFO: metodo=POST, URI=http%3A%2F%2Flocalhost%2FSPP%2Fpublic, RUTA=colegioORM%2FcrearMateria, autoridad=localhost [] {"uid":"2a2a3a1"}
[2019-11-19 17:32:42] UTN FRA LOGGER.INFO: metodo=POST, URI=http%3A%2F%2Flocalhost%2FSPP%2Fpublic, RUTA=colegioORM%2Fusuario%2F6, autoridad=localhost [] {"uid":"be1ebe0"}
[2019-11-19 17:34:37] UTN FRA LOGGER.INFO: metodo=POST, URI=http%3A%2F%2Flocalhost%2FSPP%2Fpublic, RUTA=colegioORM%2Fusuario%2F6, autoridad=localhost [] {"uid":"181b909"}
[2019-11-19 17:39:24] UTN FRA LOGGER.INFO: metodo=POST, URI=http%3A%2F%2Flocalhost%2FSPP%2Fpublic, RUTA=colegioORM%2Fusuario%2F6, autoridad=localhost [] {"uid":"3ba2ca8"}
[2019-11-19 17:41:31] UTN FRA LOGGER.INFO: metodo=POST, URI=http%3A%2F%2Flocalhost%2FSPP%2Fpublic, RUTA=colegioORM%2Fusuario%2F6, autoridad=localhost [] {"uid":"3109275"}
[2019-11-19 17:45:52] UTN FRA LOGGER.INFO: metodo=POST, URI=http%3A%2F%2Flocalhost%2FSPP%2Fpublic, RUTA=colegioORM%2Fusuario%2F6, autoridad=localhost [] {"uid":"7722929"}
[2019-11-19 17:46:28] UTN FRA LOGGER.INFO: metodo=POST, URI=http%3A%2F%2Flocalhost%2FSPP%2Fpublic, RUTA=colegioORM%2Fusuario%2F6, autoridad=localhost [] {"uid":"376c7b0"}
[2019-11-19 17:48:12] UTN FRA LOGGER.INFO: metodo=POST, URI=http%3A%2F%2Flocalhost%2FSPP%2Fpublic, RUTA=colegioORM%2Fusuario%2F6, autoridad=localhost [] {"uid":"2973b13"}
[2019-11-19 17:48:46] UTN FRA LOGGER.INFO: metodo=POST, URI=http%3A%2F%2Flocalhost%2FSPP%2Fpublic, RUTA=colegioORM%2Fusuario%2F6, autoridad=localhost [] {"uid":"3272db9"}
[2019-11-19 17:49:52] UTN FRA LOGGER.INFO: metodo=POST, URI=http%3A%2F%2Flocalhost%2FSPP%2Fpublic, RUTA=colegioORM%2Fusuario%2F6, autoridad=localhost [] {"uid":"581f356"}
[2019-11-19 17:51:47] UTN FRA LOGGER.INFO: metodo=POST, URI=http%3A%2F%2Flocalhost%2FSPP%2Fpublic, RUTA=colegioORM%2Fusuario%2F6, autoridad=localhost [] {"uid":"60a4240"}
[2019-11-19 18:02:37] UTN FRA LOGGER.INFO: metodo=POST, URI=http%3A%2F%2Flocalhost%2FSPP%2Fpublic, RUTA=colegioORM%2Fusuario%2F6, autoridad=localhost [] {"uid":"55f9051"}
[2019-11-19 18:07:04] UTN FRA LOGGER.INFO: metodo=POST, URI=http%3A%2F%2Flocalhost%2FSPP%2Fpublic, RUTA=colegioORM%2Fusuario%2F6, autoridad=localhost [] {"uid":"0d4d207"}
[2019-11-19 18:07:50] UTN FRA LOGGER.INFO: metodo=POST, URI=http%3A%2F%2Flocalhost%2FSPP%2Fpublic, RUTA=colegioORM%2Fusuario%2F6, autoridad=localhost [] {"uid":"cc7b3f5"}
[2019-11-19 18:08:37] UTN FRA LOGGER.INFO: metodo=POST, URI=http%3A%2F%2Flocalhost%2FSPP%2Fpublic, RUTA=colegioORM%2Fusuario%2F6, autoridad=localhost [] {"uid":"52d5804"}
[2019-11-19 18:09:38] UTN FRA LOGGER.INFO: metodo=POST, URI=http%3A%2F%2Flocalhost%2FSPP%2Fpublic, RUTA=colegioORM%2Fusuario%2F6, autoridad=localhost [] {"uid":"a17999f"}
[2019-11-19 18:10:20] UTN FRA LOGGER.INFO: metodo=POST, URI=http%3A%2F%2Flocalhost%2FSPP%2Fpublic, RUTA=colegioORM%2Fusuario%2F6, autoridad=localhost [] {"uid":"a1b508d"}
[2019-11-19 18:11:48] UTN FRA LOGGER.INFO: metodo=POST, URI=http%3A%2F%2Flocalhost%2FSPP%2Fpublic, RUTA=colegioORM%2Fusuario%2F6, autoridad=localhost [] {"uid":"a97bea4"}
[2019-11-19 18:15:24] UTN FRA LOGGER.INFO: metodo=POST, URI=http%3A%2F%2Flocalhost%2FSPP%2Fpublic, RUTA=colegioORM%2Fusuario%2F6, autoridad=localhost [] {"uid":"58e0592"}
[2019-11-19 18:16:15] UTN FRA LOGGER.INFO: metodo=POST, URI=http%3A%2F%2Flocalhost%2FSPP%2Fpublic, RUTA=colegioORM%2Fusuario%2F6, autoridad=localhost [] {"uid":"9c66653"}
[2019-11-19 18:16:47] UTN FRA LOGGER.INFO: metodo=POST, URI=http%3A%2F%2Flocalhost%2FSPP%2Fpublic, RUTA=colegioORM%2Fusuario%2F6, autoridad=localhost [] {"uid":"354beb8"}
[2019-11-19 18:19:09] UTN FRA LOGGER.INFO: metodo=POST, URI=http%3A%2F%2Flocalhost%2FSPP%2Fpublic, RUTA=colegioORM%2Fusuario%2F6, autoridad=localhost [] {"uid":"b072ecf"}
[2019-11-19 18:20:57] UTN FRA LOGGER.INFO: metodo=POST, URI=http%3A%2F%2Flocalhost%2FSPP%2Fpublic, RUTA=colegioORM%2FcrearUsuario, autoridad=localhost [] {"uid":"bd621d7"}
[2019-11-19 18:21:15] UTN FRA LOGGER.INFO: metodo=POST, URI=http%3A%2F%2Flocalhost%2FSPP%2Fpublic, RUTA=colegioORM%2FloginUsuario, autoridad=localhost [] {"uid":"f45189d"}
[2019-11-19 18:21:52] UTN FRA LOGGER.INFO: metodo=POST, URI=http%3A%2F%2Flocalhost%2FSPP%2Fpublic, RUTA=colegioORM%2Fusuario%2F6, autoridad=localhost [] {"uid":"515e6b0"}
[2019-11-19 18:22:43] UTN FRA LOGGER.INFO: metodo=POST, URI=http%3A%2F%2Flocalhost%2FSPP%2Fpublic, RUTA=colegioORM%2Fusuario%2F7, autoridad=localhost [] {"uid":"18647f7"}
[2019-11-19 18:28:58] UTN FRA LOGGER.INFO: metodo=POST, URI=http%3A%2F%2Flocalhost%2FSPP%2Fpublic, RUTA=colegioORM%2Fusuario%2F7, autoridad=localhost [] {"uid":"0e77561"}
[2019-11-19 18:58:47] UTN FRA LOGGER.INFO: metodo=POST, URI=http%3A%2F%2Flocalhost%2FSPP%2Fpublic, RUTA=colegioORM%2Fusuario%2F7, autoridad=localhost [] {"uid":"60d839a"}
[2019-11-19 18:59:39] UTN FRA LOGGER.INFO: metodo=POST, URI=http%3A%2F%2Flocalhost%2FSPP%2Fpublic, RUTA=colegioORM%2Fusuario%2F7, autoridad=localhost [] {"uid":"305b4b9"}
[2019-11-19 19:00:18] UTN FRA LOGGER.INFO: metodo=POST, URI=http%3A%2F%2Flocalhost%2FSPP%2Fpublic, RUTA=colegioORM%2Fusuario%2F7, autoridad=localhost [] {"uid":"46e2240"}
[2019-11-19 19:01:27] UTN FRA LOGGER.INFO: metodo=POST, URI=http%3A%2F%2Flocalhost%2FSPP%2Fpublic, RUTA=colegioORM%2Fusuario%2F7, autoridad=localhost [] {"uid":"ccb9d22"}
[2019-11-19 19:08:42] UTN FRA LOGGER.INFO: metodo=POST, URI=http%3A%2F%2Flocalhost%2FSPP%2Fpublic, RUTA=colegioORM%2Fusuario%2F7, autoridad=localhost [] {"uid":"f6b8015"}
[2019-11-19 19:23:44] UTN FRA LOGGER.INFO: metodo=POST, URI=http%3A%2F%2Flocalhost%2FSPP%2Fpublic, RUTA=colegioORM%2FcrearUsuario, autoridad=localhost [] {"uid":"79c199c"}
[2019-11-19 19:24:08] UTN FRA LOGGER.INFO: metodo=POST, URI=http%3A%2F%2Flocalhost%2FSPP%2Fpublic, RUTA=colegioORM%2FloginUsuario, autoridad=localhost [] {"uid":"7415d0a"}
[2019-11-19 19:24:53] UTN FRA LOGGER.INFO: metodo=POST, URI=http%3A%2F%2Flocalhost%2FSPP%2Fpublic, RUTA=colegioORM%2Fusuario%2F4, autoridad=localhost [] {"uid":"60a1532"}
[2019-11-19 19:25:51] UTN FRA LOGGER.INFO: metodo=POST, URI=http%3A%2F%2Flocalhost%2FSPP%2Fpublic, RUTA=colegioORM%2Fusuario%2F4, autoridad=localhost [] {"uid":"350628a"}
[2019-11-19 19:26:51] UTN FRA LOGGER.INFO: metodo=POST, URI=http%3A%2F%2Flocalhost%2FSPP%2Fpublic, RUTA=colegioORM%2Finscripcion%2F4, autoridad=localhost [] {"uid":"054ba95"}
[2019-11-19 19:28:09] UTN FRA LOGGER.INFO: metodo=POST, URI=http%3A%2F%2Flocalhost%2FSPP%2Fpublic, RUTA=colegioORM%2Finscripcion%2F4, autoridad=localhost [] {"uid":"2863725"}
[2019-11-19 19:30:02] UTN FRA LOGGER.INFO: metodo=POST, URI=http%3A%2F%2Flocalhost%2FSPP%2Fpublic, RUTA=colegioORM%2Finscripcion%2F4, autoridad=localhost [] {"uid":"efc361e"}
[2019-11-19 19:30:13] UTN FRA LOGGER.INFO: metodo=POST, URI=http%3A%2F%2Flocalhost%2FSPP%2Fpublic, RUTA=colegioORM%2Fusuario%2F7, autoridad=localhost [] {"uid":"969975c"}
[2019-11-19 19:42:20] UTN FRA LOGGER.INFO: metodo=GET, URI=http%3A%2F%2Flocalhost%2FSPP%2Fpublic, RUTA=colegioORM%2Fmaterias, autoridad=localhost [] {"uid":"92dd5f4"}
[2019-11-19 19:43:06] UTN FRA LOGGER.INFO: metodo=GET, URI=http%3A%2F%2Flocalhost%2FSPP%2Fpublic, RUTA=colegioORM%2Fmaterias, autoridad=localhost [] {"uid":"1c7c370"}
[2019-11-19 19:59:00] UTN FRA LOGGER.INFO: metodo=POST, URI=http%3A%2F%2Flocalhost%2FSPP%2Fpublic, RUTA=colegioORM%2FloginUsuario, autoridad=localhost [] {"uid":"d2206ad"}
[2019-11-19 19:59:08] UTN FRA LOGGER.INFO: metodo=GET, URI=http%3A%2F%2Flocalhost%2FSPP%2Fpublic, RUTA=colegioORM%2Fmaterias%2F4, autoridad=localhost [] {"uid":"2fca740"}
[2019-11-19 20:10:00] UTN FRA LOGGER.INFO: metodo=POST, URI=http%3A%2F%2Flocalhost%2FSPP%2Fpublic, RUTA=colegioORM%2Fusuario%2F7, autoridad=localhost [] {"uid":"583e170"}
[2019-11-19 20:14:45] UTN FRA LOGGER.INFO: metodo=POST, URI=http%3A%2F%2Flocalhost%2FSPP%2Fpublic, RUTA=colegioORM%2Fusuario%2F7, autoridad=localhost [] {"uid":"eb0384a"}
[2019-11-19 20:21:14] UTN FRA LOGGER.INFO: metodo=POST, URI=http%3A%2F%2Flocalhost%2FSPP%2Fpublic, RUTA=colegioORM%2Fusuario%2F7, autoridad=localhost [] {"uid":"5e9b32d"}
[2019-11-19 20:22:42] UTN FRA LOGGER.INFO: metodo=POST, URI=http%3A%2F%2Flocalhost%2FSPP%2Fpublic, RUTA=colegioORM%2Fusuario%2F7, autoridad=localhost [] {"uid":"cad6a12"}
[2019-11-19 20:23:15] UTN FRA LOGGER.INFO: metodo=POST, URI=http%3A%2F%2Flocalhost%2FSPP%2Fpublic, RUTA=colegioORM%2FloginUsuario, autoridad=localhost [] {"uid":"1ff1454"}
[2019-11-19 20:23:43] UTN FRA LOGGER.INFO: metodo=POST, URI=http%3A%2F%2Flocalhost%2FSPP%2Fpublic, RUTA=colegioORM%2Fusuario%2F6, autoridad=localhost [] {"uid":"c1d92db"}
[2019-11-19 20:23:48] UTN FRA LOGGER.INFO: metodo=POST, URI=http%3A%2F%2Flocalhost%2FSPP%2Fpublic, RUTA=colegioORM%2Fusuario%2F6, autoridad=localhost [] {"uid":"3e83cbd"}
[2019-11-19 20:25:49] UTN FRA LOGGER.INFO: metodo=POST, URI=http%3A%2F%2Flocalhost%2FSPP%2Fpublic, RUTA=colegioORM%2Fusuario%2F6, autoridad=localhost [] {"uid":"3b30f9e"}
[2019-11-19 20:27:09] UTN FRA LOGGER.INFO: metodo=GET, URI=http%3A%2F%2Flocalhost%2FSPP%2Fpublic, RUTA=colegioORM%2Fmaterias%2F4, autoridad=localhost [] {"uid":"910deba"}
[2019-11-19 20:27:12] UTN FRA LOGGER.INFO: metodo=GET, URI=http%3A%2F%2Flocalhost%2FSPP%2Fpublic, RUTA=colegioORM%2Fmaterias, autoridad=localhost [] {"uid":"85d16ad"}
[2019-11-19 20:27:15] UTN FRA LOGGER.INFO: metodo=POST, URI=http%3A%2F%2Flocalhost%2FSPP%2Fpublic, RUTA=colegioORM%2Finscripcion%2F4, autoridad=localhost [] {"uid":"5ca0fb8"}
[2019-11-19 20:31:23] UTN FRA LOGGER.INFO: metodo=POST, URI=http%3A%2F%2Flocalhost%2FSPP%2Fpublic, RUTA=colegioORM%2FcrearUsuario, autoridad=localhost [] {"uid":"2f3a105"}
[2019-11-19 20:32:59] UTN FRA LOGGER.INFO: metodo=POST, URI=http%3A%2F%2Flocalhost%2FSPP%2Fpublic, RUTA=colegioORM%2FloginUsuario, autoridad=localhost [] {"uid":"e379524"}
[2019-11-19 20:33:29] UTN FRA LOGGER.INFO: metodo=POST, URI=http%3A%2F%2Flocalhost%2FSPP%2Fpublic, RUTA=colegioORM%2Fusuario%2F6, autoridad=localhost [] {"uid":"74af877"}
[2019-11-19 20:33:37] UTN FRA LOGGER.INFO: metodo=POST, URI=http%3A%2F%2Flocalhost%2FSPP%2Fpublic, RUTA=colegioORM%2Fusuario%2F9, autoridad=localhost [] {"uid":"40daa00"}
[2019-11-19 20:35:42] UTN FRA LOGGER.INFO: metodo=POST, URI=http%3A%2F%2Flocalhost%2FSPP%2Fpublic, RUTA=colegioORM%2Fusuario%2F9, autoridad=localhost [] {"uid":"c917e4f"}
[2019-11-19 20:37:39] UTN FRA LOGGER.INFO: metodo=POST, URI=http%3A%2F%2Flocalhost%2FSPP%2Fpublic, RUTA=colegioORM%2Fusuario%2F9, autoridad=localhost [] {"uid":"e8f2686"}
[2019-11-19 20:37:51] UTN FRA LOGGER.INFO: metodo=POST, URI=http%3A%2F%2Flocalhost%2FSPP%2Fpublic, RUTA=colegioORM%2FcrearUsuario, autoridad=localhost [] {"uid":"0427bb2"}
[2019-11-19 20:38:01] UTN FRA LOGGER.INFO: metodo=POST, URI=http%3A%2F%2Flocalhost%2FSPP%2Fpublic, RUTA=colegioORM%2FloginUsuario, autoridad=localhost [] {"uid":"d18cb99"}
[2019-11-19 20:38:19] UTN FRA LOGGER.INFO: metodo=POST, URI=http%3A%2F%2Flocalhost%2FSPP%2Fpublic, RUTA=colegioORM%2Fusuario%2F10, autoridad=localhost [] {"uid":"0774c98"}
[2019-12-02 20:01:19] UTN FRA LOGGER.INFO: metodo=GET, URI=http%3A%2F%2Flocalhost%2Fcomandita%2Fpublic, RUTA=%2F, autoridad=localhost [] {"uid":"b7dca6f"}
[2019-12-02 20:01:19] UTN FRA LOGGER.INFO: Slim-Skeleton '/' route [] {"uid":"b7dca6f"}
[2019-12-02 20:01:19] UTN FRA LOGGER.INFO: metodo=GET, URI=http%3A%2F%2Flocalhost%2Fcomandita%2Fpublic, RUTA=%2F, autoridad=localhost [] {"uid":"f3a579d"}
[2019-12-02 20:01:19] UTN FRA LOGGER.INFO: Slim-Skeleton '/' route [] {"uid":"f3a579d"}
[2019-12-02 20:02:10] UTN FRA LOGGER.INFO: metodo=GET, URI=http%3A%2F%2Flocalhost%2Fcomandita%2Fpublic, RUTA=crearUsuario, autoridad=localhost [] {"uid":"b60eb77"}
[2019-12-02 20:02:10] UTN FRA LOGGER.INFO: Slim-Skeleton '/' route [] {"uid":"b60eb77"}
[2019-12-02 20:02:10] UTN FRA LOGGER.INFO: metodo=GET, URI=http%3A%2F%2Flocalhost%2Fcomandita%2Fpublic, RUTA=crearUsuario, autoridad=localhost [] {"uid":"5aa4858"}
[2019-12-02 20:02:10] UTN FRA LOGGER.INFO: Slim-Skeleton '/' route [] {"uid":"5aa4858"}
[2019-12-02 20:02:32] UTN FRA LOGGER.INFO: metodo=GET, URI=http%3A%2F%2Flocalhost%2Fcomandita%2Fpublic, RUTA=colegioORM%2FcrearUsuario, autoridad=localhost [] {"uid":"a014088"}
[2019-12-02 20:02:32] UTN FRA LOGGER.INFO: metodo=GET, URI=http%3A%2F%2Flocalhost%2Fcomandita%2Fpublic, RUTA=colegioORM%2FcrearUsuario, autoridad=localhost [] {"uid":"9acb09a"}
[2019-12-02 20:07:20] UTN FRA LOGGER.INFO: metodo=POST, URI=http%3A%2F%2Flocalhost%2Fcomandita%2Fpublic, RUTA=comanditaORM%2FcrearUsuario, autoridad=localhost [] {"uid":"c485988"}
[2019-12-02 20:14:01] UTN FRA LOGGER.INFO: metodo=POST, URI=http%3A%2F%2Flocalhost%2Fcomandita%2Fpublic, RUTA=comanditaORM%2FcrearUsuario, autoridad=localhost [] {"uid":"f990553"}
[2019-12-02 20:15:38] UTN FRA LOGGER.INFO: metodo=POST, URI=http%3A%2F%2Flocalhost%2Fcomandita%2Fpublic, RUTA=comanditaORM%2FcrearUsuario, autoridad=localhost [] {"uid":"5395eeb"}
[2019-12-02 20:15:54] UTN FRA LOGGER.INFO: metodo=POST, URI=http%3A%2F%2Flocalhost%2Fcomandita%2Fpublic, RUTA=comanditaORM%2FcrearUsuario, autoridad=localhost [] {"uid":"971533c"}
[2019-12-02 20:16:25] UTN FRA LOGGER.INFO: metodo=POST, URI=http%3A%2F%2Flocalhost%2Fcomandita%2Fpublic, RUTA=comanditaORM%2FcrearUsuario, autoridad=localhost [] {"uid":"2c1c655"}
[2019-12-02 20:17:21] UTN FRA LOGGER.INFO: metodo=POST, URI=http%3A%2F%2Flocalhost%2Fcomandita%2Fpublic, RUTA=comanditaORM%2FcrearUsuario, autoridad=localhost [] {"uid":"0cb590d"}
[2019-12-02 20:28:17] UTN FRA LOGGER.INFO: metodo=POST, URI=http%3A%2F%2Flocalhost%2Fcomandita%2Fpublic, RUTA=comanditaORM%2FcrearUsuario, autoridad=localhost [] {"uid":"dc2e603"}
[2019-12-02 20:29:15] UTN FRA LOGGER.INFO: metodo=POST, URI=http%3A%2F%2Flocalhost%2Fcomandita%2Fpublic, RUTA=comanditaORM%2FcrearUsuario, autoridad=localhost [] {"uid":"3392ccc"}
[2019-12-02 20:29:40] UTN FRA LOGGER.INFO: metodo=POST, URI=http%3A%2F%2Flocalhost%2Fcomandita%2Fpublic, RUTA=comanditaORM%2FcrearUsuario, autoridad=localhost [] {"uid":"bb02931"}
[2019-12-02 20:30:06] UTN FRA LOGGER.INFO: metodo=POST, URI=http%3A%2F%2Flocalhost%2Fcomandita%2Fpublic, RUTA=comanditaORM%2FcrearUsuario, autoridad=localhost [] {"uid":"6e48bad"}
[2019-12-02 20:31:46] UTN FRA LOGGER.INFO: metodo=POST, URI=http%3A%2F%2Flocalhost%2Fcomandita%2Fpublic, RUTA=comanditaORM%2FcrearUsuario, autoridad=localhost [] {"uid":"ff19c8a"}
[2019-12-02 20:33:06] UTN FRA LOGGER.INFO: metodo=POST, URI=http%3A%2F%2Flocalhost%2Fcomandita%2Fpublic, RUTA=comanditaORM%2FcrearUsuario, autoridad=localhost [] {"uid":"99af6ec"}
[2019-12-02 20:34:58] UTN FRA LOGGER.INFO: metodo=POST, URI=http%3A%2F%2Flocalhost%2Fcomandita%2Fpublic, RUTA=comanditaORM%2FcrearUsuario, autoridad=localhost [] {"uid":"6c4daac"}
[2019-12-02 20:37:03] UTN FRA LOGGER.INFO: metodo=POST, URI=http%3A%2F%2Flocalhost%2Fcomandita%2Fpublic, RUTA=comanditaORM%2FcrearUsuario, autoridad=localhost [] {"uid":"ab97bc7"}
[2019-12-02 21:28:19] UTN FRA LOGGER.INFO: metodo=POST, URI=http%3A%2F%2Flocalhost%2Fcomandita%2Fpublic, RUTA=comanditaORM%2FcrearUsuario, autoridad=localhost [] {"uid":"d2c9ce2"}
[2019-12-02 21:29:04] UTN FRA LOGGER.INFO: metodo=POST, URI=http%3A%2F%2Flocalhost%2Fcomandita%2Fpublic, RUTA=comanditaORM%2FcrearUsuario, autoridad=localhost [] {"uid":"61b4c92"}
[2019-12-02 21:29:58] UTN FRA LOGGER.INFO: metodo=POST, URI=http%3A%2F%2Flocalhost%2Fcomandita%2Fpublic, RUTA=comanditaORM%2FcrearUsuario, autoridad=localhost [] {"uid":"70698c9"}
[2019-12-02 21:30:45] UTN FRA LOGGER.INFO: metodo=POST, URI=http%3A%2F%2Flocalhost%2Fcomandita%2Fpublic, RUTA=comanditaORM%2FcrearUsuario, autoridad=localhost [] {"uid":"e86f36b"}
[2019-12-02 21:31:05] UTN FRA LOGGER.INFO: metodo=POST, URI=http%3A%2F%2Flocalhost%2Fcomandita%2Fpublic, RUTA=comanditaORM%2FcrearUsuario, autoridad=localhost [] {"uid":"a6640c0"}
[2019-12-02 21:31:36] UTN FRA LOGGER.INFO: metodo=POST, URI=http%3A%2F%2Flocalhost%2Fcomandita%2Fpublic, RUTA=comanditaORM%2FcrearUsuario, autoridad=localhost [] {"uid":"6d2777a"}
[2019-12-02 21:32:51] UTN FRA LOGGER.INFO: metodo=POST, URI=http%3A%2F%2Flocalhost%2Fcomandita%2Fpublic, RUTA=comanditaORM%2FloginUsuario, autoridad=localhost [] {"uid":"f0241a3"}
[2019-12-02 21:36:27] UTN FRA LOGGER.INFO: metodo=POST, URI=http%3A%2F%2Flocalhost%2Fcomandita%2Fpublic, RUTA=comanditaORM%2FloginUsuario, autoridad=localhost [] {"uid":"916049b"}
[2019-12-02 21:40:04] UTN FRA LOGGER.INFO: metodo=POST, URI=http%3A%2F%2Flocalhost%2Fcomandita%2Fpublic, RUTA=comanditaORM%2FloginUsuario, autoridad=localhost [] {"uid":"bf6657a"}
[2019-12-02 21:53:43] UTN FRA LOGGER.INFO: metodo=POST, URI=http%3A%2F%2Flocalhost%2Fcomandita%2Fpublic, RUTA=comanditaORM%2FloginUsuario, autoridad=localhost [] {"uid":"a9f32a5"}
[2019-12-02 22:23:48] UTN FRA LOGGER.INFO: metodo=POST, URI=http%3A%2F%2Flocalhost%2Fcomandita%2Fpublic, RUTA=comanditaORM%2FloginUsuario, autoridad=localhost [] {"uid":"cc1d042"}
[2019-12-02 22:27:52] UTN FRA LOGGER.INFO: metodo=POST, URI=http%3A%2F%2Flocalhost%2Fcomandita%2Fpublic, RUTA=comanditaORM%2FloginUsuario, autoridad=localhost [] {"uid":"63acfec"}
[2019-12-02 22:29:21] UTN FRA LOGGER.INFO: metodo=POST, URI=http%3A%2F%2Flocalhost%2Fcomandita%2Fpublic, RUTA=comanditaORM%2FloginUsuario, autoridad=localhost [] {"uid":"a1682d4"}
[2019-12-02 22:32:38] UTN FRA LOGGER.INFO: metodo=POST, URI=http%3A%2F%2Flocalhost%2Fcomandita%2Fpublic, RUTA=comanditaORM%2FloginUsuario, autoridad=localhost [] {"uid":"fc26b9b"}
[2019-12-02 22:34:06] UTN FRA LOGGER.INFO: metodo=POST, URI=http%3A%2F%2Flocalhost%2Fcomandita%2Fpublic, RUTA=comanditaORM%2FloginUsuario, autoridad=localhost [] {"uid":"e204f26"}
[2019-12-02 22:35:15] UTN FRA LOGGER.INFO: metodo=POST, URI=http%3A%2F%2Flocalhost%2Fcomandita%2Fpublic, RUTA=comanditaORM%2FloginUsuario, autoridad=localhost [] {"uid":"7cff3ee"}
[2019-12-02 22:35:46] UTN FRA LOGGER.INFO: metodo=POST, URI=http%3A%2F%2Flocalhost%2Fcomandita%2Fpublic, RUTA=comanditaORM%2FloginUsuario, autoridad=localhost [] {"uid":"709b109"}
[2019-12-03 00:17:41] UTN FRA LOGGER.INFO: metodo=POST, URI=http%3A%2F%2Flocalhost%2Fcomandita%2Fpublic, RUTA=comanditaORM%2FborrarUsuario, autoridad=localhost [] {"uid":"896f3b9"}
[2019-12-03 01:06:34] UTN FRA LOGGER.INFO: metodo=POST, URI=http%3A%2F%2Flocalhost%2Fcomandita%2Fpublic, RUTA=comanditaORM%2FborrarUsuario, autoridad=localhost [] {"uid":"22d035a"}
[2019-12-03 01:45:44] UTN FRA LOGGER.INFO: metodo=POST, URI=http%3A%2F%2Flocalhost%2Fcomandita%2Fpublic, RUTA=comanditaORM%2FcrearUsuario, autoridad=localhost [] {"uid":"950eaa7"}
[2019-12-03 01:47:02] UTN FRA LOGGER.INFO: metodo=POST, URI=http%3A%2F%2Flocalhost%2Fcomandita%2Fpublic, RUTA=comanditaORM%2FloginUsuario, autoridad=localhost [] {"uid":"6f6b763"}
[2019-12-03 01:48:57] UTN FRA LOGGER.INFO: metodo=POST, URI=http%3A%2F%2Flocalhost%2Fcomandita%2Fpublic, RUTA=comanditaORM%2FmodificarUsuario, autoridad=localhost [] {"uid":"bd372a1"}
[2019-12-03 01:49:45] UTN FRA LOGGER.INFO: metodo=POST, URI=http%3A%2F%2Flocalhost%2Fcomandita%2Fpublic, RUTA=comanditaORM%2FmodificarUsuario, autoridad=localhost [] {"uid":"9dd2b74"}
[2019-12-03 02:38:36] UTN FRA LOGGER.INFO: metodo=POST, URI=http%3A%2F%2Flocalhost%2Fcomandita%2Fpublic, RUTA=comanditaORM%2FmodificarUsuario%2Fdramos, autoridad=localhost [] {"uid":"16b2abe"}
[2019-12-03 02:41:52] UTN FRA LOGGER.INFO: metodo=POST, URI=http%3A%2F%2Flocalhost%2Fcomandita%2Fpublic, RUTA=comanditaORM%2FmodificarUsuario%2Fdramos, autoridad=localhost [] {"uid":"6041a3a"}
[2019-12-03 02:42:52] UTN FRA LOGGER.INFO: metodo=POST, URI=http%3A%2F%2Flocalhost%2Fcomandita%2Fpublic, RUTA=comanditaORM%2FmodificarUsuario%2Fdramos, autoridad=localhost [] {"uid":"4912a69"}
[2019-12-03 02:45:07] UTN FRA LOGGER.INFO: metodo=POST, URI=http%3A%2F%2Flocalhost%2Fcomandita%2Fpublic, RUTA=comanditaORM%2FmodificarUsuario%2Fdramos, autoridad=localhost [] {"uid":"b6f9862"}
[2019-12-03 02:51:29] UTN FRA LOGGER.INFO: metodo=POST, URI=http%3A%2F%2Flocalhost%2Fcomandita%2Fpublic, RUTA=comanditaORM%2FmodificarUsuario%2Fdramos, autoridad=localhost [] {"uid":"fb86cef"}
[2019-12-03 02:53:15] UTN FRA LOGGER.INFO: metodo=POST, URI=http%3A%2F%2Flocalhost%2Fcomandita%2Fpublic, RUTA=comanditaORM%2FmodificarUsuario%2Fdramos, autoridad=localhost [] {"uid":"f4c452e"}
[2019-12-03 02:58:26] UTN FRA LOGGER.INFO: metodo=POST, URI=http%3A%2F%2Flocalhost%2Fcomandita%2Fpublic, RUTA=comanditaORM%2FmodificarUsuario%2Fdramos, autoridad=localhost [] {"uid":"f771de3"}
[2019-12-03 03:00:08] UTN FRA LOGGER.INFO: metodo=POST, URI=http%3A%2F%2Flocalhost%2Fcomandita%2Fpublic, RUTA=comanditaORM%2FmodificarUsuario%2Fdramos, autoridad=localhost [] {"uid":"3f78740"}
[2019-12-03 03:05:30] UTN FRA LOGGER.INFO: metodo=POST, URI=http%3A%2F%2Flocalhost%2Fcomandita%2Fpublic, RUTA=comanditaORM%2FmodificarUsuario%2Fdramos, autoridad=localhost [] {"uid":"436659d"}
[2019-12-03 03:13:28] UTN FRA LOGGER.INFO: metodo=POST, URI=http%3A%2F%2Flocalhost%2Fcomandita%2Fpublic, RUTA=comanditaORM%2FmodificarUsuario%2Fdramos, autoridad=localhost [] {"uid":"217279d"}
[2019-12-09 21:18:45] UTN FRA LOGGER.INFO: metodo=POST, URI=http%3A%2F%2Flocalhost%2Fcomandita%2Fpublic, RUTA=comanditaORM%2Fusuarios%2FcrearUsuario, autoridad=localhost [] {"uid":"e42d456"}
[2019-12-09 21:19:16] UTN FRA LOGGER.INFO: metodo=POST, URI=http%3A%2F%2Flocalhost%2Fcomandita%2Fpublic, RUTA=comanditaORM%2Fusuarios%2FcrearUsuario, autoridad=localhost [] {"uid":"b614e9a"}
[2019-12-09 21:19:22] UTN FRA LOGGER.INFO: metodo=POST, URI=http%3A%2F%2Flocalhost%2Fcomandita%2Fpublic, RUTA=comanditaORM%2Fusuarios%2FcrearUsuario, autoridad=localhost [] {"uid":"d25e2b8"}
[2019-12-09 21:20:33] UTN FRA LOGGER.INFO: metodo=POST, URI=http%3A%2F%2Flocalhost%2Fcomandita%2Fpublic, RUTA=comanditaORM%2Fusuarios%2FcrearUsuario, autoridad=localhost [] {"uid":"48d6a10"}
[2019-12-09 21:23:40] UTN FRA LOGGER.INFO: metodo=POST, URI=http%3A%2F%2Flocalhost%2Fcomandita%2Fpublic, RUTA=comanditaORM%2Fusuarios%2FcrearUsuario, autoridad=localhost [] {"uid":"5ee3246"}
[2019-12-09 21:24:24] UTN FRA LOGGER.INFO: metodo=POST, URI=http%3A%2F%2Flocalhost%2Fcomandita%2Fpublic, RUTA=comanditaORM%2FloginUsuario, autoridad=localhost [] {"uid":"504f0c9"}
[2019-12-09 21:24:40] UTN FRA LOGGER.INFO: metodo=POST, URI=http%3A%2F%2Flocalhost%2Fcomandita%2Fpublic, RUTA=comanditaORM%2Fusuarios%2FloginUsuario, autoridad=localhost [] {"uid":"19cc107"}
[2019-12-09 21:26:16] UTN FRA LOGGER.INFO: metodo=POST, URI=http%3A%2F%2Flocalhost%2Fcomandita%2Fpublic, RUTA=comanditaORM%2FborrarUsuario, autoridad=localhost [] {"uid":"614e1b7"}
[2019-12-09 21:26:24] UTN FRA LOGGER.INFO: metodo=POST, URI=http%3A%2F%2Flocalhost%2Fcomandita%2Fpublic, RUTA=comanditaORM%2Fusuarios%2FborrarUsuario, autoridad=localhost [] {"uid":"be83565"}
[2019-12-09 21:26:45] UTN FRA LOGGER.INFO: metodo=POST, URI=http%3A%2F%2Flocalhost%2Fcomandita%2Fpublic, RUTA=comanditaORM%2Fusuarios%2FborrarUsuario, autoridad=localhost [] {"uid":"eb466b1"}
[2019-12-09 21:30:36] UTN FRA LOGGER.INFO: metodo=POST, URI=http%3A%2F%2Flocalhost%2Fcomandita%2Fpublic, RUTA=comanditaORM%2Fusuarios%2FborrarUsuario, autoridad=localhost [] {"uid":"64212da"}
[2019-12-09 21:35:17] UTN FRA LOGGER.INFO: metodo=POST, URI=http%3A%2F%2Flocalhost%2Fcomandita%2Fpublic, RUTA=comanditaORM%2Fusuarios%2FborrarUsuario, autoridad=localhost [] {"uid":"5d97265"}
[2019-12-09 21:36:48] UTN FRA LOGGER.INFO: metodo=POST, URI=http%3A%2F%2Flocalhost%2Fcomandita%2Fpublic, RUTA=comanditaORM%2Fusuarios%2FborrarUsuario, autoridad=localhost [] {"uid":"860a342"}
[2019-12-09 21:39:04] UTN FRA LOGGER.INFO: metodo=POST, URI=http%3A%2F%2Flocalhost%2Fcomandita%2Fpublic, RUTA=comanditaORM%2Fusuarios%2FborrarUsuario, autoridad=localhost [] {"uid":"87ecbd3"}
[2019-12-09 21:42:30] UTN FRA LOGGER.INFO: metodo=POST, URI=http%3A%2F%2Flocalhost%2Fcomandita%2Fpublic, RUTA=comanditaORM%2Fusuarios%2FborrarUsuario, autoridad=localhost [] {"uid":"e752442"}
[2019-12-09 21:44:37] UTN FRA LOGGER.INFO: metodo=POST, URI=http%3A%2F%2Flocalhost%2Fcomandita%2Fpublic, RUTA=comanditaORM%2Fusuarios%2FborrarUsuario, autoridad=localhost [] {"uid":"91f2e55"}
[2019-12-09 21:45:12] UTN FRA LOGGER.INFO: metodo=POST, URI=http%3A%2F%2Flocalhost%2Fcomandita%2Fpublic, RUTA=comanditaORM%2Fusuarios%2FborrarUsuario, autoridad=localhost [] {"uid":"e659c4d"}
[2019-12-09 21:45:30] UTN FRA LOGGER.INFO: metodo=POST, URI=http%3A%2F%2Flocalhost%2Fcomandita%2Fpublic, RUTA=comanditaORM%2Fusuarios%2FborrarUsuario, autoridad=localhost [] {"uid":"2c3ed42"}
[2019-12-09 21:50:34] UTN FRA LOGGER.INFO: metodo=POST, URI=http%3A%2F%2Flocalhost%2Fcomandita%2Fpublic, RUTA=comanditaORM%2Fusuarios%2FborrarUsuario, autoridad=localhost [] {"uid":"f9bfe35"}
[2019-12-09 21:51:04] UTN FRA LOGGER.INFO: metodo=POST, URI=http%3A%2F%2Flocalhost%2Fcomandita%2Fpublic, RUTA=comanditaORM%2Fusuarios%2FborrarUsuario, autoridad=localhost [] {"uid":"e2fdac7"}
[2019-12-09 21:52:40] UTN FRA LOGGER.INFO: metodo=POST, URI=http%3A%2F%2Flocalhost%2Fcomandita%2Fpublic, RUTA=comanditaORM%2Fusuarios%2FcrearUsuario, autoridad=localhost [] {"uid":"f6f5f68"}
[2019-12-09 21:52:58] UTN FRA LOGGER.INFO: metodo=POST, URI=http%3A%2F%2Flocalhost%2Fcomandita%2Fpublic, RUTA=comanditaORM%2Fusuarios%2FloginUsuario, autoridad=localhost [] {"uid":"d0856d5"}
[2019-12-09 21:53:12] UTN FRA LOGGER.INFO: metodo=POST, URI=http%3A%2F%2Flocalhost%2Fcomandita%2Fpublic, RUTA=comanditaORM%2Fusuarios%2FborrarUsuario, autoridad=localhost [] {"uid":"49d24ba"}
[2019-12-09 21:55:02] UTN FRA LOGGER.INFO: metodo=POST, URI=http%3A%2F%2Flocalhost%2Fcomandita%2Fpublic, RUTA=comanditaORM%2Fusuarios%2FmodificarUsuario%2Fnmiguenz, autoridad=localhost [] {"uid":"186661f"}
[2019-12-09 21:56:27] UTN FRA LOGGER.INFO: metodo=POST, URI=http%3A%2F%2Flocalhost%2Fcomandita%2Fpublic, RUTA=comanditaORM%2Fusuarios%2FcrearUsuario, autoridad=localhost [] {"uid":"c75adbf"}
[2019-12-09 21:57:02] UTN FRA LOGGER.INFO: metodo=POST, URI=http%3A%2F%2Flocalhost%2Fcomandita%2Fpublic, RUTA=comanditaORM%2Fusuarios%2FmodificarUsuario%2Fjdetta, autoridad=localhost [] {"uid":"3a13a74"}
[2019-12-09 21:57:53] UTN FRA LOGGER.INFO: metodo=POST, URI=http%3A%2F%2Flocalhost%2Fcomandita%2Fpublic, RUTA=comanditaORM%2Fusuarios%2FmodificarUsuario%2Fjdetta, autoridad=localhost [] {"uid":"bfb29db"}
[2019-12-09 23:09:46] UTN FRA LOGGER.INFO: metodo=POST, URI=http%3A%2F%2Flocalhost%2Fcomandita%2Fpublic, RUTA=comanditaORM%2Fusuarios%2FcrearUsuario, autoridad=localhost [] {"uid":"d5c79fb"}
[2019-12-09 23:10:00] UTN FRA LOGGER.INFO: metodo=POST, URI=http%3A%2F%2Flocalhost%2Fcomandita%2Fpublic, RUTA=comanditaORM%2Fusuarios%2FloginUsuario, autoridad=localhost [] {"uid":"c3b7fad"}
[2019-12-09 23:11:30] UTN FRA LOGGER.INFO: metodo=POST, URI=http%3A%2F%2Flocalhost%2Fcomandita%2Fpublic, RUTA=comanditaORM%2Fmesas%2Fcargar, autoridad=localhost [] {"uid":"a476795"}
[2019-12-09 23:20:12] UTN FRA LOGGER.INFO: metodo=POST, URI=http%3A%2F%2Flocalhost%2Fcomandita%2Fpublic, RUTA=comanditaORM%2Fmesas%2Fcargar, autoridad=localhost [] {"uid":"0e3dc21"}
[2019-12-09 23:22:35] UTN FRA LOGGER.INFO: metodo=POST, URI=http%3A%2F%2Flocalhost%2Fcomandita%2Fpublic, RUTA=comanditaORM%2Fmesas%2Fcargar, autoridad=localhost [] {"uid":"6979411"}
[2019-12-09 23:26:37] UTN FRA LOGGER.INFO: metodo=POST, URI=http%3A%2F%2Flocalhost%2Fcomandita%2Fpublic, RUTA=comanditaORM%2Fmesas%2Fcargar, autoridad=localhost [] {"uid":"40f21a3"}
[2019-12-09 23:29:10] UTN FRA LOGGER.INFO: metodo=POST, URI=http%3A%2F%2Flocalhost%2Fcomandita%2Fpublic, RUTA=comanditaORM%2Fmesas%2Fcargar, autoridad=localhost [] {"uid":"0d198e1"}
[2019-12-09 23:30:33] UTN FRA LOGGER.INFO: metodo=POST, URI=http%3A%2F%2Flocalhost%2Fcomandita%2Fpublic, RUTA=comanditaORM%2Fmesas%2Fcargar, autoridad=localhost [] {"uid":"09b5949"}
[2019-12-09 23:31:16] UTN FRA LOGGER.INFO: metodo=POST, URI=http%3A%2F%2Flocalhost%2Fcomandita%2Fpublic, RUTA=comanditaORM%2Fmesas%2Fcargar, autoridad=localhost [] {"uid":"d113d48"}
[2019-12-09 23:32:59] UTN FRA LOGGER.INFO: metodo=POST, URI=http%3A%2F%2Flocalhost%2Fcomandita%2Fpublic, RUTA=comanditaORM%2Fmesas%2FcargarMES, autoridad=localhost [] {"uid":"5dca660"}
[2019-12-09 23:41:02] UTN FRA LOGGER.INFO: metodo=POST, URI=http%3A%2F%2Flocalhost%2Fcomandita%2Fpublic, RUTA=comanditaORM%2Fmesas%2FcargarMES, autoridad=localhost [] {"uid":"c14951a"}
[2019-12-09 23:41:19] UTN FRA LOGGER.INFO: metodo=POST, URI=http%3A%2F%2Flocalhost%2Fcomandita%2Fpublic, RUTA=comanditaORM%2Fmesas%2Fcargar, autoridad=localhost [] {"uid":"8eebadb"}
[2019-12-09 23:43:26] UTN FRA LOGGER.INFO: metodo=POST, URI=http%3A%2F%2Flocalhost%2Fcomandita%2Fpublic, RUTA=comanditaORM%2Fmesas%2Fcargar, autoridad=localhost [] {"uid":"00c6890"}
[2019-12-09 23:48:20] UTN FRA LOGGER.INFO: metodo=POST, URI=http%3A%2F%2Flocalhost%2Fcomandita%2Fpublic, RUTA=comanditaORM%2Fmesas%2Fcargar, autoridad=localhost [] {"uid":"7dcf64d"}
[2019-12-09 23:50:07] UTN FRA LOGGER.INFO: metodo=POST, URI=http%3A%2F%2Flocalhost%2Fcomandita%2Fpublic, RUTA=comanditaORM%2Fmesas%2Fcargar, autoridad=localhost [] {"uid":"2d4c2ab"}
[2019-12-09 23:50:53] UTN FRA LOGGER.INFO: metodo=POST, URI=http%3A%2F%2Flocalhost%2Fcomandita%2Fpublic, RUTA=comanditaORM%2Fmesas%2Fcargar, autoridad=localhost [] {"uid":"f7a2adf"}
[2019-12-09 23:50:59] UTN FRA LOGGER.INFO: metodo=POST, URI=http%3A%2F%2Flocalhost%2Fcomandita%2Fpublic, RUTA=comanditaORM%2Fmesas%2Fcargar, autoridad=localhost [] {"uid":"5efd199"}
[2019-12-09 23:58:01] UTN FRA LOGGER.INFO: metodo=POST, URI=http%3A%2F%2Flocalhost%2Fcomandita%2Fpublic, RUTA=comanditaORM%2Fmesas%2Fcargar, autoridad=localhost [] {"uid":"66c2015"}
[2019-12-10 00:00:47] UTN FRA LOGGER.INFO: metodo=POST, URI=http%3A%2F%2Flocalhost%2Fcomandita%2Fpublic, RUTA=comanditaORM%2Fmesas%2Feliminar%2F2, autoridad=localhost [] {"uid":"1f3ba66"}
[2019-12-10 00:08:09] UTN FRA LOGGER.INFO: metodo=POST, URI=http%3A%2F%2Flocalhost%2Fcomandita%2Fpublic, RUTA=comanditaORM%2Fmesas%2Fcargar, autoridad=localhost [] {"uid":"8e4c715"}
[2019-12-10 00:11:08] UTN FRA LOGGER.INFO: metodo=POST, URI=http%3A%2F%2Flocalhost%2Fcomandita%2Fpublic, RUTA=comanditaORM%2Fmesas%2Fmodificar%2F3, autoridad=localhost [] {"uid":"b44913f"}
[2019-12-10 00:19:56] UTN FRA LOGGER.INFO: metodo=POST, URI=http%3A%2F%2Flocalhost%2Fcomandita%2Fpublic, RUTA=comanditaORM%2Fmesas%2Fcerrar%2F1, autoridad=localhost [] {"uid":"a25a680"}
[2019-12-10 00:20:28] UTN FRA LOGGER.INFO: metodo=POST, URI=http%3A%2F%2Flocalhost%2Fcomandita%2Fpublic, RUTA=comanditaORM%2Fmesas%2Fcerrar%2F3, autoridad=localhost [] {"uid":"029ea71"}
