[2019-06-13 14:22:41] UTN FRA LOGGER.INFO: ::1 [] {"uid":"ecfba35"}
[2019-06-13 14:23:14] UTN FRA LOGGER.INFO: ip :::1 [] {"uid":"f1af206"}
[2019-06-13 14:31:21] UTN FRA LOGGER.INFO: info  =Mozilla/5.0 (X11; Linux x86_64) AppleWebKit/537.36 (KHTML, like Gecko) Chrome/73.0.3683.86 Safari/537.36 [] {"uid":"2676799"}
[2019-06-13 14:31:21] UTN FRA LOGGER.INFO: ip =::1 [] {"uid":"2676799"}
[2019-06-13 14:33:01] UTN FRA LOGGER.INFO: info  =PostmanRuntime/7.1.1 [] {"uid":"1c0e970"}
[2019-06-13 14:33:01] UTN FRA LOGGER.INFO: ip =::1 [] {"uid":"1c0e970"}
[2019-06-13 14:33:04] UTN FRA LOGGER.INFO: info  =PostmanRuntime/7.1.1 [] {"uid":"e0a490b"}
[2019-06-13 14:33:04] UTN FRA LOGGER.INFO: ip =::1 [] {"uid":"e0a490b"}
[2019-06-13 14:33:08] UTN FRA LOGGER.INFO: info  =PostmanRuntime/7.1.1 [] {"uid":"5792b8b"}
[2019-06-13 14:33:08] UTN FRA LOGGER.INFO: ip =::1 [] {"uid":"5792b8b"}
[2019-06-13 14:33:14] UTN FRA LOGGER.INFO: info  =PostmanRuntime/7.1.1 [] {"uid":"c3f3041"}
[2019-06-13 14:33:14] UTN FRA LOGGER.INFO: ip =::1 [] {"uid":"c3f3041"}
[2019-06-13 14:41:27] UTN FRA LOGGER.INFO: info  =Mozilla/5.0 (X11; Linux x86_64; rv:60.0) Gecko/20100101 Firefox/60.0 [] {"uid":"d971c69"}
[2019-06-13 14:41:27] UTN FRA LOGGER.INFO: ip =127.0.0.1 [] {"uid":"d971c69"}
[2019-06-13 14:46:20] UTN FRA LOGGER.INFO: info  =Mozilla/5.0 (X11; Linux x86_64; rv:60.0) Gecko/20100101 Firefox/60.0 [] {"uid":"01737b9"}
[2019-06-13 14:46:20] UTN FRA LOGGER.INFO: ip =127.0.0.1 [] {"uid":"01737b9"}
[2019-06-13 14:48:37] UTN FRA LOGGER.INFO: info  =Mozilla/5.0 (X11; Linux x86_64) AppleWebKit/537.36 (KHTML, like Gecko) Chrome/50.0.2661.76 YaBrowser/16.6.0.6383 (beta) Safari/537.36 [] {"uid":"5d9f7e5"}
[2019-06-13 14:48:37] UTN FRA LOGGER.INFO: ip =::1 [] {"uid":"5d9f7e5"}
[2019-06-13 14:48:52] UTN FRA LOGGER.INFO: info  =Mozilla/5.0 (X11; Linux x86_64) AppleWebKit/537.36 (KHTML, like Gecko) Chrome/50.0.2661.76 YaBrowser/16.6.0.6383 (beta) Safari/537.36 [] {"uid":"f6cdba9"}
[2019-06-13 14:48:52] UTN FRA LOGGER.INFO: ip =::1 [] {"uid":"f6cdba9"}
[2019-06-13 14:48:59] UTN FRA LOGGER.INFO: info  =Mozilla/5.0 (X11; Linux x86_64) AppleWebKit/537.36 (KHTML, like Gecko) Chrome/50.0.2661.76 YaBrowser/16.6.0.6383 (beta) Safari/537.36 [] {"uid":"7fb9fe5"}
[2019-06-13 14:48:59] UTN FRA LOGGER.INFO: ip =::1 [] {"uid":"7fb9fe5"}
[2019-06-13 14:50:12] UTN FRA LOGGER.INFO: info  =Mozilla/5.0 (X11; Linux x86_64) AppleWebKit/537.36 (KHTML, like Gecko) Chrome/71.0.3578.98 Safari/537.36 OPR/58.0.3135.107 [] {"uid":"05adba9"}
[2019-06-13 14:50:13] UTN FRA LOGGER.INFO: ip =::1 [] {"uid":"05adba9"}
[2019-06-13 14:51:49] UTN FRA LOGGER.INFO: info  =Mozilla/5.0 (X11; Linux x86_64) AppleWebKit/537.36 (KHTML, like Gecko) Chrome/73.0.3683.86 Safari/537.36 [] {"uid":"4869fa1"}
[2019-06-13 14:51:49] UTN FRA LOGGER.INFO: ip =::1 [] {"uid":"4869fa1"}
[2019-06-13 14:52:04] UTN FRA LOGGER.INFO: info  =PostmanRuntime/7.1.1 [] {"uid":"955f892"}
[2019-06-13 14:52:04] UTN FRA LOGGER.INFO: ip =::1 [] {"uid":"955f892"}
[2019-06-13 14:52:24] UTN FRA LOGGER.INFO: Datos  =PostmanRuntime/7.1.1 [] {"uid":"3d3557f"}
[2019-06-13 14:52:24] UTN FRA LOGGER.INFO: ip =::1 [] {"uid":"3d3557f"}
[2019-06-13 14:52:34] UTN FRA LOGGER.INFO: Datos  =Mozilla/5.0 (X11; Linux x86_64) AppleWebKit/537.36 (KHTML, like Gecko) Chrome/71.0.3578.98 Safari/537.36 OPR/58.0.3135.107 [] {"uid":"521a87e"}
[2019-06-13 14:52:34] UTN FRA LOGGER.INFO: ip =::1 [] {"uid":"521a87e"}
[2019-06-13 14:54:41] UTN FRA LOGGER.INFO: Datos  =Mozilla/5.0 (X11; Linux x86_64) AppleWebKit/537.36 (KHTML, like Gecko) Chrome/73.0.3683.86 Safari/537.36 [] {"uid":"15b9fd3"}
[2019-06-13 14:54:41] UTN FRA LOGGER.INFO: ip =::1 [] {"uid":"15b9fd3"}
[2019-06-13 15:40:36] UTN FRA LOGGER.INFO: Datos  =Mozilla/5.0 (X11; Linux x86_64) AppleWebKit/537.36 (KHTML, like Gecko) Chrome/73.0.3683.86 Safari/537.36 [] {"uid":"bbb9226"}
[2019-06-13 15:40:36] UTN FRA LOGGER.INFO: ip =::1 [] {"uid":"bbb9226"}
[2019-06-13 15:40:42] UTN FRA LOGGER.INFO: Datos  =Mozilla/5.0 (X11; Linux x86_64) AppleWebKit/537.36 (KHTML, like Gecko) Chrome/73.0.3683.86 Safari/537.36 [] {"uid":"d5105f7"}
[2019-06-13 15:40:42] UTN FRA LOGGER.INFO: ip =::1 [] {"uid":"d5105f7"}
[2019-06-13 15:41:29] UTN FRA LOGGER.INFO: Datos  =Mozilla/5.0 (X11; Linux x86_64) AppleWebKit/537.36 (KHTML, like Gecko) Chrome/73.0.3683.86 Safari/537.36 [] {"uid":"e12c6d8"}
[2019-06-13 15:41:29] UTN FRA LOGGER.INFO: ip =::1 [] {"uid":"e12c6d8"}
[2019-06-13 15:42:30] UTN FRA LOGGER.INFO: Datos  =Mozilla/5.0 (X11; Linux x86_64) AppleWebKit/537.36 (KHTML, like Gecko) Chrome/73.0.3683.86 Safari/537.36 [] {"uid":"36ef6fa"}
[2019-06-13 15:42:30] UTN FRA LOGGER.INFO: ip =::1 [] {"uid":"36ef6fa"}
[2019-06-13 15:45:52] UTN FRA LOGGER.INFO: Datos  =Mozilla/5.0 (X11; Linux x86_64) AppleWebKit/537.36 (KHTML, like Gecko) Chrome/73.0.3683.86 Safari/537.36 [] {"uid":"452e00c"}
[2019-06-13 15:45:52] UTN FRA LOGGER.INFO: ip =::1 [] {"uid":"452e00c"}
[2019-06-13 15:46:48] UTN FRA LOGGER.INFO: Datos  =Mozilla/5.0 (X11; Linux x86_64) AppleWebKit/537.36 (KHTML, like Gecko) Chrome/73.0.3683.86 Safari/537.36 [] {"uid":"accaf17"}
[2019-06-13 15:46:48] UTN FRA LOGGER.INFO: ip =::1 [] {"uid":"accaf17"}
[2019-06-13 15:46:49] UTN FRA LOGGER.INFO: Datos  =Mozilla/5.0 (X11; Linux x86_64) AppleWebKit/537.36 (KHTML, like Gecko) Chrome/73.0.3683.86 Safari/537.36 [] {"uid":"2977b9f"}
[2019-06-13 15:46:49] UTN FRA LOGGER.INFO: ip =::1 [] {"uid":"2977b9f"}
[2019-06-13 15:46:50] UTN FRA LOGGER.INFO: Datos  =Mozilla/5.0 (X11; Linux x86_64) AppleWebKit/537.36 (KHTML, like Gecko) Chrome/73.0.3683.86 Safari/537.36 [] {"uid":"5b1fbcd"}
[2019-06-13 15:46:50] UTN FRA LOGGER.INFO: ip =::1 [] {"uid":"5b1fbcd"}
[2019-06-13 15:47:05] UTN FRA LOGGER.INFO: Datos  =Mozilla/5.0 (X11; Linux x86_64) AppleWebKit/537.36 (KHTML, like Gecko) Chrome/73.0.3683.86 Safari/537.36 [] {"uid":"618e906"}
[2019-06-13 15:47:05] UTN FRA LOGGER.INFO: ip =::1 [] {"uid":"618e906"}
[2019-06-13 15:47:10] UTN FRA LOGGER.INFO: Datos  =Mozilla/5.0 (X11; Linux x86_64) AppleWebKit/537.36 (KHTML, like Gecko) Chrome/73.0.3683.86 Safari/537.36 [] {"uid":"e6f850c"}
[2019-06-13 15:47:10] UTN FRA LOGGER.INFO: ip =::1 [] {"uid":"e6f850c"}
[2019-06-13 15:47:16] UTN FRA LOGGER.INFO: Datos  =Mozilla/5.0 (X11; Linux x86_64) AppleWebKit/537.36 (KHTML, like Gecko) Chrome/73.0.3683.86 Safari/537.36 [] {"uid":"6080469"}
[2019-06-13 15:47:16] UTN FRA LOGGER.INFO: ip =::1 [] {"uid":"6080469"}
[2019-06-13 15:47:52] UTN FRA LOGGER.INFO: Datos  =Mozilla/5.0 (X11; Linux x86_64) AppleWebKit/537.36 (KHTML, like Gecko) Chrome/73.0.3683.86 Safari/537.36 [] {"uid":"be829a8"}
[2019-06-13 15:47:52] UTN FRA LOGGER.INFO: ip =::1 [] {"uid":"be829a8"}
[2019-06-13 15:47:55] UTN FRA LOGGER.INFO: Datos  =Mozilla/5.0 (X11; Linux x86_64) AppleWebKit/537.36 (KHTML, like Gecko) Chrome/73.0.3683.86 Safari/537.36 [] {"uid":"8f497ca"}
[2019-06-13 15:47:55] UTN FRA LOGGER.INFO: ip =::1 [] {"uid":"8f497ca"}
[2019-06-13 15:48:12] UTN FRA LOGGER.INFO: Datos  =Mozilla/5.0 (X11; Linux x86_64) AppleWebKit/537.36 (KHTML, like Gecko) Chrome/73.0.3683.86 Safari/537.36 [] {"uid":"9e48c5a"}
[2019-06-13 15:48:12] UTN FRA LOGGER.INFO: ip =::1 [] {"uid":"9e48c5a"}
[2019-06-13 15:48:15] UTN FRA LOGGER.INFO: Datos  =Mozilla/5.0 (X11; Linux x86_64) AppleWebKit/537.36 (KHTML, like Gecko) Chrome/73.0.3683.86 Safari/537.36 [] {"uid":"b916695"}
[2019-06-13 15:48:15] UTN FRA LOGGER.INFO: ip =::1 [] {"uid":"b916695"}
[2019-06-13 15:50:55] UTN FRA LOGGER.INFO: Datos  =Mozilla/5.0 (X11; Linux x86_64) AppleWebKit/537.36 (KHTML, like Gecko) Chrome/73.0.3683.86 Safari/537.36 [] {"uid":"1dd5fc6"}
[2019-06-13 15:50:55] UTN FRA LOGGER.INFO: ip =::1 [] {"uid":"1dd5fc6"}
[2019-06-13 15:51:28] UTN FRA LOGGER.INFO: Datos  =Mozilla/5.0 (X11; Linux x86_64) AppleWebKit/537.36 (KHTML, like Gecko) Chrome/73.0.3683.86 Safari/537.36 [] {"uid":"458c08c"}
[2019-06-13 15:51:28] UTN FRA LOGGER.INFO: ip =::1 [] {"uid":"458c08c"}
[2019-06-13 15:51:33] UTN FRA LOGGER.INFO: Datos  =Mozilla/5.0 (X11; Linux x86_64) AppleWebKit/537.36 (KHTML, like Gecko) Chrome/73.0.3683.86 Safari/537.36 [] {"uid":"c57b200"}
[2019-06-13 15:51:33] UTN FRA LOGGER.INFO: ip =::1 [] {"uid":"c57b200"}
[2019-06-13 15:53:23] UTN FRA LOGGER.INFO: Datos  =Mozilla/5.0 (X11; Linux x86_64) AppleWebKit/537.36 (KHTML, like Gecko) Chrome/73.0.3683.86 Safari/537.36 [] {"uid":"903207f"}
[2019-06-13 15:53:23] UTN FRA LOGGER.INFO: ip =::1 [] {"uid":"903207f"}
[2019-06-13 15:53:26] UTN FRA LOGGER.INFO: Datos  =Mozilla/5.0 (X11; Linux x86_64) AppleWebKit/537.36 (KHTML, like Gecko) Chrome/73.0.3683.86 Safari/537.36 [] {"uid":"3a71660"}
[2019-06-13 15:53:26] UTN FRA LOGGER.INFO: ip =::1 [] {"uid":"3a71660"}
[2019-06-13 15:54:00] UTN FRA LOGGER.INFO: Datos  =Mozilla/5.0 (X11; Linux x86_64) AppleWebKit/537.36 (KHTML, like Gecko) Chrome/73.0.3683.86 Safari/537.36 [] {"uid":"b363313"}
[2019-06-13 15:54:00] UTN FRA LOGGER.INFO: ip =::1 [] {"uid":"b363313"}
[2019-06-13 15:54:01] UTN FRA LOGGER.INFO: Datos  =Mozilla/5.0 (X11; Linux x86_64) AppleWebKit/537.36 (KHTML, like Gecko) Chrome/73.0.3683.86 Safari/537.36 [] {"uid":"a1ab03e"}
[2019-06-13 15:54:01] UTN FRA LOGGER.INFO: ip =::1 [] {"uid":"a1ab03e"}
[2019-06-13 15:54:01] UTN FRA LOGGER.INFO: Datos  =Mozilla/5.0 (X11; Linux x86_64) AppleWebKit/537.36 (KHTML, like Gecko) Chrome/73.0.3683.86 Safari/537.36 [] {"uid":"74bb1fc"}
[2019-06-13 15:54:01] UTN FRA LOGGER.INFO: ip =::1 [] {"uid":"74bb1fc"}
[2019-06-13 15:54:01] UTN FRA LOGGER.INFO: Datos  =Mozilla/5.0 (X11; Linux x86_64) AppleWebKit/537.36 (KHTML, like Gecko) Chrome/73.0.3683.86 Safari/537.36 [] {"uid":"e07b9d7"}
[2019-06-13 15:54:01] UTN FRA LOGGER.INFO: ip =::1 [] {"uid":"e07b9d7"}
[2019-06-13 15:54:01] UTN FRA LOGGER.INFO: Datos  =Mozilla/5.0 (X11; Linux x86_64) AppleWebKit/537.36 (KHTML, like Gecko) Chrome/73.0.3683.86 Safari/537.36 [] {"uid":"b3e7a0b"}
[2019-06-13 15:54:01] UTN FRA LOGGER.INFO: ip =::1 [] {"uid":"b3e7a0b"}
[2019-06-13 15:54:02] UTN FRA LOGGER.INFO: Datos  =Mozilla/5.0 (X11; Linux x86_64) AppleWebKit/537.36 (KHTML, like Gecko) Chrome/73.0.3683.86 Safari/537.36 [] {"uid":"e6fa77e"}
[2019-06-13 15:54:02] UTN FRA LOGGER.INFO: ip =::1 [] {"uid":"e6fa77e"}
[2019-06-13 15:54:02] UTN FRA LOGGER.INFO: Datos  =Mozilla/5.0 (X11; Linux x86_64) AppleWebKit/537.36 (KHTML, like Gecko) Chrome/73.0.3683.86 Safari/537.36 [] {"uid":"262fbd8"}
[2019-06-13 15:54:02] UTN FRA LOGGER.INFO: ip =::1 [] {"uid":"262fbd8"}
[2019-06-13 15:54:29] UTN FRA LOGGER.INFO: Datos  =Mozilla/5.0 (X11; Linux x86_64) AppleWebKit/537.36 (KHTML, like Gecko) Chrome/73.0.3683.86 Safari/537.36 [] {"uid":"69026c5"}
[2019-06-13 15:54:29] UTN FRA LOGGER.INFO: ip =::1 [] {"uid":"69026c5"}
[2019-06-13 15:54:53] UTN FRA LOGGER.INFO: Datos  =Mozilla/5.0 (X11; Linux x86_64) AppleWebKit/537.36 (KHTML, like Gecko) Chrome/73.0.3683.86 Safari/537.36 [] {"uid":"7f80bac"}
[2019-06-13 15:54:53] UTN FRA LOGGER.INFO: ip =::1 [] {"uid":"7f80bac"}
[2019-06-13 16:14:20] UTN FRA LOGGER.INFO: Datos  =PostmanRuntime/7.1.1 [] {"uid":"f37f107"}
[2019-06-13 16:14:20] UTN FRA LOGGER.INFO: ip =::1 [] {"uid":"f37f107"}
[2019-06-13 16:14:25] UTN FRA LOGGER.INFO: Datos  =PostmanRuntime/7.1.1 [] {"uid":"f86c548"}
[2019-06-13 16:14:25] UTN FRA LOGGER.INFO: ip =::1 [] {"uid":"f86c548"}
[2019-06-13 16:16:52] UTN FRA LOGGER.INFO: Datos  =PostmanRuntime/7.1.1 [] {"uid":"cfce916"}
[2019-06-13 16:16:52] UTN FRA LOGGER.INFO: ip =::1 [] {"uid":"cfce916"}
[2019-06-13 16:16:56] UTN FRA LOGGER.INFO: Datos  =PostmanRuntime/7.1.1 [] {"uid":"24b074c"}
[2019-06-13 16:16:56] UTN FRA LOGGER.INFO: ip =::1 [] {"uid":"24b074c"}
[2019-06-13 16:17:07] UTN FRA LOGGER.INFO: Datos  =PostmanRuntime/7.1.1 [] {"uid":"fecc8fc"}
[2019-06-13 16:17:07] UTN FRA LOGGER.INFO: ip =::1 [] {"uid":"fecc8fc"}
[2019-06-13 16:19:09] UTN FRA LOGGER.INFO: Datos  =Mozilla/5.0 (X11; Linux x86_64) AppleWebKit/537.36 (KHTML, like Gecko) Chrome/73.0.3683.86 Safari/537.36 [] {"uid":"e2193d4"}
[2019-06-13 16:19:09] UTN FRA LOGGER.INFO: ip =::1 [] {"uid":"e2193d4"}
[2019-06-13 16:19:58] UTN FRA LOGGER.INFO: Datos  =Mozilla/5.0 (X11; Linux x86_64) AppleWebKit/537.36 (KHTML, like Gecko) Chrome/73.0.3683.86 Safari/537.36 [] {"uid":"d83d781"}
[2019-06-13 16:19:58] UTN FRA LOGGER.INFO: ip =::1 [] {"uid":"d83d781"}
[2019-06-13 16:20:00] UTN FRA LOGGER.INFO: Datos  =Mozilla/5.0 (X11; Linux x86_64) AppleWebKit/537.36 (KHTML, like Gecko) Chrome/73.0.3683.86 Safari/537.36 [] {"uid":"89e32cc"}
[2019-06-13 16:20:00] UTN FRA LOGGER.INFO: ip =::1 [] {"uid":"89e32cc"}
[2019-06-13 16:20:32] UTN FRA LOGGER.INFO: Datos  =Mozilla/5.0 (X11; Linux x86_64) AppleWebKit/537.36 (KHTML, like Gecko) Chrome/73.0.3683.86 Safari/537.36 [] {"uid":"434586f"}
[2019-06-13 16:20:32] UTN FRA LOGGER.INFO: ip =::1 [] {"uid":"434586f"}
[2019-06-13 16:20:40] UTN FRA LOGGER.INFO: Datos  =PostmanRuntime/7.1.1 [] {"uid":"87cac8e"}
[2019-06-13 16:20:40] UTN FRA LOGGER.INFO: ip =::1 [] {"uid":"87cac8e"}
[2019-11-19 13:25:24] UTN FRA LOGGER.INFO: Datos  =PostmanRuntime/7.19.0 [] {"uid":"d4d1fac"}
[2019-11-19 13:25:24] UTN FRA LOGGER.INFO: ip =::1 [] {"uid":"d4d1fac"}
[2019-11-19 13:26:03] UTN FRA LOGGER.INFO: Datos  =PostmanRuntime/7.19.0 [] {"uid":"d660189"}
[2019-11-19 13:26:03] UTN FRA LOGGER.INFO: ip =::1 [] {"uid":"d660189"}
[2019-11-19 13:26:54] UTN FRA LOGGER.INFO: Datos  =PostmanRuntime/7.19.0 [] {"uid":"40274be"}
[2019-11-19 13:26:54] UTN FRA LOGGER.INFO: ip =::1 [] {"uid":"40274be"}
[2019-11-19 13:29:02] UTN FRA LOGGER.INFO: Datos  =PostmanRuntime/7.19.0 [] {"uid":"a9d2350"}
[2019-11-19 13:29:02] UTN FRA LOGGER.INFO: ip =::1 [] {"uid":"a9d2350"}
[2019-11-19 13:29:23] UTN FRA LOGGER.INFO: Datos  =PostmanRuntime/7.19.0 [] {"uid":"79bede9"}
[2019-11-19 13:29:23] UTN FRA LOGGER.INFO: ip =::1 [] {"uid":"79bede9"}
[2019-11-19 13:50:19] UTN FRA LOGGER.INFO: Datos  =PostmanRuntime/7.19.0 [] {"uid":"844ce69"}
[2019-11-19 13:50:19] UTN FRA LOGGER.INFO: ip =::1 [] {"uid":"844ce69"}
[2019-11-19 13:51:15] UTN FRA LOGGER.INFO: Datos  =PostmanRuntime/7.19.0 [] {"uid":"3f5ef29"}
[2019-11-19 13:51:15] UTN FRA LOGGER.INFO: ip =::1 [] {"uid":"3f5ef29"}
[2019-11-19 13:54:14] UTN FRA LOGGER.INFO: Datos  =PostmanRuntime/7.19.0 [] {"uid":"7492de9"}
[2019-11-19 13:54:14] UTN FRA LOGGER.INFO: ip =::1 [] {"uid":"7492de9"}
[2019-11-19 13:54:22] UTN FRA LOGGER.INFO: Datos  =PostmanRuntime/7.19.0 [] {"uid":"527bb7d"}
[2019-11-19 13:54:22] UTN FRA LOGGER.INFO: ip =::1 [] {"uid":"527bb7d"}
[2019-11-19 13:54:32] UTN FRA LOGGER.INFO: Datos  =PostmanRuntime/7.19.0 [] {"uid":"bb27eb9"}
[2019-11-19 13:54:32] UTN FRA LOGGER.INFO: ip =::1 [] {"uid":"bb27eb9"}
[2019-11-19 13:54:37] UTN FRA LOGGER.INFO: Datos  =PostmanRuntime/7.19.0 [] {"uid":"820aea3"}
[2019-11-19 13:54:37] UTN FRA LOGGER.INFO: ip =::1 [] {"uid":"820aea3"}
[2019-11-19 14:16:35] UTN FRA LOGGER.INFO: Datos  =PostmanRuntime/7.19.0 [] {"uid":"cbf1a99"}
[2019-11-19 14:16:35] UTN FRA LOGGER.INFO: ip =::1 [] {"uid":"cbf1a99"}
[2019-11-19 14:18:32] UTN FRA LOGGER.INFO: Datos  =PostmanRuntime/7.19.0 [] {"uid":"9dbab87"}
[2019-11-19 14:18:32] UTN FRA LOGGER.INFO: ip =::1 [] {"uid":"9dbab87"}
[2019-11-19 14:21:35] UTN FRA LOGGER.INFO: Datos  =PostmanRuntime/7.19.0 [] {"uid":"a3cfe86"}
[2019-11-19 14:21:35] UTN FRA LOGGER.INFO: ip =::1 [] {"uid":"a3cfe86"}
[2019-11-19 14:23:10] UTN FRA LOGGER.INFO: Datos  =PostmanRuntime/7.19.0 [] {"uid":"a02f731"}
[2019-11-19 14:23:10] UTN FRA LOGGER.INFO: ip =::1 [] {"uid":"a02f731"}
[2019-11-19 14:24:56] UTN FRA LOGGER.INFO: Datos  =PostmanRuntime/7.19.0 [] {"uid":"bf808b3"}
[2019-11-19 14:24:56] UTN FRA LOGGER.INFO: ip =::1 [] {"uid":"bf808b3"}
[2019-11-19 16:01:01] UTN FRA LOGGER.INFO: Datos  =PostmanRuntime/7.19.0 [] {"uid":"ee78272"}
[2019-11-19 16:01:02] UTN FRA LOGGER.INFO: ip =::1 [] {"uid":"ee78272"}
[2019-11-19 16:01:07] UTN FRA LOGGER.INFO: Datos  =PostmanRuntime/7.19.0 [] {"uid":"92424a8"}
[2019-11-19 16:01:07] UTN FRA LOGGER.INFO: ip =::1 [] {"uid":"92424a8"}
[2019-11-19 16:02:08] UTN FRA LOGGER.INFO: Datos  =PostmanRuntime/7.19.0 [] {"uid":"c8ca7ac"}
[2019-11-19 16:02:08] UTN FRA LOGGER.INFO: ip =::1 [] {"uid":"c8ca7ac"}
[2019-11-19 16:02:25] UTN FRA LOGGER.INFO: Datos  =PostmanRuntime/7.19.0 [] {"uid":"142d511"}
[2019-11-19 16:02:25] UTN FRA LOGGER.INFO: ip =::1 [] {"uid":"142d511"}
[2019-11-19 16:06:07] UTN FRA LOGGER.INFO: Datos  =PostmanRuntime/7.19.0 [] {"uid":"d6afb0b"}
[2019-11-19 16:06:07] UTN FRA LOGGER.INFO: ip =::1 [] {"uid":"d6afb0b"}
[2019-11-19 16:06:19] UTN FRA LOGGER.INFO: Datos  =PostmanRuntime/7.19.0 [] {"uid":"782694f"}
[2019-11-19 16:06:19] UTN FRA LOGGER.INFO: ip =::1 [] {"uid":"782694f"}
[2019-11-19 16:12:33] UTN FRA LOGGER.INFO: Datos  =PostmanRuntime/7.19.0 [] {"uid":"fd98e74"}
[2019-11-19 16:12:33] UTN FRA LOGGER.INFO: ip =::1 [] {"uid":"fd98e74"}
[2019-11-19 16:13:21] UTN FRA LOGGER.INFO: Datos  =PostmanRuntime/7.19.0 [] {"uid":"ad4d36e"}
[2019-11-19 16:13:21] UTN FRA LOGGER.INFO: ip =::1 [] {"uid":"ad4d36e"}
[2019-11-19 16:19:32] UTN FRA LOGGER.INFO: Datos  =PostmanRuntime/7.19.0 [] {"uid":"4901f2e"}
[2019-11-19 16:19:32] UTN FRA LOGGER.INFO: ip =::1 [] {"uid":"4901f2e"}
[2019-11-19 16:19:48] UTN FRA LOGGER.INFO: Datos  =PostmanRuntime/7.19.0 [] {"uid":"aa30e10"}
[2019-11-19 16:19:48] UTN FRA LOGGER.INFO: ip =::1 [] {"uid":"aa30e10"}
[2019-11-19 16:20:10] UTN FRA LOGGER.INFO: Datos  =PostmanRuntime/7.19.0 [] {"uid":"84f6dd8"}
[2019-11-19 16:20:10] UTN FRA LOGGER.INFO: ip =::1 [] {"uid":"84f6dd8"}
[2019-11-19 16:25:20] UTN FRA LOGGER.INFO: Datos  =PostmanRuntime/7.19.0 [] {"uid":"b89a8e8"}
[2019-11-19 16:25:20] UTN FRA LOGGER.INFO: ip =::1 [] {"uid":"b89a8e8"}
[2019-11-19 16:26:54] UTN FRA LOGGER.INFO: Datos  =PostmanRuntime/7.19.0 [] {"uid":"5149632"}
[2019-11-19 16:26:54] UTN FRA LOGGER.INFO: ip =::1 [] {"uid":"5149632"}
[2019-11-19 16:27:08] UTN FRA LOGGER.INFO: Datos  =PostmanRuntime/7.19.0 [] {"uid":"9f0abfc"}
[2019-11-19 16:27:08] UTN FRA LOGGER.INFO: ip =::1 [] {"uid":"9f0abfc"}
[2019-11-19 16:30:48] UTN FRA LOGGER.INFO: Datos  =PostmanRuntime/7.19.0 [] {"uid":"f6858cb"}
[2019-11-19 16:30:48] UTN FRA LOGGER.INFO: ip =::1 [] {"uid":"f6858cb"}
[2019-11-19 16:31:35] UTN FRA LOGGER.INFO: Datos  =PostmanRuntime/7.19.0 [] {"uid":"e4ae12e"}
[2019-11-19 16:31:35] UTN FRA LOGGER.INFO: ip =::1 [] {"uid":"e4ae12e"}
[2019-11-19 17:32:42] UTN FRA LOGGER.INFO: Datos  =PostmanRuntime/7.19.0 [] {"uid":"c40b681"}
[2019-11-19 17:32:42] UTN FRA LOGGER.INFO: ip =::1 [] {"uid":"c40b681"}
[2019-11-19 17:34:37] UTN FRA LOGGER.INFO: Datos  =PostmanRuntime/7.19.0 [] {"uid":"6e74e9b"}
[2019-11-19 17:34:37] UTN FRA LOGGER.INFO: ip =::1 [] {"uid":"6e74e9b"}
[2019-11-19 17:39:24] UTN FRA LOGGER.INFO: Datos  =PostmanRuntime/7.19.0 [] {"uid":"03d7566"}
[2019-11-19 17:39:24] UTN FRA LOGGER.INFO: ip =::1 [] {"uid":"03d7566"}
[2019-11-19 17:41:31] UTN FRA LOGGER.INFO: Datos  =PostmanRuntime/7.19.0 [] {"uid":"ee0bf4f"}
[2019-11-19 17:41:31] UTN FRA LOGGER.INFO: ip =::1 [] {"uid":"ee0bf4f"}
[2019-11-19 17:45:52] UTN FRA LOGGER.INFO: Datos  =PostmanRuntime/7.19.0 [] {"uid":"449e6f0"}
[2019-11-19 17:45:52] UTN FRA LOGGER.INFO: ip =::1 [] {"uid":"449e6f0"}
[2019-11-19 17:46:28] UTN FRA LOGGER.INFO: Datos  =PostmanRuntime/7.19.0 [] {"uid":"7c63815"}
[2019-11-19 17:46:28] UTN FRA LOGGER.INFO: ip =::1 [] {"uid":"7c63815"}
[2019-11-19 17:48:12] UTN FRA LOGGER.INFO: Datos  =PostmanRuntime/7.19.0 [] {"uid":"89b6b9d"}
[2019-11-19 17:48:12] UTN FRA LOGGER.INFO: ip =::1 [] {"uid":"89b6b9d"}
[2019-11-19 17:48:46] UTN FRA LOGGER.INFO: Datos  =PostmanRuntime/7.19.0 [] {"uid":"c44fb33"}
[2019-11-19 17:48:46] UTN FRA LOGGER.INFO: ip =::1 [] {"uid":"c44fb33"}
[2019-11-19 17:49:52] UTN FRA LOGGER.INFO: Datos  =PostmanRuntime/7.19.0 [] {"uid":"33158d7"}
[2019-11-19 17:49:52] UTN FRA LOGGER.INFO: ip =::1 [] {"uid":"33158d7"}
[2019-11-19 17:51:47] UTN FRA LOGGER.INFO: Datos  =PostmanRuntime/7.19.0 [] {"uid":"93d1420"}
[2019-11-19 17:51:47] UTN FRA LOGGER.INFO: ip =::1 [] {"uid":"93d1420"}
[2019-11-19 18:02:37] UTN FRA LOGGER.INFO: Datos  =PostmanRuntime/7.19.0 [] {"uid":"8b43422"}
[2019-11-19 18:02:37] UTN FRA LOGGER.INFO: ip =::1 [] {"uid":"8b43422"}
[2019-11-19 18:07:04] UTN FRA LOGGER.INFO: Datos  =PostmanRuntime/7.19.0 [] {"uid":"3c670fd"}
[2019-11-19 18:07:04] UTN FRA LOGGER.INFO: ip =::1 [] {"uid":"3c670fd"}
[2019-11-19 18:07:50] UTN FRA LOGGER.INFO: Datos  =PostmanRuntime/7.19.0 [] {"uid":"475d73c"}
[2019-11-19 18:07:50] UTN FRA LOGGER.INFO: ip =::1 [] {"uid":"475d73c"}
[2019-11-19 18:08:37] UTN FRA LOGGER.INFO: Datos  =PostmanRuntime/7.19.0 [] {"uid":"d3e95c9"}
[2019-11-19 18:08:37] UTN FRA LOGGER.INFO: ip =::1 [] {"uid":"d3e95c9"}
[2019-11-19 18:09:37] UTN FRA LOGGER.INFO: Datos  =PostmanRuntime/7.19.0 [] {"uid":"0d35bfb"}
[2019-11-19 18:09:38] UTN FRA LOGGER.INFO: ip =::1 [] {"uid":"0d35bfb"}
[2019-11-19 18:10:20] UTN FRA LOGGER.INFO: Datos  =PostmanRuntime/7.19.0 [] {"uid":"b2ffaf7"}
[2019-11-19 18:10:20] UTN FRA LOGGER.INFO: ip =::1 [] {"uid":"b2ffaf7"}
[2019-11-19 18:11:48] UTN FRA LOGGER.INFO: Datos  =PostmanRuntime/7.19.0 [] {"uid":"99524a0"}
[2019-11-19 18:11:48] UTN FRA LOGGER.INFO: ip =::1 [] {"uid":"99524a0"}
[2019-11-19 18:15:24] UTN FRA LOGGER.INFO: Datos  =PostmanRuntime/7.19.0 [] {"uid":"6781c2a"}
[2019-11-19 18:15:24] UTN FRA LOGGER.INFO: ip =::1 [] {"uid":"6781c2a"}
[2019-11-19 18:16:15] UTN FRA LOGGER.INFO: Datos  =PostmanRuntime/7.19.0 [] {"uid":"7b6a134"}
[2019-11-19 18:16:15] UTN FRA LOGGER.INFO: ip =::1 [] {"uid":"7b6a134"}
[2019-11-19 18:16:47] UTN FRA LOGGER.INFO: Datos  =PostmanRuntime/7.19.0 [] {"uid":"0a5e738"}
[2019-11-19 18:16:47] UTN FRA LOGGER.INFO: ip =::1 [] {"uid":"0a5e738"}
[2019-11-19 18:19:09] UTN FRA LOGGER.INFO: Datos  =PostmanRuntime/7.19.0 [] {"uid":"a9b426b"}
[2019-11-19 18:19:09] UTN FRA LOGGER.INFO: ip =::1 [] {"uid":"a9b426b"}
[2019-11-19 18:20:57] UTN FRA LOGGER.INFO: Datos  =PostmanRuntime/7.19.0 [] {"uid":"e622c21"}
[2019-11-19 18:20:57] UTN FRA LOGGER.INFO: ip =::1 [] {"uid":"e622c21"}
[2019-11-19 18:21:15] UTN FRA LOGGER.INFO: Datos  =PostmanRuntime/7.19.0 [] {"uid":"32797d8"}
[2019-11-19 18:21:15] UTN FRA LOGGER.INFO: ip =::1 [] {"uid":"32797d8"}
[2019-11-19 18:21:52] UTN FRA LOGGER.INFO: Datos  =PostmanRuntime/7.19.0 [] {"uid":"1e0aab8"}
[2019-11-19 18:21:52] UTN FRA LOGGER.INFO: ip =::1 [] {"uid":"1e0aab8"}
[2019-11-19 18:22:43] UTN FRA LOGGER.INFO: Datos  =PostmanRuntime/7.19.0 [] {"uid":"3f8407f"}
[2019-11-19 18:22:43] UTN FRA LOGGER.INFO: ip =::1 [] {"uid":"3f8407f"}
[2019-11-19 18:28:58] UTN FRA LOGGER.INFO: Datos  =PostmanRuntime/7.19.0 [] {"uid":"de8f067"}
[2019-11-19 18:28:58] UTN FRA LOGGER.INFO: ip =::1 [] {"uid":"de8f067"}
[2019-11-19 18:58:47] UTN FRA LOGGER.INFO: Datos  =PostmanRuntime/7.19.0 [] {"uid":"c314dfb"}
[2019-11-19 18:58:47] UTN FRA LOGGER.INFO: ip =::1 [] {"uid":"c314dfb"}
[2019-11-19 18:59:39] UTN FRA LOGGER.INFO: Datos  =PostmanRuntime/7.19.0 [] {"uid":"84b9675"}
[2019-11-19 18:59:39] UTN FRA LOGGER.INFO: ip =::1 [] {"uid":"84b9675"}
[2019-11-19 19:00:18] UTN FRA LOGGER.INFO: Datos  =PostmanRuntime/7.19.0 [] {"uid":"60c07ca"}
[2019-11-19 19:00:18] UTN FRA LOGGER.INFO: ip =::1 [] {"uid":"60c07ca"}
[2019-11-19 19:01:27] UTN FRA LOGGER.INFO: Datos  =PostmanRuntime/7.19.0 [] {"uid":"f606fca"}
[2019-11-19 19:01:27] UTN FRA LOGGER.INFO: ip =::1 [] {"uid":"f606fca"}
[2019-11-19 19:08:42] UTN FRA LOGGER.INFO: Datos  =PostmanRuntime/7.19.0 [] {"uid":"6b41138"}
[2019-11-19 19:08:42] UTN FRA LOGGER.INFO: ip =::1 [] {"uid":"6b41138"}
[2019-11-19 19:23:44] UTN FRA LOGGER.INFO: Datos  =PostmanRuntime/7.19.0 [] {"uid":"396a420"}
[2019-11-19 19:23:44] UTN FRA LOGGER.INFO: ip =::1 [] {"uid":"396a420"}
[2019-11-19 19:24:08] UTN FRA LOGGER.INFO: Datos  =PostmanRuntime/7.19.0 [] {"uid":"106cca2"}
[2019-11-19 19:24:08] UTN FRA LOGGER.INFO: ip =::1 [] {"uid":"106cca2"}
[2019-11-19 19:24:53] UTN FRA LOGGER.INFO: Datos  =PostmanRuntime/7.19.0 [] {"uid":"884b545"}
[2019-11-19 19:24:53] UTN FRA LOGGER.INFO: ip =::1 [] {"uid":"884b545"}
[2019-11-19 19:25:51] UTN FRA LOGGER.INFO: Datos  =PostmanRuntime/7.19.0 [] {"uid":"4d572a7"}
[2019-11-19 19:25:51] UTN FRA LOGGER.INFO: ip =::1 [] {"uid":"4d572a7"}
[2019-11-19 19:26:51] UTN FRA LOGGER.INFO: Datos  =PostmanRuntime/7.19.0 [] {"uid":"31e208a"}
[2019-11-19 19:26:51] UTN FRA LOGGER.INFO: ip =::1 [] {"uid":"31e208a"}
[2019-11-19 19:28:09] UTN FRA LOGGER.INFO: Datos  =PostmanRuntime/7.19.0 [] {"uid":"0d6d908"}
[2019-11-19 19:28:09] UTN FRA LOGGER.INFO: ip =::1 [] {"uid":"0d6d908"}
[2019-11-19 19:30:02] UTN FRA LOGGER.INFO: Datos  =PostmanRuntime/7.19.0 [] {"uid":"2fe166c"}
[2019-11-19 19:30:02] UTN FRA LOGGER.INFO: ip =::1 [] {"uid":"2fe166c"}
[2019-11-19 19:30:13] UTN FRA LOGGER.INFO: Datos  =PostmanRuntime/7.19.0 [] {"uid":"b2c9477"}
[2019-11-19 19:30:13] UTN FRA LOGGER.INFO: ip =::1 [] {"uid":"b2c9477"}
[2019-11-19 19:42:20] UTN FRA LOGGER.INFO: Datos  =PostmanRuntime/7.19.0 [] {"uid":"cf2ead2"}
[2019-11-19 19:42:20] UTN FRA LOGGER.INFO: ip =::1 [] {"uid":"cf2ead2"}
[2019-11-19 19:43:06] UTN FRA LOGGER.INFO: Datos  =PostmanRuntime/7.19.0 [] {"uid":"8ede688"}
[2019-11-19 19:43:06] UTN FRA LOGGER.INFO: ip =::1 [] {"uid":"8ede688"}
[2019-11-19 19:59:00] UTN FRA LOGGER.INFO: Datos  =PostmanRuntime/7.19.0 [] {"uid":"48caa67"}
[2019-11-19 19:59:00] UTN FRA LOGGER.INFO: ip =::1 [] {"uid":"48caa67"}
[2019-11-19 19:59:08] UTN FRA LOGGER.INFO: Datos  =PostmanRuntime/7.19.0 [] {"uid":"92a315b"}
[2019-11-19 19:59:08] UTN FRA LOGGER.INFO: ip =::1 [] {"uid":"92a315b"}
[2019-11-19 20:10:00] UTN FRA LOGGER.INFO: Datos  =PostmanRuntime/7.19.0 [] {"uid":"473f3e7"}
[2019-11-19 20:10:00] UTN FRA LOGGER.INFO: ip =::1 [] {"uid":"473f3e7"}
[2019-11-19 20:14:45] UTN FRA LOGGER.INFO: Datos  =PostmanRuntime/7.19.0 [] {"uid":"f658ee4"}
[2019-11-19 20:14:45] UTN FRA LOGGER.INFO: ip =::1 [] {"uid":"f658ee4"}
[2019-11-19 20:21:14] UTN FRA LOGGER.INFO: Datos  =PostmanRuntime/7.19.0 [] {"uid":"36cd713"}
[2019-11-19 20:21:14] UTN FRA LOGGER.INFO: ip =::1 [] {"uid":"36cd713"}
[2019-11-19 20:22:42] UTN FRA LOGGER.INFO: Datos  =PostmanRuntime/7.19.0 [] {"uid":"aa973d3"}
[2019-11-19 20:22:42] UTN FRA LOGGER.INFO: ip =::1 [] {"uid":"aa973d3"}
[2019-11-19 20:23:15] UTN FRA LOGGER.INFO: Datos  =PostmanRuntime/7.19.0 [] {"uid":"2cd388f"}
[2019-11-19 20:23:15] UTN FRA LOGGER.INFO: ip =::1 [] {"uid":"2cd388f"}
[2019-11-19 20:23:43] UTN FRA LOGGER.INFO: Datos  =PostmanRuntime/7.19.0 [] {"uid":"91f261d"}
[2019-11-19 20:23:43] UTN FRA LOGGER.INFO: ip =::1 [] {"uid":"91f261d"}
[2019-11-19 20:23:48] UTN FRA LOGGER.INFO: Datos  =PostmanRuntime/7.19.0 [] {"uid":"ec0c3f9"}
[2019-11-19 20:23:48] UTN FRA LOGGER.INFO: ip =::1 [] {"uid":"ec0c3f9"}
[2019-11-19 20:25:49] UTN FRA LOGGER.INFO: Datos  =PostmanRuntime/7.19.0 [] {"uid":"0df3677"}
[2019-11-19 20:25:49] UTN FRA LOGGER.INFO: ip =::1 [] {"uid":"0df3677"}
[2019-11-19 20:27:09] UTN FRA LOGGER.INFO: Datos  =PostmanRuntime/7.19.0 [] {"uid":"be2c18d"}
[2019-11-19 20:27:09] UTN FRA LOGGER.INFO: ip =::1 [] {"uid":"be2c18d"}
[2019-11-19 20:27:12] UTN FRA LOGGER.INFO: Datos  =PostmanRuntime/7.19.0 [] {"uid":"eadfcf3"}
[2019-11-19 20:27:12] UTN FRA LOGGER.INFO: ip =::1 [] {"uid":"eadfcf3"}
[2019-11-19 20:27:15] UTN FRA LOGGER.INFO: Datos  =PostmanRuntime/7.19.0 [] {"uid":"2f789b4"}
[2019-11-19 20:27:15] UTN FRA LOGGER.INFO: ip =::1 [] {"uid":"2f789b4"}
[2019-11-19 20:31:23] UTN FRA LOGGER.INFO: Datos  =PostmanRuntime/7.19.0 [] {"uid":"bf87938"}
[2019-11-19 20:31:23] UTN FRA LOGGER.INFO: ip =::1 [] {"uid":"bf87938"}
[2019-11-19 20:32:59] UTN FRA LOGGER.INFO: Datos  =PostmanRuntime/7.19.0 [] {"uid":"e33e9ad"}
[2019-11-19 20:32:59] UTN FRA LOGGER.INFO: ip =::1 [] {"uid":"e33e9ad"}
[2019-11-19 20:33:29] UTN FRA LOGGER.INFO: Datos  =PostmanRuntime/7.19.0 [] {"uid":"fac493f"}
[2019-11-19 20:33:29] UTN FRA LOGGER.INFO: ip =::1 [] {"uid":"fac493f"}
[2019-11-19 20:33:37] UTN FRA LOGGER.INFO: Datos  =PostmanRuntime/7.19.0 [] {"uid":"bf54117"}
[2019-11-19 20:33:37] UTN FRA LOGGER.INFO: ip =::1 [] {"uid":"bf54117"}
[2019-11-19 20:35:42] UTN FRA LOGGER.INFO: Datos  =PostmanRuntime/7.19.0 [] {"uid":"d3845b9"}
[2019-11-19 20:35:42] UTN FRA LOGGER.INFO: ip =::1 [] {"uid":"d3845b9"}
[2019-11-19 20:37:39] UTN FRA LOGGER.INFO: Datos  =PostmanRuntime/7.19.0 [] {"uid":"44a94ed"}
[2019-11-19 20:37:39] UTN FRA LOGGER.INFO: ip =::1 [] {"uid":"44a94ed"}
[2019-11-19 20:37:51] UTN FRA LOGGER.INFO: Datos  =PostmanRuntime/7.19.0 [] {"uid":"1a461e7"}
[2019-11-19 20:37:51] UTN FRA LOGGER.INFO: ip =::1 [] {"uid":"1a461e7"}
[2019-11-19 20:38:01] UTN FRA LOGGER.INFO: Datos  =PostmanRuntime/7.19.0 [] {"uid":"1e8567a"}
[2019-11-19 20:38:01] UTN FRA LOGGER.INFO: ip =::1 [] {"uid":"1e8567a"}
[2019-11-19 20:38:19] UTN FRA LOGGER.INFO: Datos  =PostmanRuntime/7.19.0 [] {"uid":"040c69b"}
[2019-11-19 20:38:19] UTN FRA LOGGER.INFO: ip =::1 [] {"uid":"040c69b"}
[2019-12-02 20:01:19] UTN FRA LOGGER.INFO: Datos  =Mozilla/5.0 (Windows NT 10.0; Win64; x64) AppleWebKit/537.36 (KHTML, like Gecko) Chrome/78.0.3904.108 Safari/537.36 [] {"uid":"e3add6c"}
[2019-12-02 20:01:19] UTN FRA LOGGER.INFO: ip =::1 [] {"uid":"e3add6c"}
[2019-12-02 20:01:19] UTN FRA LOGGER.INFO: Datos  =Mozilla/5.0 (Windows NT 10.0; Win64; x64) AppleWebKit/537.36 (KHTML, like Gecko) Chrome/78.0.3904.108 Safari/537.36 [] {"uid":"2925559"}
[2019-12-02 20:01:19] UTN FRA LOGGER.INFO: ip =::1 [] {"uid":"2925559"}
[2019-12-02 20:02:10] UTN FRA LOGGER.INFO: Datos  =Mozilla/5.0 (Windows NT 10.0; Win64; x64) AppleWebKit/537.36 (KHTML, like Gecko) Chrome/78.0.3904.108 Safari/537.36 [] {"uid":"24d208a"}
[2019-12-02 20:02:10] UTN FRA LOGGER.INFO: ip =::1 [] {"uid":"24d208a"}
[2019-12-02 20:02:10] UTN FRA LOGGER.INFO: Datos  =Mozilla/5.0 (Windows NT 10.0; Win64; x64) AppleWebKit/537.36 (KHTML, like Gecko) Chrome/78.0.3904.108 Safari/537.36 [] {"uid":"38ab87b"}
[2019-12-02 20:02:10] UTN FRA LOGGER.INFO: ip =::1 [] {"uid":"38ab87b"}
[2019-12-02 20:02:32] UTN FRA LOGGER.INFO: Datos  =Mozilla/5.0 (Windows NT 10.0; Win64; x64) AppleWebKit/537.36 (KHTML, like Gecko) Chrome/78.0.3904.108 Safari/537.36 [] {"uid":"bb1d7c2"}
[2019-12-02 20:02:32] UTN FRA LOGGER.INFO: ip =::1 [] {"uid":"bb1d7c2"}
[2019-12-02 20:02:32] UTN FRA LOGGER.INFO: Datos  =Mozilla/5.0 (Windows NT 10.0; Win64; x64) AppleWebKit/537.36 (KHTML, like Gecko) Chrome/78.0.3904.108 Safari/537.36 [] {"uid":"2a97d4f"}
[2019-12-02 20:02:32] UTN FRA LOGGER.INFO: ip =::1 [] {"uid":"2a97d4f"}
[2019-12-02 20:07:20] UTN FRA LOGGER.INFO: Datos  =PostmanRuntime/7.20.1 [] {"uid":"b1a7c92"}
[2019-12-02 20:07:20] UTN FRA LOGGER.INFO: ip =::1 [] {"uid":"b1a7c92"}
[2019-12-02 20:14:01] UTN FRA LOGGER.INFO: Datos  =PostmanRuntime/7.20.1 [] {"uid":"4011f2b"}
[2019-12-02 20:14:01] UTN FRA LOGGER.INFO: ip =::1 [] {"uid":"4011f2b"}
[2019-12-02 20:15:38] UTN FRA LOGGER.INFO: Datos  =PostmanRuntime/7.20.1 [] {"uid":"7c48086"}
[2019-12-02 20:15:38] UTN FRA LOGGER.INFO: ip =::1 [] {"uid":"7c48086"}
[2019-12-02 20:15:54] UTN FRA LOGGER.INFO: Datos  =PostmanRuntime/7.20.1 [] {"uid":"dc6d19e"}
[2019-12-02 20:15:54] UTN FRA LOGGER.INFO: ip =::1 [] {"uid":"dc6d19e"}
[2019-12-02 20:16:25] UTN FRA LOGGER.INFO: Datos  =PostmanRuntime/7.20.1 [] {"uid":"d478598"}
[2019-12-02 20:16:25] UTN FRA LOGGER.INFO: ip =::1 [] {"uid":"d478598"}
[2019-12-02 20:17:21] UTN FRA LOGGER.INFO: Datos  =PostmanRuntime/7.20.1 [] {"uid":"0c63958"}
[2019-12-02 20:17:21] UTN FRA LOGGER.INFO: ip =::1 [] {"uid":"0c63958"}
[2019-12-02 20:28:17] UTN FRA LOGGER.INFO: Datos  =PostmanRuntime/7.20.1 [] {"uid":"3d49971"}
[2019-12-02 20:28:17] UTN FRA LOGGER.INFO: ip =::1 [] {"uid":"3d49971"}
[2019-12-02 20:29:15] UTN FRA LOGGER.INFO: Datos  =PostmanRuntime/7.20.1 [] {"uid":"be0022c"}
[2019-12-02 20:29:15] UTN FRA LOGGER.INFO: ip =::1 [] {"uid":"be0022c"}
[2019-12-02 20:29:40] UTN FRA LOGGER.INFO: Datos  =PostmanRuntime/7.20.1 [] {"uid":"37de37a"}
[2019-12-02 20:29:40] UTN FRA LOGGER.INFO: ip =::1 [] {"uid":"37de37a"}
[2019-12-02 20:30:06] UTN FRA LOGGER.INFO: Datos  =PostmanRuntime/7.20.1 [] {"uid":"c5e1d00"}
[2019-12-02 20:30:06] UTN FRA LOGGER.INFO: ip =::1 [] {"uid":"c5e1d00"}
[2019-12-02 20:31:46] UTN FRA LOGGER.INFO: Datos  =PostmanRuntime/7.20.1 [] {"uid":"317dd4a"}
[2019-12-02 20:31:46] UTN FRA LOGGER.INFO: ip =::1 [] {"uid":"317dd4a"}
[2019-12-02 20:33:06] UTN FRA LOGGER.INFO: Datos  =PostmanRuntime/7.20.1 [] {"uid":"b2787ef"}
[2019-12-02 20:33:06] UTN FRA LOGGER.INFO: ip =::1 [] {"uid":"b2787ef"}
[2019-12-02 20:34:58] UTN FRA LOGGER.INFO: Datos  =PostmanRuntime/7.20.1 [] {"uid":"70cd6c1"}
[2019-12-02 20:34:58] UTN FRA LOGGER.INFO: ip =::1 [] {"uid":"70cd6c1"}
[2019-12-02 20:37:03] UTN FRA LOGGER.INFO: Datos  =PostmanRuntime/7.20.1 [] {"uid":"8315266"}
[2019-12-02 20:37:03] UTN FRA LOGGER.INFO: ip =::1 [] {"uid":"8315266"}
[2019-12-02 21:28:19] UTN FRA LOGGER.INFO: Datos  =PostmanRuntime/7.20.1 [] {"uid":"432203c"}
[2019-12-02 21:28:19] UTN FRA LOGGER.INFO: ip =::1 [] {"uid":"432203c"}
[2019-12-02 21:29:04] UTN FRA LOGGER.INFO: Datos  =PostmanRuntime/7.20.1 [] {"uid":"8f41186"}
[2019-12-02 21:29:04] UTN FRA LOGGER.INFO: ip =::1 [] {"uid":"8f41186"}
[2019-12-02 21:29:58] UTN FRA LOGGER.INFO: Datos  =PostmanRuntime/7.20.1 [] {"uid":"b57e9d0"}
[2019-12-02 21:29:58] UTN FRA LOGGER.INFO: ip =::1 [] {"uid":"b57e9d0"}
[2019-12-02 21:30:45] UTN FRA LOGGER.INFO: Datos  =PostmanRuntime/7.20.1 [] {"uid":"1ff947a"}
[2019-12-02 21:30:45] UTN FRA LOGGER.INFO: ip =::1 [] {"uid":"1ff947a"}
[2019-12-02 21:31:05] UTN FRA LOGGER.INFO: Datos  =PostmanRuntime/7.20.1 [] {"uid":"42c5267"}
[2019-12-02 21:31:05] UTN FRA LOGGER.INFO: ip =::1 [] {"uid":"42c5267"}
[2019-12-02 21:31:36] UTN FRA LOGGER.INFO: Datos  =PostmanRuntime/7.20.1 [] {"uid":"018f470"}
[2019-12-02 21:31:36] UTN FRA LOGGER.INFO: ip =::1 [] {"uid":"018f470"}
[2019-12-02 21:32:51] UTN FRA LOGGER.INFO: Datos  =PostmanRuntime/7.20.1 [] {"uid":"267b552"}
[2019-12-02 21:32:51] UTN FRA LOGGER.INFO: ip =::1 [] {"uid":"267b552"}
[2019-12-02 21:36:27] UTN FRA LOGGER.INFO: Datos  =PostmanRuntime/7.20.1 [] {"uid":"cd27540"}
[2019-12-02 21:36:27] UTN FRA LOGGER.INFO: ip =::1 [] {"uid":"cd27540"}
[2019-12-02 21:40:04] UTN FRA LOGGER.INFO: Datos  =PostmanRuntime/7.20.1 [] {"uid":"c0cde54"}
[2019-12-02 21:40:04] UTN FRA LOGGER.INFO: ip =::1 [] {"uid":"c0cde54"}
[2019-12-02 21:53:43] UTN FRA LOGGER.INFO: Datos  =PostmanRuntime/7.20.1 [] {"uid":"bd4686b"}
[2019-12-02 21:53:43] UTN FRA LOGGER.INFO: ip =::1 [] {"uid":"bd4686b"}
[2019-12-02 22:23:48] UTN FRA LOGGER.INFO: Datos  =PostmanRuntime/7.20.1 [] {"uid":"f9ec59f"}
[2019-12-02 22:23:48] UTN FRA LOGGER.INFO: ip =::1 [] {"uid":"f9ec59f"}
[2019-12-02 22:27:52] UTN FRA LOGGER.INFO: Datos  =PostmanRuntime/7.20.1 [] {"uid":"ded0554"}
[2019-12-02 22:27:52] UTN FRA LOGGER.INFO: ip =::1 [] {"uid":"ded0554"}
[2019-12-02 22:29:21] UTN FRA LOGGER.INFO: Datos  =PostmanRuntime/7.20.1 [] {"uid":"52d7fc7"}
[2019-12-02 22:29:21] UTN FRA LOGGER.INFO: ip =::1 [] {"uid":"52d7fc7"}
[2019-12-02 22:32:38] UTN FRA LOGGER.INFO: Datos  =PostmanRuntime/7.20.1 [] {"uid":"dd2f471"}
[2019-12-02 22:32:38] UTN FRA LOGGER.INFO: ip =::1 [] {"uid":"dd2f471"}
[2019-12-02 22:34:06] UTN FRA LOGGER.INFO: Datos  =PostmanRuntime/7.20.1 [] {"uid":"6f62093"}
[2019-12-02 22:34:06] UTN FRA LOGGER.INFO: ip =::1 [] {"uid":"6f62093"}
[2019-12-02 22:35:15] UTN FRA LOGGER.INFO: Datos  =PostmanRuntime/7.20.1 [] {"uid":"7aaa420"}
[2019-12-02 22:35:15] UTN FRA LOGGER.INFO: ip =::1 [] {"uid":"7aaa420"}
[2019-12-02 22:35:46] UTN FRA LOGGER.INFO: Datos  =PostmanRuntime/7.20.1 [] {"uid":"2cd9187"}
[2019-12-02 22:35:46] UTN FRA LOGGER.INFO: ip =::1 [] {"uid":"2cd9187"}
[2019-12-03 00:17:41] UTN FRA LOGGER.INFO: Datos  =PostmanRuntime/7.20.1 [] {"uid":"e61cfa7"}
[2019-12-03 00:17:41] UTN FRA LOGGER.INFO: ip =::1 [] {"uid":"e61cfa7"}
[2019-12-03 01:06:34] UTN FRA LOGGER.INFO: Datos  =PostmanRuntime/7.20.1 [] {"uid":"84b9f3b"}
[2019-12-03 01:06:34] UTN FRA LOGGER.INFO: ip =::1 [] {"uid":"84b9f3b"}
[2019-12-03 01:45:44] UTN FRA LOGGER.INFO: Datos  =PostmanRuntime/7.20.1 [] {"uid":"4abb7ca"}
[2019-12-03 01:45:44] UTN FRA LOGGER.INFO: ip =::1 [] {"uid":"4abb7ca"}
[2019-12-03 01:47:02] UTN FRA LOGGER.INFO: Datos  =PostmanRuntime/7.20.1 [] {"uid":"a8b5487"}
[2019-12-03 01:47:02] UTN FRA LOGGER.INFO: ip =::1 [] {"uid":"a8b5487"}
[2019-12-03 01:48:57] UTN FRA LOGGER.INFO: Datos  =PostmanRuntime/7.20.1 [] {"uid":"ac1a2cb"}
[2019-12-03 01:48:57] UTN FRA LOGGER.INFO: ip =::1 [] {"uid":"ac1a2cb"}
[2019-12-03 01:49:45] UTN FRA LOGGER.INFO: Datos  =PostmanRuntime/7.20.1 [] {"uid":"348f506"}
[2019-12-03 01:49:45] UTN FRA LOGGER.INFO: ip =::1 [] {"uid":"348f506"}
[2019-12-03 02:38:36] UTN FRA LOGGER.INFO: Datos  =PostmanRuntime/7.20.1 [] {"uid":"2b306fb"}
[2019-12-03 02:38:36] UTN FRA LOGGER.INFO: ip =::1 [] {"uid":"2b306fb"}
[2019-12-03 02:41:52] UTN FRA LOGGER.INFO: Datos  =PostmanRuntime/7.20.1 [] {"uid":"37d2f01"}
[2019-12-03 02:41:52] UTN FRA LOGGER.INFO: ip =::1 [] {"uid":"37d2f01"}
[2019-12-03 02:42:52] UTN FRA LOGGER.INFO: Datos  =PostmanRuntime/7.20.1 [] {"uid":"40a204e"}
[2019-12-03 02:42:52] UTN FRA LOGGER.INFO: ip =::1 [] {"uid":"40a204e"}
[2019-12-03 02:45:07] UTN FRA LOGGER.INFO: Datos  =PostmanRuntime/7.20.1 [] {"uid":"525e12a"}
[2019-12-03 02:45:07] UTN FRA LOGGER.INFO: ip =::1 [] {"uid":"525e12a"}
[2019-12-03 02:51:29] UTN FRA LOGGER.INFO: Datos  =PostmanRuntime/7.20.1 [] {"uid":"0a03571"}
[2019-12-03 02:51:29] UTN FRA LOGGER.INFO: ip =::1 [] {"uid":"0a03571"}
[2019-12-03 02:53:15] UTN FRA LOGGER.INFO: Datos  =PostmanRuntime/7.20.1 [] {"uid":"81c385f"}
[2019-12-03 02:53:15] UTN FRA LOGGER.INFO: ip =::1 [] {"uid":"81c385f"}
[2019-12-03 02:58:26] UTN FRA LOGGER.INFO: Datos  =PostmanRuntime/7.20.1 [] {"uid":"019842f"}
[2019-12-03 02:58:26] UTN FRA LOGGER.INFO: ip =::1 [] {"uid":"019842f"}
[2019-12-03 03:00:08] UTN FRA LOGGER.INFO: Datos  =PostmanRuntime/7.20.1 [] {"uid":"1e75cec"}
[2019-12-03 03:00:08] UTN FRA LOGGER.INFO: ip =::1 [] {"uid":"1e75cec"}
[2019-12-03 03:05:30] UTN FRA LOGGER.INFO: Datos  =PostmanRuntime/7.20.1 [] {"uid":"d7a9c02"}
[2019-12-03 03:05:30] UTN FRA LOGGER.INFO: ip =::1 [] {"uid":"d7a9c02"}
[2019-12-03 03:13:28] UTN FRA LOGGER.INFO: Datos  =PostmanRuntime/7.20.1 [] {"uid":"24c7ad7"}
[2019-12-03 03:13:28] UTN FRA LOGGER.INFO: ip =::1 [] {"uid":"24c7ad7"}
[2019-12-09 21:18:45] UTN FRA LOGGER.INFO: Datos  =PostmanRuntime/7.20.1 [] {"uid":"71025ca"}
[2019-12-09 21:18:45] UTN FRA LOGGER.INFO: ip =::1 [] {"uid":"71025ca"}
[2019-12-09 21:19:16] UTN FRA LOGGER.INFO: Datos  =PostmanRuntime/7.20.1 [] {"uid":"412272a"}
[2019-12-09 21:19:16] UTN FRA LOGGER.INFO: ip =::1 [] {"uid":"412272a"}
[2019-12-09 21:19:22] UTN FRA LOGGER.INFO: Datos  =PostmanRuntime/7.20.1 [] {"uid":"5747a3f"}
[2019-12-09 21:19:22] UTN FRA LOGGER.INFO: ip =::1 [] {"uid":"5747a3f"}
[2019-12-09 21:20:33] UTN FRA LOGGER.INFO: Datos  =PostmanRuntime/7.20.1 [] {"uid":"2c25bfa"}
[2019-12-09 21:20:33] UTN FRA LOGGER.INFO: ip =::1 [] {"uid":"2c25bfa"}
[2019-12-09 21:23:40] UTN FRA LOGGER.INFO: Datos  =PostmanRuntime/7.20.1 [] {"uid":"be05810"}
[2019-12-09 21:23:40] UTN FRA LOGGER.INFO: ip =::1 [] {"uid":"be05810"}
[2019-12-09 21:24:24] UTN FRA LOGGER.INFO: Datos  =PostmanRuntime/7.20.1 [] {"uid":"514c8cd"}
[2019-12-09 21:24:24] UTN FRA LOGGER.INFO: ip =::1 [] {"uid":"514c8cd"}
[2019-12-09 21:24:40] UTN FRA LOGGER.INFO: Datos  =PostmanRuntime/7.20.1 [] {"uid":"6c777a7"}
[2019-12-09 21:24:40] UTN FRA LOGGER.INFO: ip =::1 [] {"uid":"6c777a7"}
[2019-12-09 21:26:16] UTN FRA LOGGER.INFO: Datos  =PostmanRuntime/7.20.1 [] {"uid":"e46380b"}
[2019-12-09 21:26:16] UTN FRA LOGGER.INFO: ip =::1 [] {"uid":"e46380b"}
[2019-12-09 21:26:24] UTN FRA LOGGER.INFO: Datos  =PostmanRuntime/7.20.1 [] {"uid":"047bc0a"}
[2019-12-09 21:26:24] UTN FRA LOGGER.INFO: ip =::1 [] {"uid":"047bc0a"}
[2019-12-09 21:26:45] UTN FRA LOGGER.INFO: Datos  =PostmanRuntime/7.20.1 [] {"uid":"7c5a09b"}
[2019-12-09 21:26:45] UTN FRA LOGGER.INFO: ip =::1 [] {"uid":"7c5a09b"}
[2019-12-09 21:30:36] UTN FRA LOGGER.INFO: Datos  =PostmanRuntime/7.20.1 [] {"uid":"da7838c"}
[2019-12-09 21:30:36] UTN FRA LOGGER.INFO: ip =::1 [] {"uid":"da7838c"}
[2019-12-09 21:35:17] UTN FRA LOGGER.INFO: Datos  =PostmanRuntime/7.20.1 [] {"uid":"6b05f3c"}
[2019-12-09 21:35:17] UTN FRA LOGGER.INFO: ip =::1 [] {"uid":"6b05f3c"}
[2019-12-09 21:36:48] UTN FRA LOGGER.INFO: Datos  =PostmanRuntime/7.20.1 [] {"uid":"6fc7177"}
[2019-12-09 21:36:48] UTN FRA LOGGER.INFO: ip =::1 [] {"uid":"6fc7177"}
[2019-12-09 21:39:04] UTN FRA LOGGER.INFO: Datos  =PostmanRuntime/7.20.1 [] {"uid":"b129087"}
[2019-12-09 21:39:04] UTN FRA LOGGER.INFO: ip =::1 [] {"uid":"b129087"}
[2019-12-09 21:42:30] UTN FRA LOGGER.INFO: Datos  =PostmanRuntime/7.20.1 [] {"uid":"efbacf0"}
[2019-12-09 21:42:30] UTN FRA LOGGER.INFO: ip =::1 [] {"uid":"efbacf0"}
[2019-12-09 21:44:37] UTN FRA LOGGER.INFO: Datos  =PostmanRuntime/7.20.1 [] {"uid":"b36affa"}
[2019-12-09 21:44:37] UTN FRA LOGGER.INFO: ip =::1 [] {"uid":"b36affa"}
[2019-12-09 21:45:12] UTN FRA LOGGER.INFO: Datos  =PostmanRuntime/7.20.1 [] {"uid":"7acfa2b"}
[2019-12-09 21:45:12] UTN FRA LOGGER.INFO: ip =::1 [] {"uid":"7acfa2b"}
[2019-12-09 21:45:30] UTN FRA LOGGER.INFO: Datos  =PostmanRuntime/7.20.1 [] {"uid":"1d76d6a"}
[2019-12-09 21:45:30] UTN FRA LOGGER.INFO: ip =::1 [] {"uid":"1d76d6a"}
[2019-12-09 21:50:34] UTN FRA LOGGER.INFO: Datos  =PostmanRuntime/7.20.1 [] {"uid":"7084f95"}
[2019-12-09 21:50:34] UTN FRA LOGGER.INFO: ip =::1 [] {"uid":"7084f95"}
[2019-12-09 21:51:04] UTN FRA LOGGER.INFO: Datos  =PostmanRuntime/7.20.1 [] {"uid":"f0acf44"}
[2019-12-09 21:51:04] UTN FRA LOGGER.INFO: ip =::1 [] {"uid":"f0acf44"}
[2019-12-09 21:52:40] UTN FRA LOGGER.INFO: Datos  =PostmanRuntime/7.20.1 [] {"uid":"846b6bd"}
[2019-12-09 21:52:40] UTN FRA LOGGER.INFO: ip =::1 [] {"uid":"846b6bd"}
[2019-12-09 21:52:58] UTN FRA LOGGER.INFO: Datos  =PostmanRuntime/7.20.1 [] {"uid":"ef48b2f"}
[2019-12-09 21:52:58] UTN FRA LOGGER.INFO: ip =::1 [] {"uid":"ef48b2f"}
[2019-12-09 21:53:12] UTN FRA LOGGER.INFO: Datos  =PostmanRuntime/7.20.1 [] {"uid":"06eda0b"}
[2019-12-09 21:53:12] UTN FRA LOGGER.INFO: ip =::1 [] {"uid":"06eda0b"}
[2019-12-09 21:55:02] UTN FRA LOGGER.INFO: Datos  =PostmanRuntime/7.20.1 [] {"uid":"cd3a5cb"}
[2019-12-09 21:55:02] UTN FRA LOGGER.INFO: ip =::1 [] {"uid":"cd3a5cb"}
[2019-12-09 21:56:27] UTN FRA LOGGER.INFO: Datos  =PostmanRuntime/7.20.1 [] {"uid":"fc630c8"}
[2019-12-09 21:56:27] UTN FRA LOGGER.INFO: ip =::1 [] {"uid":"fc630c8"}
[2019-12-09 21:57:02] UTN FRA LOGGER.INFO: Datos  =PostmanRuntime/7.20.1 [] {"uid":"9d4e288"}
[2019-12-09 21:57:02] UTN FRA LOGGER.INFO: ip =::1 [] {"uid":"9d4e288"}
[2019-12-09 21:57:53] UTN FRA LOGGER.INFO: Datos  =PostmanRuntime/7.20.1 [] {"uid":"e9f7b82"}
[2019-12-09 21:57:53] UTN FRA LOGGER.INFO: ip =::1 [] {"uid":"e9f7b82"}
[2019-12-09 23:09:46] UTN FRA LOGGER.INFO: Datos  =PostmanRuntime/7.20.1 [] {"uid":"7115377"}
[2019-12-09 23:09:46] UTN FRA LOGGER.INFO: ip =::1 [] {"uid":"7115377"}
[2019-12-09 23:10:00] UTN FRA LOGGER.INFO: Datos  =PostmanRuntime/7.20.1 [] {"uid":"c4b115c"}
[2019-12-09 23:10:00] UTN FRA LOGGER.INFO: ip =::1 [] {"uid":"c4b115c"}
[2019-12-09 23:11:30] UTN FRA LOGGER.INFO: Datos  =PostmanRuntime/7.20.1 [] {"uid":"dfa1759"}
[2019-12-09 23:11:30] UTN FRA LOGGER.INFO: ip =::1 [] {"uid":"dfa1759"}
[2019-12-09 23:20:12] UTN FRA LOGGER.INFO: Datos  =PostmanRuntime/7.20.1 [] {"uid":"cbd9831"}
[2019-12-09 23:20:12] UTN FRA LOGGER.INFO: ip =::1 [] {"uid":"cbd9831"}
[2019-12-09 23:22:35] UTN FRA LOGGER.INFO: Datos  =PostmanRuntime/7.20.1 [] {"uid":"3db7e39"}
[2019-12-09 23:22:35] UTN FRA LOGGER.INFO: ip =::1 [] {"uid":"3db7e39"}
[2019-12-09 23:26:37] UTN FRA LOGGER.INFO: Datos  =PostmanRuntime/7.20.1 [] {"uid":"9890001"}
[2019-12-09 23:26:37] UTN FRA LOGGER.INFO: ip =::1 [] {"uid":"9890001"}
[2019-12-09 23:29:10] UTN FRA LOGGER.INFO: Datos  =PostmanRuntime/7.20.1 [] {"uid":"eab0b36"}
[2019-12-09 23:29:10] UTN FRA LOGGER.INFO: ip =::1 [] {"uid":"eab0b36"}
[2019-12-09 23:30:33] UTN FRA LOGGER.INFO: Datos  =PostmanRuntime/7.20.1 [] {"uid":"cb98961"}
[2019-12-09 23:30:33] UTN FRA LOGGER.INFO: ip =::1 [] {"uid":"cb98961"}
[2019-12-09 23:31:16] UTN FRA LOGGER.INFO: Datos  =PostmanRuntime/7.20.1 [] {"uid":"e7cdba0"}
[2019-12-09 23:31:16] UTN FRA LOGGER.INFO: ip =::1 [] {"uid":"e7cdba0"}
[2019-12-09 23:32:59] UTN FRA LOGGER.INFO: Datos  =PostmanRuntime/7.20.1 [] {"uid":"1e77d63"}
[2019-12-09 23:32:59] UTN FRA LOGGER.INFO: ip =::1 [] {"uid":"1e77d63"}
[2019-12-09 23:41:02] UTN FRA LOGGER.INFO: Datos  =PostmanRuntime/7.20.1 [] {"uid":"7ffa0db"}
[2019-12-09 23:41:02] UTN FRA LOGGER.INFO: ip =::1 [] {"uid":"7ffa0db"}
[2019-12-09 23:41:19] UTN FRA LOGGER.INFO: Datos  =PostmanRuntime/7.20.1 [] {"uid":"5c0149b"}
[2019-12-09 23:41:19] UTN FRA LOGGER.INFO: ip =::1 [] {"uid":"5c0149b"}
[2019-12-09 23:43:26] UTN FRA LOGGER.INFO: Datos  =PostmanRuntime/7.20.1 [] {"uid":"81edb08"}
[2019-12-09 23:43:26] UTN FRA LOGGER.INFO: ip =::1 [] {"uid":"81edb08"}
[2019-12-09 23:48:20] UTN FRA LOGGER.INFO: Datos  =PostmanRuntime/7.20.1 [] {"uid":"ef451d5"}
[2019-12-09 23:48:20] UTN FRA LOGGER.INFO: ip =::1 [] {"uid":"ef451d5"}
[2019-12-09 23:50:07] UTN FRA LOGGER.INFO: Datos  =PostmanRuntime/7.20.1 [] {"uid":"d22e4a8"}
[2019-12-09 23:50:07] UTN FRA LOGGER.INFO: ip =::1 [] {"uid":"d22e4a8"}
[2019-12-09 23:50:53] UTN FRA LOGGER.INFO: Datos  =PostmanRuntime/7.20.1 [] {"uid":"0ca6ff9"}
[2019-12-09 23:50:53] UTN FRA LOGGER.INFO: ip =::1 [] {"uid":"0ca6ff9"}
[2019-12-09 23:50:59] UTN FRA LOGGER.INFO: Datos  =PostmanRuntime/7.20.1 [] {"uid":"5592382"}
[2019-12-09 23:50:59] UTN FRA LOGGER.INFO: ip =::1 [] {"uid":"5592382"}
[2019-12-09 23:58:01] UTN FRA LOGGER.INFO: Datos  =PostmanRuntime/7.20.1 [] {"uid":"1737124"}
[2019-12-09 23:58:01] UTN FRA LOGGER.INFO: ip =::1 [] {"uid":"1737124"}
[2019-12-10 00:00:47] UTN FRA LOGGER.INFO: Datos  =PostmanRuntime/7.20.1 [] {"uid":"264d6ef"}
[2019-12-10 00:00:47] UTN FRA LOGGER.INFO: ip =::1 [] {"uid":"264d6ef"}
[2019-12-10 00:08:09] UTN FRA LOGGER.INFO: Datos  =PostmanRuntime/7.20.1 [] {"uid":"4ddb52a"}
[2019-12-10 00:08:09] UTN FRA LOGGER.INFO: ip =::1 [] {"uid":"4ddb52a"}
[2019-12-10 00:11:08] UTN FRA LOGGER.INFO: Datos  =PostmanRuntime/7.20.1 [] {"uid":"8579771"}
[2019-12-10 00:11:08] UTN FRA LOGGER.INFO: ip =::1 [] {"uid":"8579771"}
[2019-12-10 00:19:56] UTN FRA LOGGER.INFO: Datos  =PostmanRuntime/7.20.1 [] {"uid":"bc1689b"}
[2019-12-10 00:19:56] UTN FRA LOGGER.INFO: ip =::1 [] {"uid":"bc1689b"}
[2019-12-10 00:20:28] UTN FRA LOGGER.INFO: Datos  =PostmanRuntime/7.20.1 [] {"uid":"6b9f2e3"}
[2019-12-10 00:20:28] UTN FRA LOGGER.INFO: ip =::1 [] {"uid":"6b9f2e3"}
