{"caso":"POST","hora":"10:51:13","ruta":"http:\/\/localhost\/Programacion-3\/PracticaParcial\/RPP\/vehiculosAPI\/cargarVehiculo"}
{"caso":"POST","hora":"10:52:14","ruta":"http:\/\/localhost\/Programacion-3\/PracticaParcial\/RPP\/vehiculosAPI\/cargarVehiculo"}
{"caso":"POST","hora":"10:52:58","ruta":"http:\/\/localhost\/Programacion-3\/PracticaParcial\/RPP\/vehiculosAPI\/cargarVehiculo"}
{"caso":"POST","hora":"10:55:39","ruta":"http:\/\/localhost\/Programacion-3\/PracticaParcial\/RPP\/vehiculosAPI\/cargarVehiculo"}
{"caso":"GET","hora":"11:13:43","ruta":"http:\/\/localhost\/Programacion-3\/PracticaParcial\/RPP\/vehiculosAPI\/consultarVehiculo?patente=AAC&marca="}
{"caso":"GET","hora":"11:13:52","ruta":"http:\/\/localhost\/Programacion-3\/PracticaParcial\/RPP\/vehiculosAPI\/consultarVehiculo?patente=AAC&marca=Ford"}
{"caso":"GET","hora":"11:16:28","ruta":"http:\/\/localhost\/Programacion-3\/PracticaParcial\/RPP\/vehiculosAPI\/consultarVehiculo?patente=&marca=Ford"}
{"caso":"GET","hora":"11:16:35","ruta":"http:\/\/localhost\/Programacion-3\/PracticaParcial\/RPP\/vehiculosAPI\/consultarVehiculo?patente=&marca=chevrolet"}
{"caso":"GET","hora":"11:16:42","ruta":"http:\/\/localhost\/Programacion-3\/PracticaParcial\/RPP\/vehiculosAPI\/consultarVehiculo?patente=&marca=fiat"}
{"caso":"POST","hora":"11:50:19","ruta":"http:\/\/localhost\/Programacion-3\/PracticaParcial\/RPP\/vehiculosAPI\/cargarTipoServicio"}
{"caso":"POST","hora":"11:50:27","ruta":"http:\/\/localhost\/Programacion-3\/PracticaParcial\/RPP\/vehiculosAPI\/cargarTipoServicio"}
{"caso":"POST","hora":"11:50:37","ruta":"http:\/\/localhost\/Programacion-3\/PracticaParcial\/RPP\/vehiculosAPI\/cargarTipoServicio"}
{"caso":"POST","hora":"14:44:41","ruta":"http:\/\/localhost\/Programacion-3\/PracticaParcial\/RPP\/vehiculosAPI\/cargarVehiculo"}
{"caso":"GET","hora":"14:46:01","ruta":"http:\/\/localhost\/Programacion-3\/PracticaParcial\/RPP\/vehiculosAPI\/consultarVehiculo?patente=&marca=audi"}
{"caso":"GET","hora":"14:46:14","ruta":"http:\/\/localhost\/Programacion-3\/PracticaParcial\/RPP\/vehiculosAPI\/consultarVehiculo?patente=&marca=chevrolet"}
{"caso":"POST","hora":"14:50:24","ruta":"http:\/\/localhost\/Programacion-3\/PracticaParcial\/RPP\/vehiculosAPI\/cargarVehiculo"}
{"caso":"POST","hora":"14:50:56","ruta":"http:\/\/localhost\/Programacion-3\/PracticaParcial\/RPP\/vehiculosAPI\/cargarVehiculo"}
{"caso":"POST","hora":"14:51:08","ruta":"http:\/\/localhost\/Programacion-3\/PracticaParcial\/RPP\/vehiculosAPI\/cargarVehiculo"}
{"caso":"POST","hora":"14:54:12","ruta":"http:\/\/localhost\/Programacion-3\/PracticaParcial\/RPP\/vehiculosAPI\/cargarVehiculo"}
{"caso":"POST","hora":"14:54:18","ruta":"http:\/\/localhost\/Programacion-3\/PracticaParcial\/RPP\/vehiculosAPI\/cargarVehiculo"}
{"caso":"POST","hora":"15:49:29","ruta":"http:\/\/localhost\/Programacion-3\/PracticaParcial\/RPP\/vehiculosAPI\/cargarVehiculo"}
{"caso":"POST","hora":"15:55:23","ruta":"http:\/\/localhost\/Programacion-3\/PracticaParcial\/RPP\/vehiculosAPI\/cargarVehiculo"}
{"caso":"GET","hora":"15:55:54","ruta":"http:\/\/localhost\/Programacion-3\/PracticaParcial\/RPP\/vehiculosAPI\/consultarVehiculo?patente=&marca=chevrolet"}
{"caso":"GET","hora":"15:56:11","ruta":"http:\/\/localhost\/Programacion-3\/PracticaParcial\/RPP\/vehiculosAPI\/consultarVehiculo?patente=AAF&marca=chevrolet"}
{"caso":"GET","hora":"15:56:17","ruta":"http:\/\/localhost\/Programacion-3\/PracticaParcial\/RPP\/vehiculosAPI\/consultarVehiculo?patente=AAF"}
{"caso":"GET","hora":"15:56:28","ruta":"http:\/\/localhost\/Programacion-3\/PracticaParcial\/RPP\/vehiculosAPI\/consultarVehiculo?patente=AAG"}
{"caso":"POST","hora":"15:57:11","ruta":"http:\/\/localhost\/Programacion-3\/PracticaParcial\/RPP\/vehiculosAPI\/cargarTipoServicio"}
{"caso":"POST","hora":"15:57:22","ruta":"http:\/\/localhost\/Programacion-3\/PracticaParcial\/RPP\/vehiculosAPI\/cargarTipoServicio"}
{"caso":"GET","hora":"15:59:22","ruta":"http:\/\/localhost\/Programacion-3\/PracticaParcial\/RPP\/vehiculosAPI\/servicios?fecha=lunes"}
{"caso":"GET","hora":"15:59:31","ruta":"http:\/\/localhost\/Programacion-3\/PracticaParcial\/RPP\/vehiculosAPI\/servicios?fecha=miercoles"}
{"caso":"GET","hora":"15:59:47","ruta":"http:\/\/localhost\/Programacion-3\/PracticaParcial\/RPP\/vehiculosAPI\/servicios?fecha=miercoles"}
{"caso":"GET","hora":"15:59:51","ruta":"http:\/\/localhost\/Programacion-3\/PracticaParcial\/RPP\/vehiculosAPI\/servicios?tipo=10000&fecha=miercoles"}
{"caso":"GET","hora":"15:59:57","ruta":"http:\/\/localhost\/Programacion-3\/PracticaParcial\/RPP\/vehiculosAPI\/servicios?tipo=10000"}
{"caso":"GET","hora":"16:01:30","ruta":"http:\/\/localhost\/Programacion-3\/PracticaParcial\/RPP\/vehiculosAPI\/servicios?tipo=10000"}
{"caso":"GET","hora":"16:01:36","ruta":"http:\/\/localhost\/Programacion-3\/PracticaParcial\/RPP\/vehiculosAPI\/servicios?fecha=miercoles"}
{"caso":"GET","hora":"16:02:36","ruta":"http:\/\/localhost\/Programacion-3\/PracticaParcial\/RPP\/vehiculosAPI\/servicios?fecha=miercoles"}
